2025-06-10T14:27:03.966+0900 [DEBUG] [org.gradle.launcher.daemon.bootstrap.DaemonMain] Assuming the daemon was started with following jvm opts: [--add-opens=java.base/java.util=ALL-UNNAMED, --add-opens=java.base/java.lang=ALL-UNNAMED, --add-opens=java.base/java.lang.invoke=ALL-UNNAMED, --add-opens=java.prefs/java.util.prefs=ALL-UNNAMED, --add-opens=java.base/java.nio.charset=ALL-UNNAMED, --add-opens=java.base/java.net=ALL-UNNAMED, --add-opens=java.base/java.util.concurrent.atomic=ALL-UNNAMED, -XX:MaxMetaspaceSize=384m, -XX:+HeapDumpOnOutOfMemoryError, -Xms256m, -Xmx512m, -Dfile.encoding=UTF-8, -Duser.country=KR, -Duser.language=ko, -Duser.variant]
2025-06-10T14:27:04.113+0900 [INFO] [org.gradle.launcher.daemon.server.Daemon] start() called on daemon - DefaultDaemonContext[uid=284d6bc2-b548-4cd7-8b61-b2705b251181,javaHome=/Users/guddn/Library/Java/JavaVirtualMachines/ms-17.0.15/Contents/Home,javaVersion=17,daemonRegistryDir=/Users/guddn/Desktop/KB_FullStack/03_JAVA/daemon,pid=72080,idleTimeout=10800000,priority=NORMAL,applyInstrumentationAgent=true,nativeServicesMode=ENABLED,daemonOpts=--add-opens=java.base/java.util=ALL-UNNAMED,--add-opens=java.base/java.lang=ALL-UNNAMED,--add-opens=java.base/java.lang.invoke=ALL-UNNAMED,--add-opens=java.prefs/java.util.prefs=ALL-UNNAMED,--add-opens=java.base/java.nio.charset=ALL-UNNAMED,--add-opens=java.base/java.net=ALL-UNNAMED,--add-opens=java.base/java.util.concurrent.atomic=ALL-UNNAMED,-XX:MaxMetaspaceSize=384m,-XX:+HeapDumpOnOutOfMemoryError,-Xms256m,-Xmx512m,-Dfile.encoding=UTF-8,-Duser.country=KR,-Duser.language=ko,-Duser.variant]
2025-06-10T14:27:04.151+0900 [DEBUG] [org.gradle.internal.remote.internal.inet.InetAddresses] Adding IP addresses for network interface utun5
2025-06-10T14:27:04.151+0900 [DEBUG] [org.gradle.internal.remote.internal.inet.InetAddresses] Is this a loopback interface? false
2025-06-10T14:27:04.152+0900 [DEBUG] [org.gradle.internal.remote.internal.inet.InetAddresses] Adding remote address /fe80:0:0:0:d4c0:cf86:415e:b149%utun5
2025-06-10T14:27:04.152+0900 [DEBUG] [org.gradle.internal.remote.internal.inet.InetAddresses] Adding IP addresses for network interface utun4
2025-06-10T14:27:04.152+0900 [DEBUG] [org.gradle.internal.remote.internal.inet.InetAddresses] Is this a loopback interface? false
2025-06-10T14:27:04.153+0900 [DEBUG] [org.gradle.internal.remote.internal.inet.InetAddresses] Adding remote address /fe80:0:0:0:6e4d:375e:23e4:e64%utun4
2025-06-10T14:27:04.153+0900 [DEBUG] [org.gradle.internal.remote.internal.inet.InetAddresses] Adding IP addresses for network interface utun3
2025-06-10T14:27:04.153+0900 [DEBUG] [org.gradle.internal.remote.internal.inet.InetAddresses] Is this a loopback interface? false
2025-06-10T14:27:04.153+0900 [DEBUG] [org.gradle.internal.remote.internal.inet.InetAddresses] Adding remote address /fe80:0:0:0:ce81:b1c:bd2c:69e%utun3
2025-06-10T14:27:04.153+0900 [DEBUG] [org.gradle.internal.remote.internal.inet.InetAddresses] Adding IP addresses for network interface utun2
2025-06-10T14:27:04.153+0900 [DEBUG] [org.gradle.internal.remote.internal.inet.InetAddresses] Is this a loopback interface? false
2025-06-10T14:27:04.153+0900 [DEBUG] [org.gradle.internal.remote.internal.inet.InetAddresses] Adding remote address /fe80:0:0:0:e2dd:fe8a:1d01:e350%utun2
2025-06-10T14:27:04.153+0900 [DEBUG] [org.gradle.internal.remote.internal.inet.InetAddresses] Adding IP addresses for network interface utun1
2025-06-10T14:27:04.154+0900 [DEBUG] [org.gradle.internal.remote.internal.inet.InetAddresses] Is this a loopback interface? false
2025-06-10T14:27:04.154+0900 [DEBUG] [org.gradle.internal.remote.internal.inet.InetAddresses] Adding remote address /fe80:0:0:0:920b:5c29:faf2:cb88%utun1
2025-06-10T14:27:04.154+0900 [DEBUG] [org.gradle.internal.remote.internal.inet.InetAddresses] Adding IP addresses for network interface utun0
2025-06-10T14:27:04.154+0900 [DEBUG] [org.gradle.internal.remote.internal.inet.InetAddresses] Is this a loopback interface? false
2025-06-10T14:27:04.154+0900 [DEBUG] [org.gradle.internal.remote.internal.inet.InetAddresses] Adding remote address /fe80:0:0:0:c9ef:cbaf:859a:48f1%utun0
2025-06-10T14:27:04.154+0900 [DEBUG] [org.gradle.internal.remote.internal.inet.InetAddresses] Adding IP addresses for network interface llw0
2025-06-10T14:27:04.154+0900 [DEBUG] [org.gradle.internal.remote.internal.inet.InetAddresses] Is this a loopback interface? false
2025-06-10T14:27:04.154+0900 [DEBUG] [org.gradle.internal.remote.internal.inet.InetAddresses] Adding remote address /fe80:0:0:0:8071:8dff:fe43:9e5c%llw0
2025-06-10T14:27:04.154+0900 [DEBUG] [org.gradle.internal.remote.internal.inet.InetAddresses] Adding IP addresses for network interface awdl0
2025-06-10T14:27:04.155+0900 [DEBUG] [org.gradle.internal.remote.internal.inet.InetAddresses] Is this a loopback interface? false
2025-06-10T14:27:04.155+0900 [DEBUG] [org.gradle.internal.remote.internal.inet.InetAddresses] Adding remote address /fe80:0:0:0:8071:8dff:fe43:9e5c%awdl0
2025-06-10T14:27:04.155+0900 [DEBUG] [org.gradle.internal.remote.internal.inet.InetAddresses] Adding IP addresses for network interface en0
2025-06-10T14:27:04.155+0900 [DEBUG] [org.gradle.internal.remote.internal.inet.InetAddresses] Is this a loopback interface? false
2025-06-10T14:27:04.155+0900 [DEBUG] [org.gradle.internal.remote.internal.inet.InetAddresses] Adding remote address /fe80:0:0:0:c1e:b4a3:337d:765%en0
2025-06-10T14:27:04.156+0900 [DEBUG] [org.gradle.internal.remote.internal.inet.InetAddresses] Adding remote address /192.168.50.79
2025-06-10T14:27:04.156+0900 [DEBUG] [org.gradle.internal.remote.internal.inet.InetAddresses] Adding IP addresses for network interface lo0
2025-06-10T14:27:04.156+0900 [DEBUG] [org.gradle.internal.remote.internal.inet.InetAddresses] Is this a loopback interface? true
2025-06-10T14:27:04.156+0900 [DEBUG] [org.gradle.internal.remote.internal.inet.InetAddresses] Ignoring remote address on loopback interface /fe80:0:0:0:0:0:0:1%lo0
2025-06-10T14:27:04.156+0900 [DEBUG] [org.gradle.internal.remote.internal.inet.InetAddresses] Adding loopback address /0:0:0:0:0:0:0:1%lo0
2025-06-10T14:27:04.157+0900 [DEBUG] [org.gradle.internal.remote.internal.inet.InetAddresses] Adding loopback address /127.0.0.1
2025-06-10T14:27:04.162+0900 [DEBUG] [org.gradle.internal.remote.internal.inet.TcpIncomingConnector] Listening on [1b4cfe1f-1550-46e3-b9cc-4ddada3d361a port:57339, addresses:[localhost/127.0.0.1]].
2025-06-10T14:27:04.168+0900 [DEBUG] [org.gradle.launcher.daemon.server.Daemon] Daemon starting at: Tue Jun 10 14:27:04 KST 2025, with address: [1b4cfe1f-1550-46e3-b9cc-4ddada3d361a port:57339, addresses:[localhost/127.0.0.1]]
2025-06-10T14:27:04.169+0900 [INFO] [org.gradle.launcher.daemon.server.DaemonRegistryUpdater] Advertising the daemon address to the clients: [1b4cfe1f-1550-46e3-b9cc-4ddada3d361a port:57339, addresses:[localhost/127.0.0.1]]
2025-06-10T14:27:04.169+0900 [DEBUG] [org.gradle.launcher.daemon.server.DaemonRegistryUpdater] Advertised daemon context: DefaultDaemonContext[uid=284d6bc2-b548-4cd7-8b61-b2705b251181,javaHome=/Users/guddn/Library/Java/JavaVirtualMachines/ms-17.0.15/Contents/Home,javaVersion=17,daemonRegistryDir=/Users/guddn/Desktop/KB_FullStack/03_JAVA/daemon,pid=72080,idleTimeout=10800000,priority=NORMAL,applyInstrumentationAgent=true,nativeServicesMode=ENABLED,daemonOpts=--add-opens=java.base/java.util=ALL-UNNAMED,--add-opens=java.base/java.lang=ALL-UNNAMED,--add-opens=java.base/java.lang.invoke=ALL-UNNAMED,--add-opens=java.prefs/java.util.prefs=ALL-UNNAMED,--add-opens=java.base/java.nio.charset=ALL-UNNAMED,--add-opens=java.base/java.net=ALL-UNNAMED,--add-opens=java.base/java.util.concurrent.atomic=ALL-UNNAMED,-XX:MaxMetaspaceSize=384m,-XX:+HeapDumpOnOutOfMemoryError,-Xms256m,-Xmx512m,-Dfile.encoding=UTF-8,-Duser.country=KR,-Duser.language=ko,-Duser.variant]
2025-06-10T14:27:04.169+0900 [DEBUG] [org.gradle.launcher.daemon.registry.PersistentDaemonRegistry] Storing daemon address: [1b4cfe1f-1550-46e3-b9cc-4ddada3d361a port:57339, addresses:[localhost/127.0.0.1]], context: DefaultDaemonContext[uid=284d6bc2-b548-4cd7-8b61-b2705b251181,javaHome=/Users/guddn/Library/Java/JavaVirtualMachines/ms-17.0.15/Contents/Home,javaVersion=17,daemonRegistryDir=/Users/guddn/Desktop/KB_FullStack/03_JAVA/daemon,pid=72080,idleTimeout=10800000,priority=NORMAL,applyInstrumentationAgent=true,nativeServicesMode=ENABLED,daemonOpts=--add-opens=java.base/java.util=ALL-UNNAMED,--add-opens=java.base/java.lang=ALL-UNNAMED,--add-opens=java.base/java.lang.invoke=ALL-UNNAMED,--add-opens=java.prefs/java.util.prefs=ALL-UNNAMED,--add-opens=java.base/java.nio.charset=ALL-UNNAMED,--add-opens=java.base/java.net=ALL-UNNAMED,--add-opens=java.base/java.util.concurrent.atomic=ALL-UNNAMED,-XX:MaxMetaspaceSize=384m,-XX:+HeapDumpOnOutOfMemoryError,-Xms256m,-Xmx512m,-Dfile.encoding=UTF-8,-Duser.country=KR,-Duser.language=ko,-Duser.variant]
2025-06-10T14:27:04.178+0900 [DEBUG] [org.gradle.cache.internal.DefaultFileLockManager] Waiting to acquire exclusive lock on daemon addresses registry.
2025-06-10T14:27:04.180+0900 [DEBUG] [org.gradle.cache.internal.DefaultFileLockManager] Lock acquired on daemon addresses registry.
2025-06-10T14:27:04.184+0900 [DEBUG] [org.gradle.cache.internal.DefaultFileLockManager] Releasing lock on daemon addresses registry.
2025-06-10T14:27:04.184+0900 [LIFECYCLE] [org.gradle.launcher.daemon.server.Daemon] Daemon server started.
2025-06-10T14:27:04.185+0900 [DEBUG] [org.gradle.launcher.daemon.bootstrap.DaemonStartupCommunication] Completed writing the daemon greeting. Closing streams...
2025-06-10T14:27:04.189+0900 [DEBUG] [org.gradle.launcher.daemon.server.Daemon] stopOnExpiration() called on daemon
2025-06-10T14:27:04.190+0900 [DEBUG] [org.gradle.launcher.daemon.server.Daemon] awaitExpiration() called on daemon
2025-06-10T14:27:04.190+0900 [DEBUG] [org.gradle.launcher.daemon.server.DaemonStateCoordinator] daemon is running. Sleeping until state changes.
2025-06-10T14:27:04.198+0900 [DEBUG] [org.gradle.internal.remote.internal.inet.TcpIncomingConnector] Accepted connection from /127.0.0.1:57340 to /127.0.0.1:57339.
2025-06-10T14:27:04.226+0900 [DEBUG] [org.gradle.launcher.daemon.server.SynchronizedDispatchConnection] thread 21: received class org.gradle.launcher.daemon.protocol.Build
2025-06-10T14:27:04.226+0900 [DEBUG] [org.gradle.launcher.daemon.server.DefaultDaemonConnection] thread 21: Received non-IO message from client: Build{id=baf18ef7-29aa-4fc0-9fc8-fb0090454204, currentDir=/Users/guddn/Desktop/KB_FullStack/08_spring}
2025-06-10T14:27:04.227+0900 [INFO] [org.gradle.launcher.daemon.server.DefaultIncomingConnectionHandler] Received command: Build{id=baf18ef7-29aa-4fc0-9fc8-fb0090454204, currentDir=/Users/guddn/Desktop/KB_FullStack/08_spring}.
2025-06-10T14:27:04.227+0900 [DEBUG] [org.gradle.launcher.daemon.server.DefaultIncomingConnectionHandler] Starting executing command: Build{id=baf18ef7-29aa-4fc0-9fc8-fb0090454204, currentDir=/Users/guddn/Desktop/KB_FullStack/08_spring} with connection: socket connection from /127.0.0.1:57339 to /127.0.0.1:57340.
2025-06-10T14:27:04.228+0900 [DEBUG] [org.gradle.launcher.daemon.server.DaemonStateCoordinator] Command execution: started DaemonCommandExecution[command = Build{id=baf18ef7-29aa-4fc0-9fc8-fb0090454204, currentDir=/Users/guddn/Desktop/KB_FullStack/08_spring}, connection = DefaultDaemonConnection: socket connection from /127.0.0.1:57339 to /127.0.0.1:57340] after 0.0 minutes of idle
2025-06-10T14:27:04.228+0900 [INFO] [org.gradle.launcher.daemon.server.DaemonRegistryUpdater] Marking the daemon as busy, address: [1b4cfe1f-1550-46e3-b9cc-4ddada3d361a port:57339, addresses:[localhost/127.0.0.1]]
2025-06-10T14:27:04.228+0900 [DEBUG] [org.gradle.launcher.daemon.registry.PersistentDaemonRegistry] Marking busy by address: [1b4cfe1f-1550-46e3-b9cc-4ddada3d361a port:57339, addresses:[localhost/127.0.0.1]]
2025-06-10T14:27:04.228+0900 [DEBUG] [org.gradle.cache.internal.DefaultFileLockManager] Waiting to acquire exclusive lock on daemon addresses registry.
2025-06-10T14:27:04.229+0900 [DEBUG] [org.gradle.cache.internal.DefaultFileLockManager] Lock acquired on daemon addresses registry.
2025-06-10T14:27:04.229+0900 [DEBUG] [org.gradle.cache.internal.DefaultFileLockManager] Releasing lock on daemon addresses registry.
2025-06-10T14:27:04.229+0900 [DEBUG] [org.gradle.launcher.daemon.server.DaemonStateCoordinator] resetting idle timer
2025-06-10T14:27:04.229+0900 [DEBUG] [org.gradle.launcher.daemon.server.DaemonStateCoordinator] daemon is running. Sleeping until state changes.
2025-06-10T14:27:04.230+0900 [INFO] [org.gradle.launcher.daemon.server.exec.StartBuildOrRespondWithBusy] Daemon is about to start building Build{id=baf18ef7-29aa-4fc0-9fc8-fb0090454204, currentDir=/Users/guddn/Desktop/KB_FullStack/08_spring}. Dispatching build started information...
2025-06-10T14:27:04.230+0900 [DEBUG] [org.gradle.launcher.daemon.server.SynchronizedDispatchConnection] thread 23: dispatching org.gradle.launcher.daemon.protocol.BuildStarted@2c5dc093
2025-06-10T14:27:04.231+0900 [DEBUG] [org.gradle.launcher.daemon.server.exec.EstablishBuildEnvironment] Configuring env variables: [PATH, JAVA_HOME, HOMEBREW_PREFIX, COMMAND_MODE, NVM_INC, TTY, LOGNAME, HOMEBREW_REPOSITORY, XPC_SERVICE_NAME, INFOPATH, __CFBundleIdentifier, NVM_CD_FLAGS, SHELL_PID, NVM_DIR, SHELL, PAGER, LSCOLORS, OLDPWD, HOMEBREW_CELLAR, USER, ZSH, TMPDIR, SSH_AUTH_SOCK, XPC_FLAGS, Q_SET_PARENT_CHECK, __CF_USER_TEXT_ENCODING, LESS, LC_CTYPE, LS_COLORS, NVM_BIN, HOME]
2025-06-10T14:27:04.233+0900 [DEBUG] [org.gradle.launcher.daemon.server.exec.LogToClient] About to start relaying all logs to the client via the connection.
2025-06-10T14:27:04.233+0900 [INFO] [org.gradle.launcher.daemon.server.exec.LogToClient] The client will now receive all logging from the daemon (pid: 72080). The daemon log file: /Users/guddn/Desktop/KB_FullStack/03_JAVA/daemon/8.8/daemon-72080.out.log
2025-06-10T14:27:04.234+0900 [INFO] [org.gradle.launcher.daemon.server.exec.LogAndCheckHealth] Starting build in new daemon [memory: 512 MiB]
2025-06-10T14:27:04.234+0900 [DEBUG] [org.gradle.launcher.daemon.server.exec.ExecuteBuild] The daemon has started executing the build.
2025-06-10T14:27:04.235+0900 [DEBUG] [org.gradle.launcher.daemon.server.exec.ExecuteBuild] Executing build with daemon context: DefaultDaemonContext[uid=284d6bc2-b548-4cd7-8b61-b2705b251181,javaHome=/Users/guddn/Library/Java/JavaVirtualMachines/ms-17.0.15/Contents/Home,javaVersion=17,daemonRegistryDir=/Users/guddn/Desktop/KB_FullStack/03_JAVA/daemon,pid=72080,idleTimeout=10800000,priority=NORMAL,applyInstrumentationAgent=true,nativeServicesMode=ENABLED,daemonOpts=--add-opens=java.base/java.util=ALL-UNNAMED,--add-opens=java.base/java.lang=ALL-UNNAMED,--add-opens=java.base/java.lang.invoke=ALL-UNNAMED,--add-opens=java.prefs/java.util.prefs=ALL-UNNAMED,--add-opens=java.base/java.nio.charset=ALL-UNNAMED,--add-opens=java.base/java.net=ALL-UNNAMED,--add-opens=java.base/java.util.concurrent.atomic=ALL-UNNAMED,-XX:MaxMetaspaceSize=384m,-XX:+HeapDumpOnOutOfMemoryError,-Xms256m,-Xmx512m,-Dfile.encoding=UTF-8,-Duser.country=KR,-Duser.language=ko,-Duser.variant]

Deprecated Gradle features were used in this build, making it incompatible with Gradle 9.0.

You can use '--warning-mode all' to show the individual deprecation warnings and determine if they come from your own scripts or plugins.

For more on this, please refer to https://docs.gradle.org/8.8/userguide/command_line_interface.html#sec:command_line_warnings in the Gradle documentation.

BUILD SUCCESSFUL in 3s
2025-06-10T14:27:06.852+0900 [DEBUG] [org.gradle.launcher.daemon.server.exec.ExecuteBuild] The daemon has finished executing the build.
2025-06-10T14:27:06.856+0900 [DEBUG] [org.gradle.launcher.daemon.server.DaemonStateCoordinator] daemon is running. Sleeping until state changes.
2025-06-10T14:27:06.856+0900 [DEBUG] [org.gradle.launcher.daemon.server.DaemonStateCoordinator] Command execution: finished waiting for DaemonCommandExecution[command = Build{id=baf18ef7-29aa-4fc0-9fc8-fb0090454204, currentDir=/Users/guddn/Desktop/KB_FullStack/08_spring}, connection = DefaultDaemonConnection: socket connection from /127.0.0.1:57339 to /127.0.0.1:57340]. Result org.gradle.launcher.daemon.server.DaemonStateCoordinator@6777c53f with state Busy
2025-06-10T14:27:06.856+0900 [DEBUG] [org.gradle.launcher.daemon.server.DaemonStateCoordinator] Command execution: completed DaemonCommandExecution[command = Build{id=baf18ef7-29aa-4fc0-9fc8-fb0090454204, currentDir=/Users/guddn/Desktop/KB_FullStack/08_spring}, connection = DefaultDaemonConnection: socket connection from /127.0.0.1:57339 to /127.0.0.1:57340]
2025-06-10T14:27:06.856+0900 [DEBUG] [org.gradle.launcher.daemon.server.DaemonStateCoordinator] resetting idle timer
2025-06-10T14:27:06.856+0900 [INFO] [org.gradle.launcher.daemon.server.DaemonRegistryUpdater] Marking the daemon as idle, address: [1b4cfe1f-1550-46e3-b9cc-4ddada3d361a port:57339, addresses:[localhost/127.0.0.1]]
2025-06-10T14:27:06.857+0900 [DEBUG] [org.gradle.launcher.daemon.registry.PersistentDaemonRegistry] Marking busy by address: [1b4cfe1f-1550-46e3-b9cc-4ddada3d361a port:57339, addresses:[localhost/127.0.0.1]]
2025-06-10T14:27:06.857+0900 [DEBUG] [org.gradle.cache.internal.DefaultFileLockManager] Waiting to acquire exclusive lock on daemon addresses registry.
2025-06-10T14:27:06.857+0900 [DEBUG] [org.gradle.cache.internal.DefaultFileLockManager] Lock acquired on daemon addresses registry.
2025-06-10T14:27:06.857+0900 [DEBUG] [org.gradle.cache.internal.DefaultFileLockManager] Releasing lock on daemon addresses registry.
2025-06-10T14:27:06.857+0900 [DEBUG] [org.gradle.launcher.daemon.server.DaemonStateCoordinator] daemon is running. Sleeping until state changes.
2025-06-10T14:27:06.857+0900 [DEBUG] [org.gradle.launcher.daemon.server.exec.ReturnResult] Daemon is dispatching the build result: Success[value=org.gradle.launcher.exec.BuildActionResult@3c272df3]
2025-06-10T14:27:06.858+0900 [DEBUG] [org.gradle.launcher.daemon.server.SynchronizedDispatchConnection] thread 20: dispatching Success[value=org.gradle.launcher.exec.BuildActionResult@3c272df3]
2025-06-10T14:27:06.858+0900 [DEBUG] [org.gradle.launcher.daemon.server.SynchronizedDispatchConnection] thread 21: received class org.gradle.launcher.daemon.protocol.CloseInput
2025-06-10T14:27:06.858+0900 [DEBUG] [org.gradle.launcher.daemon.server.exec.CleanUpVirtualFileSystemAfterBuild] Cleaning virtual file system after build finished
2025-06-10T14:27:06.858+0900 [DEBUG] [org.gradle.launcher.daemon.server.DefaultDaemonConnection] thread 21: Received IO message from client: org.gradle.launcher.daemon.protocol.CloseInput@5c8a2c6
2025-06-10T14:27:06.859+0900 [DEBUG] [org.gradle.launcher.daemon.server.SynchronizedDispatchConnection] thread 21: received class org.gradle.launcher.daemon.protocol.Finished
2025-06-10T14:27:06.859+0900 [DEBUG] [org.gradle.launcher.daemon.server.DefaultDaemonConnection] thread 21: Received non-IO message from client: org.gradle.launcher.daemon.protocol.Finished@39279632
2025-06-10T14:27:06.859+0900 [DEBUG] [org.gradle.launcher.daemon.server.DefaultIncomingConnectionHandler] Finishing executing command: Build{id=baf18ef7-29aa-4fc0-9fc8-fb0090454204, currentDir=/Users/guddn/Desktop/KB_FullStack/08_spring}
2025-06-10T14:27:06.859+0900 [DEBUG] [org.gradle.launcher.daemon.server.DefaultIncomingConnectionHandler] Received finished message: org.gradle.launcher.daemon.protocol.Finished@39279632
2025-06-10T14:27:06.859+0900 [DEBUG] [org.gradle.launcher.daemon.server.SynchronizedDispatchConnection] thread 20: stopping connection
2025-06-10T14:27:06.859+0900 [DEBUG] [org.gradle.internal.remote.internal.inet.SocketConnection] Discarding EOFException: java.io.EOFException
2025-06-10T14:27:06.859+0900 [DEBUG] [org.gradle.launcher.daemon.server.SynchronizedDispatchConnection] thread 21: received null
2025-06-10T14:27:06.860+0900 [DEBUG] [org.gradle.launcher.daemon.server.DefaultDaemonConnection] thread 21: Received end-of-input from client.
2025-06-10T14:27:06.862+0900 [DEBUG] [org.gradle.launcher.daemon.server.SynchronizedDispatchConnection] thread 20: stopping connection
2025-06-10T14:27:14.196+0900 [DEBUG] [org.gradle.cache.internal.DefaultFileLockManager] Waiting to acquire shared lock on daemon addresses registry.
2025-06-10T14:27:14.197+0900 [DEBUG] [org.gradle.cache.internal.DefaultFileLockManager] Lock acquired on daemon addresses registry.
2025-06-10T14:27:14.197+0900 [DEBUG] [org.gradle.cache.internal.DefaultFileLockManager] Releasing lock on daemon addresses registry.
2025-06-10T14:27:14.198+0900 [DEBUG] [org.gradle.cache.internal.DefaultFileLockManager] Waiting to acquire shared lock on daemon addresses registry.
2025-06-10T14:27:14.198+0900 [DEBUG] [org.gradle.cache.internal.DefaultFileLockManager] Lock acquired on daemon addresses registry.
2025-06-10T14:27:14.198+0900 [DEBUG] [org.gradle.cache.internal.DefaultFileLockManager] Releasing lock on daemon addresses registry.
2025-06-10T14:27:24.195+0900 [DEBUG] [org.gradle.cache.internal.DefaultFileLockManager] Waiting to acquire shared lock on daemon addresses registry.
2025-06-10T14:27:24.197+0900 [DEBUG] [org.gradle.cache.internal.DefaultFileLockManager] Lock acquired on daemon addresses registry.
2025-06-10T14:27:24.198+0900 [DEBUG] [org.gradle.cache.internal.DefaultFileLockManager] Releasing lock on daemon addresses registry.
2025-06-10T14:27:24.199+0900 [DEBUG] [org.gradle.cache.internal.DefaultFileLockManager] Waiting to acquire shared lock on daemon addresses registry.
2025-06-10T14:27:24.199+0900 [DEBUG] [org.gradle.cache.internal.DefaultFileLockManager] Lock acquired on daemon addresses registry.
2025-06-10T14:27:24.199+0900 [DEBUG] [org.gradle.cache.internal.DefaultFileLockManager] Releasing lock on daemon addresses registry.
2025-06-10T14:27:24.200+0900 [DEBUG] [org.gradle.cache.internal.DefaultFileLockManager] Waiting to acquire shared lock on daemon addresses registry.
2025-06-10T14:27:24.200+0900 [DEBUG] [org.gradle.cache.internal.DefaultFileLockManager] Lock acquired on daemon addresses registry.
2025-06-10T14:27:24.200+0900 [DEBUG] [org.gradle.cache.internal.DefaultFileLockManager] Releasing lock on daemon addresses registry.
2025-06-10T14:27:34.195+0900 [DEBUG] [org.gradle.cache.internal.DefaultFileLockManager] Waiting to acquire shared lock on daemon addresses registry.
2025-06-10T14:27:34.197+0900 [DEBUG] [org.gradle.cache.internal.DefaultFileLockManager] Lock acquired on daemon addresses registry.
2025-06-10T14:27:34.198+0900 [DEBUG] [org.gradle.cache.internal.DefaultFileLockManager] Releasing lock on daemon addresses registry.
2025-06-10T14:27:34.199+0900 [DEBUG] [org.gradle.cache.internal.DefaultFileLockManager] Waiting to acquire shared lock on daemon addresses registry.
2025-06-10T14:27:34.199+0900 [DEBUG] [org.gradle.cache.internal.DefaultFileLockManager] Lock acquired on daemon addresses registry.
2025-06-10T14:27:34.200+0900 [DEBUG] [org.gradle.cache.internal.DefaultFileLockManager] Releasing lock on daemon addresses registry.
2025-06-10T14:27:34.200+0900 [DEBUG] [org.gradle.cache.internal.DefaultFileLockManager] Waiting to acquire shared lock on daemon addresses registry.
2025-06-10T14:27:34.200+0900 [DEBUG] [org.gradle.cache.internal.DefaultFileLockManager] Lock acquired on daemon addresses registry.
2025-06-10T14:27:34.201+0900 [DEBUG] [org.gradle.cache.internal.DefaultFileLockManager] Releasing lock on daemon addresses registry.
2025-06-10T14:27:44.196+0900 [DEBUG] [org.gradle.cache.internal.DefaultFileLockManager] Waiting to acquire shared lock on daemon addresses registry.
2025-06-10T14:27:44.197+0900 [DEBUG] [org.gradle.cache.internal.DefaultFileLockManager] Lock acquired on daemon addresses registry.
2025-06-10T14:27:44.198+0900 [DEBUG] [org.gradle.cache.internal.DefaultFileLockManager] Releasing lock on daemon addresses registry.
2025-06-10T14:27:44.199+0900 [DEBUG] [org.gradle.cache.internal.DefaultFileLockManager] Waiting to acquire shared lock on daemon addresses registry.
2025-06-10T14:27:44.199+0900 [DEBUG] [org.gradle.cache.internal.DefaultFileLockManager] Lock acquired on daemon addresses registry.
2025-06-10T14:27:44.199+0900 [DEBUG] [org.gradle.cache.internal.DefaultFileLockManager] Releasing lock on daemon addresses registry.
2025-06-10T14:27:44.200+0900 [DEBUG] [org.gradle.cache.internal.DefaultFileLockManager] Waiting to acquire shared lock on daemon addresses registry.
2025-06-10T14:27:44.201+0900 [DEBUG] [org.gradle.cache.internal.DefaultFileLockManager] Lock acquired on daemon addresses registry.
2025-06-10T14:27:44.201+0900 [DEBUG] [org.gradle.cache.internal.DefaultFileLockManager] Releasing lock on daemon addresses registry.
2025-06-10T14:27:54.193+0900 [DEBUG] [org.gradle.cache.internal.DefaultFileLockManager] Waiting to acquire shared lock on daemon addresses registry.
2025-06-10T14:27:54.193+0900 [DEBUG] [org.gradle.cache.internal.DefaultFileLockManager] Lock acquired on daemon addresses registry.
2025-06-10T14:27:54.193+0900 [DEBUG] [org.gradle.cache.internal.DefaultFileLockManager] Releasing lock on daemon addresses registry.
2025-06-10T14:27:54.193+0900 [DEBUG] [org.gradle.cache.internal.DefaultFileLockManager] Waiting to acquire shared lock on daemon addresses registry.
2025-06-10T14:27:54.193+0900 [DEBUG] [org.gradle.cache.internal.DefaultFileLockManager] Lock acquired on daemon addresses registry.
2025-06-10T14:27:54.193+0900 [DEBUG] [org.gradle.cache.internal.DefaultFileLockManager] Releasing lock on daemon addresses registry.
2025-06-10T14:27:54.194+0900 [DEBUG] [org.gradle.cache.internal.DefaultFileLockManager] Waiting to acquire shared lock on daemon addresses registry.
2025-06-10T14:27:54.194+0900 [DEBUG] [org.gradle.cache.internal.DefaultFileLockManager] Lock acquired on daemon addresses registry.
2025-06-10T14:27:54.194+0900 [DEBUG] [org.gradle.cache.internal.DefaultFileLockManager] Releasing lock on daemon addresses registry.
2025-06-10T14:28:04.194+0900 [DEBUG] [org.gradle.cache.internal.DefaultFileLockManager] Waiting to acquire shared lock on daemon addresses registry.
2025-06-10T14:28:04.195+0900 [DEBUG] [org.gradle.cache.internal.DefaultFileLockManager] Lock acquired on daemon addresses registry.
2025-06-10T14:28:04.195+0900 [DEBUG] [org.gradle.cache.internal.DefaultFileLockManager] Releasing lock on daemon addresses registry.
2025-06-10T14:28:04.196+0900 [DEBUG] [org.gradle.cache.internal.DefaultFileLockManager] Waiting to acquire shared lock on daemon addresses registry.
2025-06-10T14:28:04.196+0900 [DEBUG] [org.gradle.cache.internal.DefaultFileLockManager] Lock acquired on daemon addresses registry.
2025-06-10T14:28:04.196+0900 [DEBUG] [org.gradle.cache.internal.DefaultFileLockManager] Releasing lock on daemon addresses registry.
2025-06-10T14:28:04.196+0900 [DEBUG] [org.gradle.cache.internal.DefaultFileLockManager] Waiting to acquire shared lock on daemon addresses registry.
2025-06-10T14:28:04.196+0900 [DEBUG] [org.gradle.cache.internal.DefaultFileLockManager] Lock acquired on daemon addresses registry.
2025-06-10T14:28:04.196+0900 [DEBUG] [org.gradle.cache.internal.DefaultFileLockManager] Releasing lock on daemon addresses registry.
2025-06-10T14:28:14.195+0900 [DEBUG] [org.gradle.cache.internal.DefaultFileLockManager] Waiting to acquire shared lock on daemon addresses registry.
2025-06-10T14:28:14.197+0900 [DEBUG] [org.gradle.cache.internal.DefaultFileLockManager] Lock acquired on daemon addresses registry.
2025-06-10T14:28:14.197+0900 [DEBUG] [org.gradle.cache.internal.DefaultFileLockManager] Releasing lock on daemon addresses registry.
2025-06-10T14:28:14.199+0900 [DEBUG] [org.gradle.cache.internal.DefaultFileLockManager] Waiting to acquire shared lock on daemon addresses registry.
2025-06-10T14:28:14.199+0900 [DEBUG] [org.gradle.cache.internal.DefaultFileLockManager] Lock acquired on daemon addresses registry.
2025-06-10T14:28:14.199+0900 [DEBUG] [org.gradle.cache.internal.DefaultFileLockManager] Releasing lock on daemon addresses registry.
2025-06-10T14:28:14.200+0900 [DEBUG] [org.gradle.cache.internal.DefaultFileLockManager] Waiting to acquire shared lock on daemon addresses registry.
2025-06-10T14:28:14.200+0900 [DEBUG] [org.gradle.cache.internal.DefaultFileLockManager] Lock acquired on daemon addresses registry.
2025-06-10T14:28:14.201+0900 [DEBUG] [org.gradle.cache.internal.DefaultFileLockManager] Releasing lock on daemon addresses registry.
2025-06-10T14:28:23.113+0900 [DEBUG] [org.gradle.internal.remote.internal.inet.TcpIncomingConnector] Accepted connection from /127.0.0.1:57697 to /127.0.0.1:57339.
2025-06-10T14:28:23.119+0900 [DEBUG] [org.gradle.launcher.daemon.server.SynchronizedDispatchConnection] thread 99: received class org.gradle.launcher.daemon.protocol.StopWhenIdle
2025-06-10T14:28:23.120+0900 [DEBUG] [org.gradle.launcher.daemon.server.DefaultDaemonConnection] thread 99: Received non-IO message from client: StopWhenIdle[id=2fcbbec1-c9e7-481e-94d4-3281aea226e5]
2025-06-10T14:28:23.120+0900 [INFO] [org.gradle.launcher.daemon.server.DefaultIncomingConnectionHandler] Received command: StopWhenIdle[id=2fcbbec1-c9e7-481e-94d4-3281aea226e5].
2025-06-10T14:28:23.120+0900 [DEBUG] [org.gradle.launcher.daemon.server.DefaultIncomingConnectionHandler] Starting executing command: StopWhenIdle[id=2fcbbec1-c9e7-481e-94d4-3281aea226e5] with connection: socket connection from /127.0.0.1:57339 to /127.0.0.1:57697.
2025-06-10T14:28:23.120+0900 [DEBUG] [org.gradle.launcher.daemon.server.DaemonRegistryUpdater] Storing daemon stop event: stop command received
2025-06-10T14:28:23.120+0900 [DEBUG] [org.gradle.launcher.daemon.registry.PersistentDaemonRegistry] Storing daemon stop event with timestamp 1749533303121
2025-06-10T14:28:23.121+0900 [DEBUG] [org.gradle.cache.internal.DefaultFileLockManager] Waiting to acquire exclusive lock on daemon addresses registry.
2025-06-10T14:28:23.121+0900 [DEBUG] [org.gradle.cache.internal.DefaultFileLockManager] Lock acquired on daemon addresses registry.
2025-06-10T14:28:23.122+0900 [DEBUG] [org.gradle.cache.internal.DefaultFileLockManager] Releasing lock on daemon addresses registry.
2025-06-10T14:28:23.122+0900 [LIFECYCLE] [org.gradle.launcher.daemon.server.DaemonStateCoordinator] Daemon will be stopped at the end of the build stop command received
2025-06-10T14:28:23.122+0900 [DEBUG] [org.gradle.launcher.daemon.server.DaemonStateCoordinator] Marking daemon stopped due to stop command received. The daemon is running a build: false
2025-06-10T14:28:23.122+0900 [DEBUG] [org.gradle.launcher.daemon.server.SynchronizedDispatchConnection] thread 98: dispatching Success[value=null]
2025-06-10T14:28:23.122+0900 [DEBUG] [org.gradle.launcher.daemon.server.DaemonStateCoordinator] daemon has stopped.
2025-06-10T14:28:23.122+0900 [DEBUG] [org.gradle.launcher.daemon.server.DefaultIncomingConnectionHandler] Finishing executing command: StopWhenIdle[id=2fcbbec1-c9e7-481e-94d4-3281aea226e5]
2025-06-10T14:28:23.122+0900 [DEBUG] [org.gradle.launcher.daemon.server.SynchronizedDispatchConnection] thread 99: received class org.gradle.launcher.daemon.protocol.Finished
2025-06-10T14:28:23.122+0900 [DEBUG] [org.gradle.launcher.daemon.server.Daemon] stop() called on daemon
2025-06-10T14:28:23.122+0900 [DEBUG] [org.gradle.launcher.daemon.server.DefaultDaemonConnection] thread 99: Received non-IO message from client: org.gradle.launcher.daemon.protocol.Finished@4167f9db
2025-06-10T14:28:23.122+0900 [INFO] [org.gradle.launcher.daemon.server.Daemon] Stop requested. Daemon is removing its presence from the registry...
2025-06-10T14:28:23.123+0900 [DEBUG] [org.gradle.internal.remote.internal.inet.SocketConnection] Discarding EOFException: java.io.EOFException
2025-06-10T14:28:23.122+0900 [DEBUG] [org.gradle.launcher.daemon.server.DefaultIncomingConnectionHandler] Received finished message: org.gradle.launcher.daemon.protocol.Finished@4167f9db
2025-06-10T14:28:23.123+0900 [DEBUG] [org.gradle.launcher.daemon.server.SynchronizedDispatchConnection] thread 99: received null
2025-06-10T14:28:23.123+0900 [DEBUG] [org.gradle.launcher.daemon.server.DaemonRegistryUpdater] Removing our presence to clients, eg. removing this address from the registry: [1b4cfe1f-1550-46e3-b9cc-4ddada3d361a port:57339, addresses:[localhost/127.0.0.1]]
2025-06-10T14:28:23.123+0900 [DEBUG] [org.gradle.launcher.daemon.server.DefaultDaemonConnection] thread 99: Received end-of-input from client.
2025-06-10T14:28:23.123+0900 [DEBUG] [org.gradle.launcher.daemon.server.SynchronizedDispatchConnection] thread 98: stopping connection
2025-06-10T14:28:23.123+0900 [DEBUG] [org.gradle.launcher.daemon.registry.PersistentDaemonRegistry] Removing daemon address: [1b4cfe1f-1550-46e3-b9cc-4ddada3d361a port:57339, addresses:[localhost/127.0.0.1]]
2025-06-10T14:28:23.123+0900 [DEBUG] [org.gradle.launcher.daemon.server.SynchronizedDispatchConnection] thread 98: stopping connection
2025-06-10T14:28:23.123+0900 [DEBUG] [org.gradle.cache.internal.DefaultFileLockManager] Waiting to acquire exclusive lock on daemon addresses registry.
2025-06-10T14:28:23.124+0900 [DEBUG] [org.gradle.cache.internal.DefaultFileLockManager] Lock acquired on daemon addresses registry.
2025-06-10T14:28:23.124+0900 [DEBUG] [org.gradle.cache.internal.DefaultFileLockManager] Releasing lock on daemon addresses registry.
2025-06-10T14:28:23.124+0900 [DEBUG] [org.gradle.launcher.daemon.server.DaemonRegistryUpdater] Address removed from registry.
2025-06-10T14:28:23.126+0900 [DEBUG] [org.gradle.cache.internal.LockOnDemandCrossProcessCacheAccess] Releasing file lock for jars (/Users/guddn/Desktop/KB_FullStack/03_JAVA/caches/jars-9)
2025-06-10T14:28:23.126+0900 [DEBUG] [org.gradle.cache.internal.DefaultFileLockManager] Releasing lock on jars (/Users/guddn/Desktop/KB_FullStack/03_JAVA/caches/jars-9).
2025-06-10T14:28:23.127+0900 [DEBUG] [org.gradle.cache.internal.DefaultPersistentDirectoryStore] jars (/Users/guddn/Desktop/KB_FullStack/03_JAVA/caches/jars-9) has last been fully cleaned up 0 hours ago
2025-06-10T14:28:23.127+0900 [DEBUG] [org.gradle.cache.internal.LockOnDemandCrossProcessCacheAccess] Releasing file lock for file content cache (/Users/guddn/Desktop/KB_FullStack/03_JAVA/caches/8.8/fileContent)
2025-06-10T14:28:23.127+0900 [DEBUG] [org.gradle.cache.internal.DefaultFileLockManager] Releasing lock on file content cache (/Users/guddn/Desktop/KB_FullStack/03_JAVA/caches/8.8/fileContent).
2025-06-10T14:28:23.128+0900 [DEBUG] [org.gradle.internal.watch.vfs.impl.WatchingVirtualFileSystem] Closing VFS, dropping state
2025-06-10T14:28:23.130+0900 [DEBUG] [org.gradle.internal.watch.registry.impl.DefaultFileWatcherRegistry] Finished listening to file system change events
2025-06-10T14:28:23.130+0900 [DEBUG] [org.gradle.cache.internal.DefaultCacheCoordinator] Cache Generated Gradle JARs cache (/Users/guddn/Desktop/KB_FullStack/03_JAVA/caches/8.8/generated-gradle-jars) was closed 0 times.
2025-06-10T14:28:23.130+0900 [DEBUG] [org.gradle.cache.internal.LockOnDemandCrossProcessCacheAccess] Releasing file lock for artifact cache (/Users/guddn/Desktop/KB_FullStack/03_JAVA/caches/modules-2)
2025-06-10T14:28:23.130+0900 [DEBUG] [org.gradle.cache.internal.btree.BTreePersistentIndexedCache] Closing cache module-artifact.bin (/Users/guddn/Desktop/KB_FullStack/03_JAVA/caches/modules-2/metadata-2.106/module-artifact.bin)
2025-06-10T14:28:23.130+0900 [DEBUG] [org.gradle.cache.internal.btree.BTreePersistentIndexedCache] Closing cache module-metadata.bin (/Users/guddn/Desktop/KB_FullStack/03_JAVA/caches/modules-2/metadata-2.106/module-metadata.bin)
2025-06-10T14:28:23.130+0900 [DEBUG] [org.gradle.cache.internal.DefaultFileLockManager] Releasing lock on artifact cache (/Users/guddn/Desktop/KB_FullStack/03_JAVA/caches/modules-2).
2025-06-10T14:28:23.130+0900 [DEBUG] [org.gradle.cache.internal.DefaultPersistentDirectoryStore] artifact cache (/Users/guddn/Desktop/KB_FullStack/03_JAVA/caches/modules-2) has last been fully cleaned up 0 hours ago
2025-06-10T14:28:23.130+0900 [DEBUG] [org.gradle.cache.internal.DefaultPersistentDirectoryStore] groovy-dsl (/Users/guddn/Desktop/KB_FullStack/03_JAVA/caches/8.8/groovy-dsl) has last been fully cleaned up 0 hours ago
2025-06-10T14:28:23.130+0900 [DEBUG] [org.gradle.cache.internal.DefaultCacheCoordinator] Cache groovy-dsl (/Users/guddn/Desktop/KB_FullStack/03_JAVA/caches/8.8/groovy-dsl) was closed 0 times.
2025-06-10T14:28:23.131+0900 [DEBUG] [org.gradle.cache.internal.DefaultPersistentDirectoryStore] Artifact transforms cache (/Users/guddn/Desktop/KB_FullStack/03_JAVA/caches/8.8/transforms) has last been fully cleaned up 0 hours ago
2025-06-10T14:28:23.131+0900 [DEBUG] [org.gradle.cache.internal.DefaultCacheCoordinator] Cache Artifact transforms cache (/Users/guddn/Desktop/KB_FullStack/03_JAVA/caches/8.8/transforms) was closed 0 times.
2025-06-10T14:28:23.131+0900 [DEBUG] [org.gradle.cache.internal.LockOnDemandCrossProcessCacheAccess] Releasing file lock for journal cache (/Users/guddn/Desktop/KB_FullStack/03_JAVA/caches/journal-1)
2025-06-10T14:28:23.131+0900 [DEBUG] [org.gradle.cache.internal.btree.BTreePersistentIndexedCache] Closing cache file-access.bin (/Users/guddn/Desktop/KB_FullStack/03_JAVA/caches/journal-1/file-access.bin)
2025-06-10T14:28:23.131+0900 [DEBUG] [org.gradle.cache.internal.DefaultFileLockManager] Releasing lock on journal cache (/Users/guddn/Desktop/KB_FullStack/03_JAVA/caches/journal-1).
2025-06-10T14:28:23.131+0900 [DEBUG] [org.gradle.cache.internal.LockOnDemandCrossProcessCacheAccess] Releasing file lock for file hash cache (/Users/guddn/Desktop/KB_FullStack/03_JAVA/caches/8.8/fileHashes)
2025-06-10T14:28:23.131+0900 [DEBUG] [org.gradle.cache.internal.btree.BTreePersistentIndexedCache] Closing cache fileHashes.bin (/Users/guddn/Desktop/KB_FullStack/03_JAVA/caches/8.8/fileHashes/fileHashes.bin)
2025-06-10T14:28:23.131+0900 [DEBUG] [org.gradle.cache.internal.btree.BTreePersistentIndexedCache] Closing cache resourceHashesCache.bin (/Users/guddn/Desktop/KB_FullStack/03_JAVA/caches/8.8/fileHashes/resourceHashesCache.bin)
2025-06-10T14:28:23.131+0900 [DEBUG] [org.gradle.cache.internal.DefaultFileLockManager] Releasing lock on file hash cache (/Users/guddn/Desktop/KB_FullStack/03_JAVA/caches/8.8/fileHashes).
2025-06-10T14:28:23.132+0900 [DEBUG] [org.gradle.internal.operations.DefaultBuildOperationRunner] Build operation 'Deleting unused version-specific caches in /Users/guddn/Desktop/KB_FullStack/03_JAVA/caches' started
2025-06-10T14:28:23.132+0900 [DEBUG] [org.gradle.internal.operations.DefaultBuildOperationRunner] Completing Build operation 'Deleting unused version-specific caches in /Users/guddn/Desktop/KB_FullStack/03_JAVA/caches'
2025-06-10T14:28:23.132+0900 [DEBUG] [org.gradle.internal.operations.DefaultBuildOperationRunner] Build operation 'Deleting unused version-specific caches in /Users/guddn/Desktop/KB_FullStack/03_JAVA/caches' completed
Daemon vm is shutting down... The daemon has exited normally or was terminated in response to a user interrupt.
2025-06-10T14:28:23.133+0900 [DEBUG] [org.gradle.launcher.daemon.registry.PersistentDaemonRegistry] Removing daemon address: [1b4cfe1f-1550-46e3-b9cc-4ddada3d361a port:57339, addresses:[localhost/127.0.0.1]]
2025-06-10T14:28:23.133+0900 [DEBUG] [org.gradle.cache.internal.DefaultFileLockManager] Waiting to acquire exclusive lock on daemon addresses registry.
2025-06-10T14:28:23.133+0900 [DEBUG] [org.gradle.cache.internal.DefaultFileLockManager] Lock acquired on daemon addresses registry.
2025-06-10T14:28:23.133+0900 [DEBUG] [org.gradle.cache.internal.DefaultFileLockManager] Releasing lock on daemon addresses registry.
