2025-06-17T13:18:05.871+0900 [DEBUG] [org.gradle.launcher.daemon.bootstrap.DaemonMain] Assuming the daemon was started with following jvm opts: [--add-opens=java.base/java.util=ALL-UNNAMED, --add-opens=java.base/java.lang=ALL-UNNAMED, --add-opens=java.base/java.lang.invoke=ALL-UNNAMED, --add-opens=java.prefs/java.util.prefs=ALL-UNNAMED, --add-opens=java.base/java.nio.charset=ALL-UNNAMED, --add-opens=java.base/java.net=ALL-UNNAMED, --add-opens=java.base/java.util.concurrent.atomic=ALL-UNNAMED, -XX:MaxMetaspaceSize=384m, -XX:+HeapDumpOnOutOfMemoryError, -Xms256m, -Xmx512m, -Dfile.encoding=UTF-8, -Duser.country=KR, -Duser.language=ko, -Duser.variant]
2025-06-17T13:18:05.928+0900 [INFO] [org.gradle.launcher.daemon.server.Daemon] start() called on daemon - DefaultDaemonContext[uid=32e17e3a-b107-4951-bdf1-cc991922fa4c,javaHome=/Users/guddn/Library/Java/JavaVirtualMachines/ms-17.0.15/Contents/Home,javaVersion=17,daemonRegistryDir=/Users/guddn/Desktop/KB_FullStack/03_JAVA/daemon,pid=50132,idleTimeout=10800000,priority=NORMAL,applyInstrumentationAgent=true,nativeServicesMode=ENABLED,daemonOpts=--add-opens=java.base/java.util=ALL-UNNAMED,--add-opens=java.base/java.lang=ALL-UNNAMED,--add-opens=java.base/java.lang.invoke=ALL-UNNAMED,--add-opens=java.prefs/java.util.prefs=ALL-UNNAMED,--add-opens=java.base/java.nio.charset=ALL-UNNAMED,--add-opens=java.base/java.net=ALL-UNNAMED,--add-opens=java.base/java.util.concurrent.atomic=ALL-UNNAMED,-XX:MaxMetaspaceSize=384m,-XX:+HeapDumpOnOutOfMemoryError,-Xms256m,-Xmx512m,-Dfile.encoding=UTF-8,-Duser.country=KR,-Duser.language=ko,-Duser.variant]
2025-06-17T13:18:05.947+0900 [DEBUG] [org.gradle.internal.remote.internal.inet.InetAddresses] Adding IP addresses for network interface utun7
2025-06-17T13:18:05.948+0900 [DEBUG] [org.gradle.internal.remote.internal.inet.InetAddresses] Is this a loopback interface? false
2025-06-17T13:18:05.948+0900 [DEBUG] [org.gradle.internal.remote.internal.inet.InetAddresses] Adding remote address /fe80:0:0:0:5a65:721a:dbc6:bf8%utun7
2025-06-17T13:18:05.948+0900 [DEBUG] [org.gradle.internal.remote.internal.inet.InetAddresses] Adding IP addresses for network interface utun6
2025-06-17T13:18:05.948+0900 [DEBUG] [org.gradle.internal.remote.internal.inet.InetAddresses] Is this a loopback interface? false
2025-06-17T13:18:05.948+0900 [DEBUG] [org.gradle.internal.remote.internal.inet.InetAddresses] Adding remote address /fe80:0:0:0:263a:16c4:e576:f68f%utun6
2025-06-17T13:18:05.948+0900 [DEBUG] [org.gradle.internal.remote.internal.inet.InetAddresses] Adding IP addresses for network interface utun5
2025-06-17T13:18:05.948+0900 [DEBUG] [org.gradle.internal.remote.internal.inet.InetAddresses] Is this a loopback interface? false
2025-06-17T13:18:05.949+0900 [DEBUG] [org.gradle.internal.remote.internal.inet.InetAddresses] Adding remote address /fe80:0:0:0:bec9:7a1c:4cba:a669%utun5
2025-06-17T13:18:05.949+0900 [DEBUG] [org.gradle.internal.remote.internal.inet.InetAddresses] Adding IP addresses for network interface utun4
2025-06-17T13:18:05.949+0900 [DEBUG] [org.gradle.internal.remote.internal.inet.InetAddresses] Is this a loopback interface? false
2025-06-17T13:18:05.949+0900 [DEBUG] [org.gradle.internal.remote.internal.inet.InetAddresses] Adding remote address /fe80:0:0:0:c993:6601:ef4d:e8a7%utun4
2025-06-17T13:18:05.949+0900 [DEBUG] [org.gradle.internal.remote.internal.inet.InetAddresses] Adding IP addresses for network interface utun3
2025-06-17T13:18:05.949+0900 [DEBUG] [org.gradle.internal.remote.internal.inet.InetAddresses] Is this a loopback interface? false
2025-06-17T13:18:05.949+0900 [DEBUG] [org.gradle.internal.remote.internal.inet.InetAddresses] Adding remote address /fe80:0:0:0:ce81:b1c:bd2c:69e%utun3
2025-06-17T13:18:05.949+0900 [DEBUG] [org.gradle.internal.remote.internal.inet.InetAddresses] Adding IP addresses for network interface utun2
2025-06-17T13:18:05.949+0900 [DEBUG] [org.gradle.internal.remote.internal.inet.InetAddresses] Is this a loopback interface? false
2025-06-17T13:18:05.950+0900 [DEBUG] [org.gradle.internal.remote.internal.inet.InetAddresses] Adding remote address /fe80:0:0:0:d4f4:a972:6374:deb8%utun2
2025-06-17T13:18:05.950+0900 [DEBUG] [org.gradle.internal.remote.internal.inet.InetAddresses] Adding IP addresses for network interface utun1
2025-06-17T13:18:05.950+0900 [DEBUG] [org.gradle.internal.remote.internal.inet.InetAddresses] Is this a loopback interface? false
2025-06-17T13:18:05.950+0900 [DEBUG] [org.gradle.internal.remote.internal.inet.InetAddresses] Adding remote address /fe80:0:0:0:439a:e8ee:5972:4cc0%utun1
2025-06-17T13:18:05.950+0900 [DEBUG] [org.gradle.internal.remote.internal.inet.InetAddresses] Adding IP addresses for network interface utun0
2025-06-17T13:18:05.950+0900 [DEBUG] [org.gradle.internal.remote.internal.inet.InetAddresses] Is this a loopback interface? false
2025-06-17T13:18:05.950+0900 [DEBUG] [org.gradle.internal.remote.internal.inet.InetAddresses] Adding remote address /fe80:0:0:0:579b:ba9d:698:646%utun0
2025-06-17T13:18:05.950+0900 [DEBUG] [org.gradle.internal.remote.internal.inet.InetAddresses] Adding IP addresses for network interface llw0
2025-06-17T13:18:05.950+0900 [DEBUG] [org.gradle.internal.remote.internal.inet.InetAddresses] Is this a loopback interface? false
2025-06-17T13:18:05.950+0900 [DEBUG] [org.gradle.internal.remote.internal.inet.InetAddresses] Adding remote address /fe80:0:0:0:d487:80ff:fe7a:e29a%llw0
2025-06-17T13:18:05.950+0900 [DEBUG] [org.gradle.internal.remote.internal.inet.InetAddresses] Adding IP addresses for network interface awdl0
2025-06-17T13:18:05.950+0900 [DEBUG] [org.gradle.internal.remote.internal.inet.InetAddresses] Is this a loopback interface? false
2025-06-17T13:18:05.951+0900 [DEBUG] [org.gradle.internal.remote.internal.inet.InetAddresses] Adding remote address /fe80:0:0:0:d487:80ff:fe7a:e29a%awdl0
2025-06-17T13:18:05.951+0900 [DEBUG] [org.gradle.internal.remote.internal.inet.InetAddresses] Adding IP addresses for network interface en0
2025-06-17T13:18:05.951+0900 [DEBUG] [org.gradle.internal.remote.internal.inet.InetAddresses] Is this a loopback interface? false
2025-06-17T13:18:05.951+0900 [DEBUG] [org.gradle.internal.remote.internal.inet.InetAddresses] Adding remote address /fe80:0:0:0:14ad:7edd:d469:9bc0%en0
2025-06-17T13:18:05.951+0900 [DEBUG] [org.gradle.internal.remote.internal.inet.InetAddresses] Adding remote address /192.168.50.73
2025-06-17T13:18:05.951+0900 [DEBUG] [org.gradle.internal.remote.internal.inet.InetAddresses] Adding IP addresses for network interface lo0
2025-06-17T13:18:05.951+0900 [DEBUG] [org.gradle.internal.remote.internal.inet.InetAddresses] Is this a loopback interface? true
2025-06-17T13:18:05.951+0900 [DEBUG] [org.gradle.internal.remote.internal.inet.InetAddresses] Ignoring remote address on loopback interface /fe80:0:0:0:0:0:0:1%lo0
2025-06-17T13:18:05.951+0900 [DEBUG] [org.gradle.internal.remote.internal.inet.InetAddresses] Adding loopback address /0:0:0:0:0:0:0:1%lo0
2025-06-17T13:18:05.951+0900 [DEBUG] [org.gradle.internal.remote.internal.inet.InetAddresses] Adding loopback address /127.0.0.1
2025-06-17T13:18:05.954+0900 [DEBUG] [org.gradle.internal.remote.internal.inet.TcpIncomingConnector] Listening on [7d185ff4-6a60-49fe-9dfd-e9c3fbb93cb3 port:59374, addresses:[localhost/127.0.0.1]].
2025-06-17T13:18:05.959+0900 [DEBUG] [org.gradle.launcher.daemon.server.Daemon] Daemon starting at: Tue Jun 17 13:18:05 KST 2025, with address: [7d185ff4-6a60-49fe-9dfd-e9c3fbb93cb3 port:59374, addresses:[localhost/127.0.0.1]]
2025-06-17T13:18:05.959+0900 [INFO] [org.gradle.launcher.daemon.server.DaemonRegistryUpdater] Advertising the daemon address to the clients: [7d185ff4-6a60-49fe-9dfd-e9c3fbb93cb3 port:59374, addresses:[localhost/127.0.0.1]]
2025-06-17T13:18:05.959+0900 [DEBUG] [org.gradle.launcher.daemon.server.DaemonRegistryUpdater] Advertised daemon context: DefaultDaemonContext[uid=32e17e3a-b107-4951-bdf1-cc991922fa4c,javaHome=/Users/guddn/Library/Java/JavaVirtualMachines/ms-17.0.15/Contents/Home,javaVersion=17,daemonRegistryDir=/Users/guddn/Desktop/KB_FullStack/03_JAVA/daemon,pid=50132,idleTimeout=10800000,priority=NORMAL,applyInstrumentationAgent=true,nativeServicesMode=ENABLED,daemonOpts=--add-opens=java.base/java.util=ALL-UNNAMED,--add-opens=java.base/java.lang=ALL-UNNAMED,--add-opens=java.base/java.lang.invoke=ALL-UNNAMED,--add-opens=java.prefs/java.util.prefs=ALL-UNNAMED,--add-opens=java.base/java.nio.charset=ALL-UNNAMED,--add-opens=java.base/java.net=ALL-UNNAMED,--add-opens=java.base/java.util.concurrent.atomic=ALL-UNNAMED,-XX:MaxMetaspaceSize=384m,-XX:+HeapDumpOnOutOfMemoryError,-Xms256m,-Xmx512m,-Dfile.encoding=UTF-8,-Duser.country=KR,-Duser.language=ko,-Duser.variant]
2025-06-17T13:18:05.960+0900 [DEBUG] [org.gradle.launcher.daemon.registry.PersistentDaemonRegistry] Storing daemon address: [7d185ff4-6a60-49fe-9dfd-e9c3fbb93cb3 port:59374, addresses:[localhost/127.0.0.1]], context: DefaultDaemonContext[uid=32e17e3a-b107-4951-bdf1-cc991922fa4c,javaHome=/Users/guddn/Library/Java/JavaVirtualMachines/ms-17.0.15/Contents/Home,javaVersion=17,daemonRegistryDir=/Users/guddn/Desktop/KB_FullStack/03_JAVA/daemon,pid=50132,idleTimeout=10800000,priority=NORMAL,applyInstrumentationAgent=true,nativeServicesMode=ENABLED,daemonOpts=--add-opens=java.base/java.util=ALL-UNNAMED,--add-opens=java.base/java.lang=ALL-UNNAMED,--add-opens=java.base/java.lang.invoke=ALL-UNNAMED,--add-opens=java.prefs/java.util.prefs=ALL-UNNAMED,--add-opens=java.base/java.nio.charset=ALL-UNNAMED,--add-opens=java.base/java.net=ALL-UNNAMED,--add-opens=java.base/java.util.concurrent.atomic=ALL-UNNAMED,-XX:MaxMetaspaceSize=384m,-XX:+HeapDumpOnOutOfMemoryError,-Xms256m,-Xmx512m,-Dfile.encoding=UTF-8,-Duser.country=KR,-Duser.language=ko,-Duser.variant]
2025-06-17T13:18:05.967+0900 [DEBUG] [org.gradle.cache.internal.DefaultFileLockManager] Waiting to acquire exclusive lock on daemon addresses registry.
2025-06-17T13:18:05.969+0900 [DEBUG] [org.gradle.cache.internal.DefaultFileLockManager] Lock acquired on daemon addresses registry.
2025-06-17T13:18:05.971+0900 [DEBUG] [org.gradle.cache.internal.DefaultFileLockManager] Releasing lock on daemon addresses registry.
2025-06-17T13:18:05.971+0900 [LIFECYCLE] [org.gradle.launcher.daemon.server.Daemon] Daemon server started.
2025-06-17T13:18:05.971+0900 [DEBUG] [org.gradle.launcher.daemon.bootstrap.DaemonStartupCommunication] Completed writing the daemon greeting. Closing streams...
2025-06-17T13:18:05.973+0900 [DEBUG] [org.gradle.launcher.daemon.server.Daemon] stopOnExpiration() called on daemon
2025-06-17T13:18:05.974+0900 [DEBUG] [org.gradle.launcher.daemon.server.Daemon] awaitExpiration() called on daemon
2025-06-17T13:18:05.974+0900 [DEBUG] [org.gradle.launcher.daemon.server.DaemonStateCoordinator] daemon is running. Sleeping until state changes.
2025-06-17T13:18:05.976+0900 [DEBUG] [org.gradle.internal.remote.internal.inet.TcpIncomingConnector] Accepted connection from /127.0.0.1:59375 to /127.0.0.1:59374.
2025-06-17T13:18:05.989+0900 [DEBUG] [org.gradle.launcher.daemon.server.SynchronizedDispatchConnection] thread 21: received class org.gradle.launcher.daemon.protocol.Build
2025-06-17T13:18:05.990+0900 [DEBUG] [org.gradle.launcher.daemon.server.DefaultDaemonConnection] thread 21: Received non-IO message from client: Build{id=9bc36a43-6f94-45d9-807d-65b8952b9959, currentDir=/Users/guddn/Desktop/KB_FullStack/08_spring/board}
2025-06-17T13:18:05.990+0900 [INFO] [org.gradle.launcher.daemon.server.DefaultIncomingConnectionHandler] Received command: Build{id=9bc36a43-6f94-45d9-807d-65b8952b9959, currentDir=/Users/guddn/Desktop/KB_FullStack/08_spring/board}.
2025-06-17T13:18:05.990+0900 [DEBUG] [org.gradle.launcher.daemon.server.DefaultIncomingConnectionHandler] Starting executing command: Build{id=9bc36a43-6f94-45d9-807d-65b8952b9959, currentDir=/Users/guddn/Desktop/KB_FullStack/08_spring/board} with connection: socket connection from /127.0.0.1:59374 to /127.0.0.1:59375.
2025-06-17T13:18:05.991+0900 [DEBUG] [org.gradle.launcher.daemon.server.DaemonStateCoordinator] Command execution: started DaemonCommandExecution[command = Build{id=9bc36a43-6f94-45d9-807d-65b8952b9959, currentDir=/Users/guddn/Desktop/KB_FullStack/08_spring/board}, connection = DefaultDaemonConnection: socket connection from /127.0.0.1:59374 to /127.0.0.1:59375] after 0.0 minutes of idle
2025-06-17T13:18:05.991+0900 [INFO] [org.gradle.launcher.daemon.server.DaemonRegistryUpdater] Marking the daemon as busy, address: [7d185ff4-6a60-49fe-9dfd-e9c3fbb93cb3 port:59374, addresses:[localhost/127.0.0.1]]
2025-06-17T13:18:05.991+0900 [DEBUG] [org.gradle.launcher.daemon.registry.PersistentDaemonRegistry] Marking busy by address: [7d185ff4-6a60-49fe-9dfd-e9c3fbb93cb3 port:59374, addresses:[localhost/127.0.0.1]]
2025-06-17T13:18:05.991+0900 [DEBUG] [org.gradle.cache.internal.DefaultFileLockManager] Waiting to acquire exclusive lock on daemon addresses registry.
2025-06-17T13:18:05.991+0900 [DEBUG] [org.gradle.cache.internal.DefaultFileLockManager] Lock acquired on daemon addresses registry.
2025-06-17T13:18:05.992+0900 [DEBUG] [org.gradle.cache.internal.DefaultFileLockManager] Releasing lock on daemon addresses registry.
2025-06-17T13:18:05.992+0900 [DEBUG] [org.gradle.launcher.daemon.server.DaemonStateCoordinator] resetting idle timer
2025-06-17T13:18:05.992+0900 [DEBUG] [org.gradle.launcher.daemon.server.DaemonStateCoordinator] daemon is running. Sleeping until state changes.
2025-06-17T13:18:05.992+0900 [INFO] [org.gradle.launcher.daemon.server.exec.StartBuildOrRespondWithBusy] Daemon is about to start building Build{id=9bc36a43-6f94-45d9-807d-65b8952b9959, currentDir=/Users/guddn/Desktop/KB_FullStack/08_spring/board}. Dispatching build started information...
2025-06-17T13:18:05.992+0900 [DEBUG] [org.gradle.launcher.daemon.server.SynchronizedDispatchConnection] thread 23: dispatching org.gradle.launcher.daemon.protocol.BuildStarted@47176413
2025-06-17T13:18:05.993+0900 [DEBUG] [org.gradle.launcher.daemon.server.exec.EstablishBuildEnvironment] Configuring env variables: [PATH, JAVA_HOME, HOMEBREW_PREFIX, COMMAND_MODE, NVM_INC, TTY, LOGNAME, HOMEBREW_REPOSITORY, XPC_SERVICE_NAME, INFOPATH, __CFBundleIdentifier, NVM_CD_FLAGS, SHELL_PID, NVM_DIR, SHELL, PAGER, LSCOLORS, OLDPWD, HOMEBREW_CELLAR, USER, ZSH, TMPDIR, SSH_AUTH_SOCK, XPC_FLAGS, Q_SET_PARENT_CHECK, __CF_USER_TEXT_ENCODING, LESS, LC_CTYPE, LS_COLORS, NVM_BIN, HOME]
2025-06-17T13:18:05.995+0900 [DEBUG] [org.gradle.launcher.daemon.server.exec.LogToClient] About to start relaying all logs to the client via the connection.
2025-06-17T13:18:05.995+0900 [INFO] [org.gradle.launcher.daemon.server.exec.LogToClient] The client will now receive all logging from the daemon (pid: 50132). The daemon log file: /Users/guddn/Desktop/KB_FullStack/03_JAVA/daemon/8.8/daemon-50132.out.log
2025-06-17T13:18:05.995+0900 [INFO] [org.gradle.launcher.daemon.server.exec.LogAndCheckHealth] Starting build in new daemon [memory: 512 MiB]
2025-06-17T13:18:05.996+0900 [DEBUG] [org.gradle.launcher.daemon.server.exec.ExecuteBuild] The daemon has started executing the build.
2025-06-17T13:18:05.996+0900 [DEBUG] [org.gradle.launcher.daemon.server.exec.ExecuteBuild] Executing build with daemon context: DefaultDaemonContext[uid=32e17e3a-b107-4951-bdf1-cc991922fa4c,javaHome=/Users/guddn/Library/Java/JavaVirtualMachines/ms-17.0.15/Contents/Home,javaVersion=17,daemonRegistryDir=/Users/guddn/Desktop/KB_FullStack/03_JAVA/daemon,pid=50132,idleTimeout=10800000,priority=NORMAL,applyInstrumentationAgent=true,nativeServicesMode=ENABLED,daemonOpts=--add-opens=java.base/java.util=ALL-UNNAMED,--add-opens=java.base/java.lang=ALL-UNNAMED,--add-opens=java.base/java.lang.invoke=ALL-UNNAMED,--add-opens=java.prefs/java.util.prefs=ALL-UNNAMED,--add-opens=java.base/java.nio.charset=ALL-UNNAMED,--add-opens=java.base/java.net=ALL-UNNAMED,--add-opens=java.base/java.util.concurrent.atomic=ALL-UNNAMED,-XX:MaxMetaspaceSize=384m,-XX:+HeapDumpOnOutOfMemoryError,-Xms256m,-Xmx512m,-Dfile.encoding=UTF-8,-Duser.country=KR,-Duser.language=ko,-Duser.variant]

Deprecated Gradle features were used in this build, making it incompatible with Gradle 9.0.

You can use '--warning-mode all' to show the individual deprecation warnings and determine if they come from your own scripts or plugins.

For more on this, please refer to https://docs.gradle.org/8.8/userguide/command_line_interface.html#sec:command_line_warnings in the Gradle documentation.

BUILD SUCCESSFUL in 2s
2 actionable tasks: 2 up-to-date
2025-06-17T13:18:08.164+0900 [DEBUG] [org.gradle.launcher.daemon.server.exec.ExecuteBuild] The daemon has finished executing the build.
2025-06-17T13:18:08.176+0900 [DEBUG] [org.gradle.launcher.daemon.server.DaemonStateCoordinator] daemon is running. Sleeping until state changes.
2025-06-17T13:18:08.177+0900 [DEBUG] [org.gradle.launcher.daemon.server.DaemonStateCoordinator] Command execution: finished waiting for DaemonCommandExecution[command = Build{id=9bc36a43-6f94-45d9-807d-65b8952b9959, currentDir=/Users/guddn/Desktop/KB_FullStack/08_spring/board}, connection = DefaultDaemonConnection: socket connection from /127.0.0.1:59374 to /127.0.0.1:59375]. Result org.gradle.launcher.daemon.server.DaemonStateCoordinator@3136feb4 with state Busy
2025-06-17T13:18:08.177+0900 [DEBUG] [org.gradle.launcher.daemon.server.DaemonStateCoordinator] Command execution: completed DaemonCommandExecution[command = Build{id=9bc36a43-6f94-45d9-807d-65b8952b9959, currentDir=/Users/guddn/Desktop/KB_FullStack/08_spring/board}, connection = DefaultDaemonConnection: socket connection from /127.0.0.1:59374 to /127.0.0.1:59375]
2025-06-17T13:18:08.177+0900 [DEBUG] [org.gradle.launcher.daemon.server.DaemonStateCoordinator] resetting idle timer
2025-06-17T13:18:08.177+0900 [INFO] [org.gradle.launcher.daemon.server.DaemonRegistryUpdater] Marking the daemon as idle, address: [7d185ff4-6a60-49fe-9dfd-e9c3fbb93cb3 port:59374, addresses:[localhost/127.0.0.1]]
2025-06-17T13:18:08.177+0900 [DEBUG] [org.gradle.launcher.daemon.registry.PersistentDaemonRegistry] Marking busy by address: [7d185ff4-6a60-49fe-9dfd-e9c3fbb93cb3 port:59374, addresses:[localhost/127.0.0.1]]
2025-06-17T13:18:08.177+0900 [DEBUG] [org.gradle.cache.internal.DefaultFileLockManager] Waiting to acquire exclusive lock on daemon addresses registry.
2025-06-17T13:18:08.177+0900 [DEBUG] [org.gradle.cache.internal.DefaultFileLockManager] Lock acquired on daemon addresses registry.
2025-06-17T13:18:08.178+0900 [DEBUG] [org.gradle.cache.internal.DefaultFileLockManager] Releasing lock on daemon addresses registry.
2025-06-17T13:18:08.178+0900 [DEBUG] [org.gradle.launcher.daemon.server.DaemonStateCoordinator] daemon is running. Sleeping until state changes.
2025-06-17T13:18:08.178+0900 [DEBUG] [org.gradle.launcher.daemon.server.exec.ReturnResult] Daemon is dispatching the build result: Success[value=org.gradle.launcher.exec.BuildActionResult@671d8b9b]
2025-06-17T13:18:08.178+0900 [DEBUG] [org.gradle.launcher.daemon.server.SynchronizedDispatchConnection] thread 20: dispatching Success[value=org.gradle.launcher.exec.BuildActionResult@671d8b9b]
2025-06-17T13:18:08.179+0900 [DEBUG] [org.gradle.launcher.daemon.server.exec.CleanUpVirtualFileSystemAfterBuild] Cleaning virtual file system after build finished
2025-06-17T13:18:08.179+0900 [DEBUG] [org.gradle.launcher.daemon.server.SynchronizedDispatchConnection] thread 21: received class org.gradle.launcher.daemon.protocol.CloseInput
2025-06-17T13:18:08.179+0900 [DEBUG] [org.gradle.launcher.daemon.server.DefaultIncomingConnectionHandler] Finishing executing command: Build{id=9bc36a43-6f94-45d9-807d-65b8952b9959, currentDir=/Users/guddn/Desktop/KB_FullStack/08_spring/board}
2025-06-17T13:18:08.179+0900 [DEBUG] [org.gradle.launcher.daemon.server.DefaultDaemonConnection] thread 21: Received IO message from client: org.gradle.launcher.daemon.protocol.CloseInput@66ec48fc
2025-06-17T13:18:08.180+0900 [DEBUG] [org.gradle.launcher.daemon.server.SynchronizedDispatchConnection] thread 21: received class org.gradle.launcher.daemon.protocol.Finished
2025-06-17T13:18:08.180+0900 [DEBUG] [org.gradle.launcher.daemon.server.DefaultDaemonConnection] thread 21: Received non-IO message from client: org.gradle.launcher.daemon.protocol.Finished@221cf118
2025-06-17T13:18:08.180+0900 [DEBUG] [org.gradle.launcher.daemon.server.DefaultIncomingConnectionHandler] Received finished message: org.gradle.launcher.daemon.protocol.Finished@221cf118
2025-06-17T13:18:08.180+0900 [DEBUG] [org.gradle.internal.remote.internal.inet.SocketConnection] Discarding EOFException: java.io.EOFException
2025-06-17T13:18:08.180+0900 [DEBUG] [org.gradle.launcher.daemon.server.SynchronizedDispatchConnection] thread 21: received null
2025-06-17T13:18:08.180+0900 [DEBUG] [org.gradle.launcher.daemon.server.DefaultDaemonConnection] thread 21: Received end-of-input from client.
2025-06-17T13:18:08.180+0900 [DEBUG] [org.gradle.launcher.daemon.server.SynchronizedDispatchConnection] thread 20: stopping connection
2025-06-17T13:18:08.182+0900 [DEBUG] [org.gradle.launcher.daemon.server.SynchronizedDispatchConnection] thread 20: stopping connection
2025-06-17T13:18:08.233+0900 [DEBUG] [org.gradle.internal.remote.internal.inet.TcpIncomingConnector] Accepted connection from /127.0.0.1:59382 to /127.0.0.1:59374.
2025-06-17T13:18:08.234+0900 [DEBUG] [org.gradle.launcher.daemon.server.SynchronizedDispatchConnection] thread 77: received class org.gradle.launcher.daemon.protocol.Build
2025-06-17T13:18:08.234+0900 [DEBUG] [org.gradle.launcher.daemon.server.DefaultDaemonConnection] thread 77: Received non-IO message from client: Build{id=6aa4e2bc-4aaa-44a0-b3d8-34aef9b66d86, currentDir=/Users/guddn/Desktop/KB_FullStack/08_spring/board}
2025-06-17T13:18:08.234+0900 [INFO] [org.gradle.launcher.daemon.server.DefaultIncomingConnectionHandler] Received command: Build{id=6aa4e2bc-4aaa-44a0-b3d8-34aef9b66d86, currentDir=/Users/guddn/Desktop/KB_FullStack/08_spring/board}.
2025-06-17T13:18:08.234+0900 [DEBUG] [org.gradle.launcher.daemon.server.DefaultIncomingConnectionHandler] Starting executing command: Build{id=6aa4e2bc-4aaa-44a0-b3d8-34aef9b66d86, currentDir=/Users/guddn/Desktop/KB_FullStack/08_spring/board} with connection: socket connection from /127.0.0.1:59374 to /127.0.0.1:59382.
2025-06-17T13:18:08.234+0900 [DEBUG] [org.gradle.launcher.daemon.server.DaemonStateCoordinator] Command execution: started DaemonCommandExecution[command = Build{id=6aa4e2bc-4aaa-44a0-b3d8-34aef9b66d86, currentDir=/Users/guddn/Desktop/KB_FullStack/08_spring/board}, connection = DefaultDaemonConnection: socket connection from /127.0.0.1:59374 to /127.0.0.1:59382] after 0.0 minutes of idle
2025-06-17T13:18:08.234+0900 [INFO] [org.gradle.launcher.daemon.server.DaemonRegistryUpdater] Marking the daemon as busy, address: [7d185ff4-6a60-49fe-9dfd-e9c3fbb93cb3 port:59374, addresses:[localhost/127.0.0.1]]
2025-06-17T13:18:08.234+0900 [DEBUG] [org.gradle.launcher.daemon.registry.PersistentDaemonRegistry] Marking busy by address: [7d185ff4-6a60-49fe-9dfd-e9c3fbb93cb3 port:59374, addresses:[localhost/127.0.0.1]]
2025-06-17T13:18:08.235+0900 [DEBUG] [org.gradle.cache.internal.DefaultFileLockManager] Waiting to acquire exclusive lock on daemon addresses registry.
2025-06-17T13:18:08.235+0900 [DEBUG] [org.gradle.cache.internal.DefaultFileLockManager] Lock acquired on daemon addresses registry.
2025-06-17T13:18:08.235+0900 [DEBUG] [org.gradle.cache.internal.DefaultFileLockManager] Releasing lock on daemon addresses registry.
2025-06-17T13:18:08.235+0900 [DEBUG] [org.gradle.launcher.daemon.server.DaemonStateCoordinator] resetting idle timer
2025-06-17T13:18:08.235+0900 [INFO] [org.gradle.launcher.daemon.server.exec.StartBuildOrRespondWithBusy] Daemon is about to start building Build{id=6aa4e2bc-4aaa-44a0-b3d8-34aef9b66d86, currentDir=/Users/guddn/Desktop/KB_FullStack/08_spring/board}. Dispatching build started information...
2025-06-17T13:18:08.235+0900 [DEBUG] [org.gradle.launcher.daemon.server.DaemonStateCoordinator] daemon is running. Sleeping until state changes.
2025-06-17T13:18:08.236+0900 [DEBUG] [org.gradle.launcher.daemon.server.SynchronizedDispatchConnection] thread 23: dispatching org.gradle.launcher.daemon.protocol.BuildStarted@6edab068
2025-06-17T13:18:08.236+0900 [DEBUG] [org.gradle.launcher.daemon.server.exec.EstablishBuildEnvironment] Configuring env variables: [PATH, JAVA_HOME, HOMEBREW_PREFIX, COMMAND_MODE, NVM_INC, TTY, LOGNAME, HOMEBREW_REPOSITORY, XPC_SERVICE_NAME, INFOPATH, __CFBundleIdentifier, NVM_CD_FLAGS, SHELL_PID, NVM_DIR, SHELL, PAGER, LSCOLORS, OLDPWD, HOMEBREW_CELLAR, USER, ZSH, TMPDIR, SSH_AUTH_SOCK, XPC_FLAGS, Q_SET_PARENT_CHECK, __CF_USER_TEXT_ENCODING, LESS, LC_CTYPE, LS_COLORS, NVM_BIN, HOME]
2025-06-17T13:18:08.236+0900 [DEBUG] [org.gradle.launcher.daemon.server.exec.LogToClient] About to start relaying all logs to the client via the connection.
2025-06-17T13:18:08.236+0900 [INFO] [org.gradle.launcher.daemon.server.exec.LogToClient] The client will now receive all logging from the daemon (pid: 50132). The daemon log file: /Users/guddn/Desktop/KB_FullStack/03_JAVA/daemon/8.8/daemon-50132.out.log
2025-06-17T13:18:08.238+0900 [INFO] [org.gradle.launcher.daemon.server.exec.LogAndCheckHealth] Starting 2nd build in daemon [uptime: 2.336 secs, performance: 99%, GC rate: 0.00/s, heap usage: 0% of 512 MiB, non-heap usage: 10% of 384 MiB]
2025-06-17T13:18:08.238+0900 [DEBUG] [org.gradle.launcher.daemon.server.exec.ExecuteBuild] The daemon has started executing the build.
2025-06-17T13:18:08.238+0900 [DEBUG] [org.gradle.launcher.daemon.server.exec.ExecuteBuild] Executing build with daemon context: DefaultDaemonContext[uid=32e17e3a-b107-4951-bdf1-cc991922fa4c,javaHome=/Users/guddn/Library/Java/JavaVirtualMachines/ms-17.0.15/Contents/Home,javaVersion=17,daemonRegistryDir=/Users/guddn/Desktop/KB_FullStack/03_JAVA/daemon,pid=50132,idleTimeout=10800000,priority=NORMAL,applyInstrumentationAgent=true,nativeServicesMode=ENABLED,daemonOpts=--add-opens=java.base/java.util=ALL-UNNAMED,--add-opens=java.base/java.lang=ALL-UNNAMED,--add-opens=java.base/java.lang.invoke=ALL-UNNAMED,--add-opens=java.prefs/java.util.prefs=ALL-UNNAMED,--add-opens=java.base/java.nio.charset=ALL-UNNAMED,--add-opens=java.base/java.net=ALL-UNNAMED,--add-opens=java.base/java.util.concurrent.atomic=ALL-UNNAMED,-XX:MaxMetaspaceSize=384m,-XX:+HeapDumpOnOutOfMemoryError,-Xms256m,-Xmx512m,-Dfile.encoding=UTF-8,-Duser.country=KR,-Duser.language=ko,-Duser.variant]

Deprecated Gradle features were used in this build, making it incompatible with Gradle 9.0.

You can use '--warning-mode all' to show the individual deprecation warnings and determine if they come from your own scripts or plugins.

For more on this, please refer to https://docs.gradle.org/8.8/userguide/command_line_interface.html#sec:command_line_warnings in the Gradle documentation.

BUILD SUCCESSFUL in 144ms
3 actionable tasks: 3 up-to-date
2025-06-17T13:18:08.386+0900 [DEBUG] [org.gradle.launcher.daemon.server.exec.ExecuteBuild] The daemon has finished executing the build.
2025-06-17T13:18:08.394+0900 [DEBUG] [org.gradle.launcher.daemon.server.DaemonStateCoordinator] Command execution: finished waiting for DaemonCommandExecution[command = Build{id=6aa4e2bc-4aaa-44a0-b3d8-34aef9b66d86, currentDir=/Users/guddn/Desktop/KB_FullStack/08_spring/board}, connection = DefaultDaemonConnection: socket connection from /127.0.0.1:59374 to /127.0.0.1:59382]. Result org.gradle.launcher.daemon.server.DaemonStateCoordinator@3136feb4 with state Busy
2025-06-17T13:18:08.394+0900 [DEBUG] [org.gradle.launcher.daemon.server.DaemonStateCoordinator] Command execution: completed DaemonCommandExecution[command = Build{id=6aa4e2bc-4aaa-44a0-b3d8-34aef9b66d86, currentDir=/Users/guddn/Desktop/KB_FullStack/08_spring/board}, connection = DefaultDaemonConnection: socket connection from /127.0.0.1:59374 to /127.0.0.1:59382]
2025-06-17T13:18:08.394+0900 [DEBUG] [org.gradle.launcher.daemon.server.DaemonStateCoordinator] resetting idle timer
2025-06-17T13:18:08.394+0900 [INFO] [org.gradle.launcher.daemon.server.DaemonRegistryUpdater] Marking the daemon as idle, address: [7d185ff4-6a60-49fe-9dfd-e9c3fbb93cb3 port:59374, addresses:[localhost/127.0.0.1]]
2025-06-17T13:18:08.394+0900 [DEBUG] [org.gradle.launcher.daemon.registry.PersistentDaemonRegistry] Marking busy by address: [7d185ff4-6a60-49fe-9dfd-e9c3fbb93cb3 port:59374, addresses:[localhost/127.0.0.1]]
2025-06-17T13:18:08.394+0900 [DEBUG] [org.gradle.cache.internal.DefaultFileLockManager] Waiting to acquire exclusive lock on daemon addresses registry.
2025-06-17T13:18:08.395+0900 [DEBUG] [org.gradle.cache.internal.DefaultFileLockManager] Lock acquired on daemon addresses registry.
2025-06-17T13:18:08.395+0900 [DEBUG] [org.gradle.cache.internal.DefaultFileLockManager] Releasing lock on daemon addresses registry.
2025-06-17T13:18:08.395+0900 [DEBUG] [org.gradle.launcher.daemon.server.DaemonStateCoordinator] daemon is running. Sleeping until state changes.
2025-06-17T13:18:08.395+0900 [DEBUG] [org.gradle.launcher.daemon.server.exec.ReturnResult] Daemon is dispatching the build result: Success[value=org.gradle.launcher.exec.BuildActionResult@10357b1]
2025-06-17T13:18:08.395+0900 [DEBUG] [org.gradle.launcher.daemon.server.SynchronizedDispatchConnection] thread 20: dispatching Success[value=org.gradle.launcher.exec.BuildActionResult@10357b1]
2025-06-17T13:18:08.395+0900 [DEBUG] [org.gradle.launcher.daemon.server.exec.CleanUpVirtualFileSystemAfterBuild] Cleaning virtual file system after build finished
2025-06-17T13:18:08.395+0900 [DEBUG] [org.gradle.launcher.daemon.server.DefaultIncomingConnectionHandler] Finishing executing command: Build{id=6aa4e2bc-4aaa-44a0-b3d8-34aef9b66d86, currentDir=/Users/guddn/Desktop/KB_FullStack/08_spring/board}
2025-06-17T13:18:08.395+0900 [DEBUG] [org.gradle.launcher.daemon.server.SynchronizedDispatchConnection] thread 77: received class org.gradle.launcher.daemon.protocol.CloseInput
2025-06-17T13:18:08.396+0900 [DEBUG] [org.gradle.launcher.daemon.server.DefaultDaemonConnection] thread 77: Received IO message from client: org.gradle.launcher.daemon.protocol.CloseInput@3870151d
2025-06-17T13:18:08.396+0900 [DEBUG] [org.gradle.launcher.daemon.server.SynchronizedDispatchConnection] thread 77: received class org.gradle.launcher.daemon.protocol.Finished
2025-06-17T13:18:08.396+0900 [DEBUG] [org.gradle.launcher.daemon.server.DefaultDaemonConnection] thread 77: Received non-IO message from client: org.gradle.launcher.daemon.protocol.Finished@36b7fc63
2025-06-17T13:18:08.396+0900 [DEBUG] [org.gradle.internal.remote.internal.inet.SocketConnection] Discarding EOFException: java.io.EOFException
2025-06-17T13:18:08.396+0900 [DEBUG] [org.gradle.launcher.daemon.server.SynchronizedDispatchConnection] thread 77: received null
2025-06-17T13:18:08.396+0900 [DEBUG] [org.gradle.launcher.daemon.server.DefaultDaemonConnection] thread 77: Received end-of-input from client.
2025-06-17T13:18:08.396+0900 [DEBUG] [org.gradle.launcher.daemon.server.DefaultIncomingConnectionHandler] Received finished message: org.gradle.launcher.daemon.protocol.Finished@36b7fc63
2025-06-17T13:18:08.397+0900 [DEBUG] [org.gradle.launcher.daemon.server.SynchronizedDispatchConnection] thread 20: stopping connection
2025-06-17T13:18:08.397+0900 [DEBUG] [org.gradle.launcher.daemon.server.SynchronizedDispatchConnection] thread 20: stopping connection
2025-06-17T13:18:15.981+0900 [DEBUG] [org.gradle.cache.internal.DefaultFileLockManager] Waiting to acquire shared lock on daemon addresses registry.
2025-06-17T13:18:15.982+0900 [DEBUG] [org.gradle.cache.internal.DefaultFileLockManager] Lock acquired on daemon addresses registry.
2025-06-17T13:18:15.983+0900 [DEBUG] [org.gradle.cache.internal.DefaultFileLockManager] Releasing lock on daemon addresses registry.
2025-06-17T13:18:15.984+0900 [DEBUG] [org.gradle.cache.internal.DefaultFileLockManager] Waiting to acquire shared lock on daemon addresses registry.
2025-06-17T13:18:15.985+0900 [DEBUG] [org.gradle.cache.internal.DefaultFileLockManager] Lock acquired on daemon addresses registry.
2025-06-17T13:18:15.985+0900 [DEBUG] [org.gradle.cache.internal.DefaultFileLockManager] Releasing lock on daemon addresses registry.
2025-06-17T13:18:25.979+0900 [DEBUG] [org.gradle.cache.internal.DefaultFileLockManager] Waiting to acquire shared lock on daemon addresses registry.
2025-06-17T13:18:25.980+0900 [DEBUG] [org.gradle.cache.internal.DefaultFileLockManager] Lock acquired on daemon addresses registry.
2025-06-17T13:18:25.980+0900 [DEBUG] [org.gradle.cache.internal.DefaultFileLockManager] Releasing lock on daemon addresses registry.
2025-06-17T13:18:25.981+0900 [DEBUG] [org.gradle.cache.internal.DefaultFileLockManager] Waiting to acquire shared lock on daemon addresses registry.
2025-06-17T13:18:25.981+0900 [DEBUG] [org.gradle.cache.internal.DefaultFileLockManager] Lock acquired on daemon addresses registry.
2025-06-17T13:18:25.982+0900 [DEBUG] [org.gradle.cache.internal.DefaultFileLockManager] Releasing lock on daemon addresses registry.
2025-06-17T13:18:25.982+0900 [DEBUG] [org.gradle.cache.internal.DefaultFileLockManager] Waiting to acquire shared lock on daemon addresses registry.
2025-06-17T13:18:25.982+0900 [DEBUG] [org.gradle.cache.internal.DefaultFileLockManager] Lock acquired on daemon addresses registry.
2025-06-17T13:18:25.983+0900 [DEBUG] [org.gradle.cache.internal.DefaultFileLockManager] Releasing lock on daemon addresses registry.
2025-06-17T13:18:35.979+0900 [DEBUG] [org.gradle.cache.internal.DefaultFileLockManager] Waiting to acquire shared lock on daemon addresses registry.
2025-06-17T13:18:35.980+0900 [DEBUG] [org.gradle.cache.internal.DefaultFileLockManager] Lock acquired on daemon addresses registry.
2025-06-17T13:18:35.981+0900 [DEBUG] [org.gradle.cache.internal.DefaultFileLockManager] Releasing lock on daemon addresses registry.
2025-06-17T13:18:35.982+0900 [DEBUG] [org.gradle.cache.internal.DefaultFileLockManager] Waiting to acquire shared lock on daemon addresses registry.
2025-06-17T13:18:35.982+0900 [DEBUG] [org.gradle.cache.internal.DefaultFileLockManager] Lock acquired on daemon addresses registry.
2025-06-17T13:18:35.982+0900 [DEBUG] [org.gradle.cache.internal.DefaultFileLockManager] Releasing lock on daemon addresses registry.
2025-06-17T13:18:35.983+0900 [DEBUG] [org.gradle.cache.internal.DefaultFileLockManager] Waiting to acquire shared lock on daemon addresses registry.
2025-06-17T13:18:35.983+0900 [DEBUG] [org.gradle.cache.internal.DefaultFileLockManager] Lock acquired on daemon addresses registry.
2025-06-17T13:18:35.984+0900 [DEBUG] [org.gradle.cache.internal.DefaultFileLockManager] Releasing lock on daemon addresses registry.
2025-06-17T13:18:45.980+0900 [DEBUG] [org.gradle.cache.internal.DefaultFileLockManager] Waiting to acquire shared lock on daemon addresses registry.
2025-06-17T13:18:45.981+0900 [DEBUG] [org.gradle.cache.internal.DefaultFileLockManager] Lock acquired on daemon addresses registry.
2025-06-17T13:18:45.981+0900 [DEBUG] [org.gradle.cache.internal.DefaultFileLockManager] Releasing lock on daemon addresses registry.
2025-06-17T13:18:45.982+0900 [DEBUG] [org.gradle.cache.internal.DefaultFileLockManager] Waiting to acquire shared lock on daemon addresses registry.
2025-06-17T13:18:45.982+0900 [DEBUG] [org.gradle.cache.internal.DefaultFileLockManager] Lock acquired on daemon addresses registry.
2025-06-17T13:18:45.982+0900 [DEBUG] [org.gradle.cache.internal.DefaultFileLockManager] Releasing lock on daemon addresses registry.
2025-06-17T13:18:45.982+0900 [DEBUG] [org.gradle.cache.internal.DefaultFileLockManager] Waiting to acquire shared lock on daemon addresses registry.
2025-06-17T13:18:45.982+0900 [DEBUG] [org.gradle.cache.internal.DefaultFileLockManager] Lock acquired on daemon addresses registry.
2025-06-17T13:18:45.983+0900 [DEBUG] [org.gradle.cache.internal.DefaultFileLockManager] Releasing lock on daemon addresses registry.
2025-06-17T13:18:52.463+0900 [DEBUG] [org.gradle.internal.remote.internal.inet.TcpIncomingConnector] Accepted connection from /127.0.0.1:59413 to /127.0.0.1:59374.
2025-06-17T13:18:52.467+0900 [DEBUG] [org.gradle.launcher.daemon.server.SynchronizedDispatchConnection] thread 112: received class org.gradle.launcher.daemon.protocol.StopWhenIdle
2025-06-17T13:18:52.467+0900 [DEBUG] [org.gradle.launcher.daemon.server.DefaultDaemonConnection] thread 112: Received non-IO message from client: StopWhenIdle[id=1b08391a-5f2a-4162-acc0-2552c86792c4]
2025-06-17T13:18:52.467+0900 [INFO] [org.gradle.launcher.daemon.server.DefaultIncomingConnectionHandler] Received command: StopWhenIdle[id=1b08391a-5f2a-4162-acc0-2552c86792c4].
2025-06-17T13:18:52.467+0900 [DEBUG] [org.gradle.launcher.daemon.server.DefaultIncomingConnectionHandler] Starting executing command: StopWhenIdle[id=1b08391a-5f2a-4162-acc0-2552c86792c4] with connection: socket connection from /127.0.0.1:59374 to /127.0.0.1:59413.
2025-06-17T13:18:52.467+0900 [DEBUG] [org.gradle.launcher.daemon.server.DaemonRegistryUpdater] Storing daemon stop event: stop command received
2025-06-17T13:18:52.468+0900 [DEBUG] [org.gradle.launcher.daemon.registry.PersistentDaemonRegistry] Storing daemon stop event with timestamp 1750133932468
2025-06-17T13:18:52.468+0900 [DEBUG] [org.gradle.cache.internal.DefaultFileLockManager] Waiting to acquire exclusive lock on daemon addresses registry.
2025-06-17T13:18:52.468+0900 [DEBUG] [org.gradle.cache.internal.DefaultFileLockManager] Lock acquired on daemon addresses registry.
2025-06-17T13:18:52.468+0900 [DEBUG] [org.gradle.cache.internal.DefaultFileLockManager] Releasing lock on daemon addresses registry.
2025-06-17T13:18:52.469+0900 [LIFECYCLE] [org.gradle.launcher.daemon.server.DaemonStateCoordinator] Daemon will be stopped at the end of the build stop command received
2025-06-17T13:18:52.469+0900 [DEBUG] [org.gradle.launcher.daemon.server.DaemonStateCoordinator] Marking daemon stopped due to stop command received. The daemon is running a build: false
2025-06-17T13:18:52.469+0900 [DEBUG] [org.gradle.launcher.daemon.server.SynchronizedDispatchConnection] thread 20: dispatching Success[value=null]
2025-06-17T13:18:52.469+0900 [DEBUG] [org.gradle.launcher.daemon.server.DaemonStateCoordinator] daemon has stopped.
2025-06-17T13:18:52.469+0900 [DEBUG] [org.gradle.launcher.daemon.server.DefaultIncomingConnectionHandler] Finishing executing command: StopWhenIdle[id=1b08391a-5f2a-4162-acc0-2552c86792c4]
2025-06-17T13:18:52.469+0900 [DEBUG] [org.gradle.launcher.daemon.server.SynchronizedDispatchConnection] thread 112: received class org.gradle.launcher.daemon.protocol.Finished
2025-06-17T13:18:52.469+0900 [DEBUG] [org.gradle.launcher.daemon.server.Daemon] stop() called on daemon
2025-06-17T13:18:52.469+0900 [DEBUG] [org.gradle.launcher.daemon.server.DefaultDaemonConnection] thread 112: Received non-IO message from client: org.gradle.launcher.daemon.protocol.Finished@1a6620ba
2025-06-17T13:18:52.469+0900 [INFO] [org.gradle.launcher.daemon.server.Daemon] Stop requested. Daemon is removing its presence from the registry...
2025-06-17T13:18:52.469+0900 [DEBUG] [org.gradle.internal.remote.internal.inet.SocketConnection] Discarding EOFException: java.io.EOFException
2025-06-17T13:18:52.469+0900 [DEBUG] [org.gradle.launcher.daemon.server.DefaultIncomingConnectionHandler] Received finished message: org.gradle.launcher.daemon.protocol.Finished@1a6620ba
2025-06-17T13:18:52.469+0900 [DEBUG] [org.gradle.launcher.daemon.server.DaemonRegistryUpdater] Removing our presence to clients, eg. removing this address from the registry: [7d185ff4-6a60-49fe-9dfd-e9c3fbb93cb3 port:59374, addresses:[localhost/127.0.0.1]]
2025-06-17T13:18:52.469+0900 [DEBUG] [org.gradle.launcher.daemon.server.SynchronizedDispatchConnection] thread 112: received null
2025-06-17T13:18:52.469+0900 [DEBUG] [org.gradle.launcher.daemon.registry.PersistentDaemonRegistry] Removing daemon address: [7d185ff4-6a60-49fe-9dfd-e9c3fbb93cb3 port:59374, addresses:[localhost/127.0.0.1]]
2025-06-17T13:18:52.469+0900 [DEBUG] [org.gradle.launcher.daemon.server.SynchronizedDispatchConnection] thread 20: stopping connection
2025-06-17T13:18:52.470+0900 [DEBUG] [org.gradle.launcher.daemon.server.DefaultDaemonConnection] thread 112: Received end-of-input from client.
2025-06-17T13:18:52.470+0900 [DEBUG] [org.gradle.cache.internal.DefaultFileLockManager] Waiting to acquire exclusive lock on daemon addresses registry.
2025-06-17T13:18:52.470+0900 [DEBUG] [org.gradle.launcher.daemon.server.SynchronizedDispatchConnection] thread 20: stopping connection
2025-06-17T13:18:52.470+0900 [DEBUG] [org.gradle.cache.internal.DefaultFileLockManager] Lock acquired on daemon addresses registry.
2025-06-17T13:18:52.470+0900 [DEBUG] [org.gradle.cache.internal.DefaultFileLockManager] Releasing lock on daemon addresses registry.
2025-06-17T13:18:52.470+0900 [DEBUG] [org.gradle.launcher.daemon.server.DaemonRegistryUpdater] Address removed from registry.
2025-06-17T13:18:52.472+0900 [DEBUG] [org.gradle.cache.internal.LockOnDemandCrossProcessCacheAccess] Releasing file lock for jars (/Users/guddn/Desktop/KB_FullStack/03_JAVA/caches/jars-9)
2025-06-17T13:18:52.472+0900 [DEBUG] [org.gradle.cache.internal.DefaultFileLockManager] Releasing lock on jars (/Users/guddn/Desktop/KB_FullStack/03_JAVA/caches/jars-9).
2025-06-17T13:18:52.472+0900 [DEBUG] [org.gradle.cache.internal.DefaultPersistentDirectoryStore] jars (/Users/guddn/Desktop/KB_FullStack/03_JAVA/caches/jars-9) has last been fully cleaned up 20 hours ago
2025-06-17T13:18:52.472+0900 [DEBUG] [org.gradle.cache.internal.LockOnDemandCrossProcessCacheAccess] Releasing file lock for file content cache (/Users/guddn/Desktop/KB_FullStack/03_JAVA/caches/8.8/fileContent)
2025-06-17T13:18:52.472+0900 [DEBUG] [org.gradle.cache.internal.DefaultFileLockManager] Releasing lock on file content cache (/Users/guddn/Desktop/KB_FullStack/03_JAVA/caches/8.8/fileContent).
2025-06-17T13:18:52.472+0900 [DEBUG] [org.gradle.internal.watch.vfs.impl.WatchingVirtualFileSystem] Closing VFS, dropping state
2025-06-17T13:18:52.473+0900 [DEBUG] [org.gradle.cache.internal.DefaultCacheCoordinator] Cache Generated Gradle JARs cache (/Users/guddn/Desktop/KB_FullStack/03_JAVA/caches/8.8/generated-gradle-jars) was closed 0 times.
2025-06-17T13:18:52.473+0900 [DEBUG] [org.gradle.internal.watch.registry.impl.DefaultFileWatcherRegistry] Finished listening to file system change events
2025-06-17T13:18:52.473+0900 [DEBUG] [org.gradle.cache.internal.LockOnDemandCrossProcessCacheAccess] Releasing file lock for artifact cache (/Users/guddn/Desktop/KB_FullStack/03_JAVA/caches/modules-2)
2025-06-17T13:18:52.473+0900 [DEBUG] [org.gradle.cache.internal.btree.BTreePersistentIndexedCache] Closing cache module-artifact.bin (/Users/guddn/Desktop/KB_FullStack/03_JAVA/caches/modules-2/metadata-2.106/module-artifact.bin)
2025-06-17T13:18:52.473+0900 [DEBUG] [org.gradle.cache.internal.btree.BTreePersistentIndexedCache] Closing cache module-metadata.bin (/Users/guddn/Desktop/KB_FullStack/03_JAVA/caches/modules-2/metadata-2.106/module-metadata.bin)
2025-06-17T13:18:52.473+0900 [DEBUG] [org.gradle.cache.internal.DefaultFileLockManager] Releasing lock on artifact cache (/Users/guddn/Desktop/KB_FullStack/03_JAVA/caches/modules-2).
2025-06-17T13:18:52.473+0900 [DEBUG] [org.gradle.cache.internal.DefaultPersistentDirectoryStore] artifact cache (/Users/guddn/Desktop/KB_FullStack/03_JAVA/caches/modules-2) has last been fully cleaned up 20 hours ago
2025-06-17T13:18:52.473+0900 [DEBUG] [org.gradle.cache.internal.DefaultPersistentDirectoryStore] groovy-dsl (/Users/guddn/Desktop/KB_FullStack/03_JAVA/caches/8.8/groovy-dsl) has last been fully cleaned up 20 hours ago
2025-06-17T13:18:52.473+0900 [DEBUG] [org.gradle.cache.internal.DefaultCacheCoordinator] Cache groovy-dsl (/Users/guddn/Desktop/KB_FullStack/03_JAVA/caches/8.8/groovy-dsl) was closed 0 times.
2025-06-17T13:18:52.473+0900 [DEBUG] [org.gradle.cache.internal.DefaultPersistentDirectoryStore] Artifact transforms cache (/Users/guddn/Desktop/KB_FullStack/03_JAVA/caches/8.8/transforms) has last been fully cleaned up 20 hours ago
2025-06-17T13:18:52.473+0900 [DEBUG] [org.gradle.cache.internal.DefaultCacheCoordinator] Cache Artifact transforms cache (/Users/guddn/Desktop/KB_FullStack/03_JAVA/caches/8.8/transforms) was closed 0 times.
2025-06-17T13:18:52.473+0900 [DEBUG] [org.gradle.cache.internal.LockOnDemandCrossProcessCacheAccess] Releasing file lock for journal cache (/Users/guddn/Desktop/KB_FullStack/03_JAVA/caches/journal-1)
2025-06-17T13:18:52.473+0900 [DEBUG] [org.gradle.cache.internal.btree.BTreePersistentIndexedCache] Closing cache file-access.bin (/Users/guddn/Desktop/KB_FullStack/03_JAVA/caches/journal-1/file-access.bin)
2025-06-17T13:18:52.473+0900 [DEBUG] [org.gradle.cache.internal.DefaultFileLockManager] Releasing lock on journal cache (/Users/guddn/Desktop/KB_FullStack/03_JAVA/caches/journal-1).
2025-06-17T13:18:52.474+0900 [DEBUG] [org.gradle.cache.internal.LockOnDemandCrossProcessCacheAccess] Releasing file lock for file hash cache (/Users/guddn/Desktop/KB_FullStack/03_JAVA/caches/8.8/fileHashes)
2025-06-17T13:18:52.474+0900 [DEBUG] [org.gradle.cache.internal.btree.BTreePersistentIndexedCache] Closing cache fileHashes.bin (/Users/guddn/Desktop/KB_FullStack/03_JAVA/caches/8.8/fileHashes/fileHashes.bin)
2025-06-17T13:18:52.474+0900 [DEBUG] [org.gradle.cache.internal.btree.BTreePersistentIndexedCache] Closing cache resourceHashesCache.bin (/Users/guddn/Desktop/KB_FullStack/03_JAVA/caches/8.8/fileHashes/resourceHashesCache.bin)
2025-06-17T13:18:52.474+0900 [DEBUG] [org.gradle.cache.internal.DefaultFileLockManager] Releasing lock on file hash cache (/Users/guddn/Desktop/KB_FullStack/03_JAVA/caches/8.8/fileHashes).
2025-06-17T13:18:52.474+0900 [DEBUG] [org.gradle.internal.operations.DefaultBuildOperationRunner] Build operation 'Deleting unused version-specific caches in /Users/guddn/Desktop/KB_FullStack/03_JAVA/caches' started
2025-06-17T13:18:52.474+0900 [DEBUG] [org.gradle.internal.operations.DefaultBuildOperationRunner] Completing Build operation 'Deleting unused version-specific caches in /Users/guddn/Desktop/KB_FullStack/03_JAVA/caches'
2025-06-17T13:18:52.474+0900 [DEBUG] [org.gradle.internal.operations.DefaultBuildOperationRunner] Build operation 'Deleting unused version-specific caches in /Users/guddn/Desktop/KB_FullStack/03_JAVA/caches' completed
Daemon vm is shutting down... The daemon has exited normally or was terminated in response to a user interrupt.
2025-06-17T13:18:52.475+0900 [DEBUG] [org.gradle.launcher.daemon.registry.PersistentDaemonRegistry] Removing daemon address: [7d185ff4-6a60-49fe-9dfd-e9c3fbb93cb3 port:59374, addresses:[localhost/127.0.0.1]]
2025-06-17T13:18:52.475+0900 [DEBUG] [org.gradle.cache.internal.DefaultFileLockManager] Waiting to acquire exclusive lock on daemon addresses registry.
2025-06-17T13:18:52.475+0900 [DEBUG] [org.gradle.cache.internal.DefaultFileLockManager] Lock acquired on daemon addresses registry.
2025-06-17T13:18:52.475+0900 [DEBUG] [org.gradle.cache.internal.DefaultFileLockManager] Releasing lock on daemon addresses registry.
