2025-05-28T14:31:21.913+0900 [DEBUG] [org.gradle.launcher.daemon.bootstrap.DaemonMain] Assuming the daemon was started with following jvm opts: [--add-opens=java.base/java.util=ALL-UNNAMED, --add-opens=java.base/java.lang=ALL-UNNAMED, --add-opens=java.base/java.lang.invoke=ALL-UNNAMED, --add-opens=java.prefs/java.util.prefs=ALL-UNNAMED, --add-opens=java.base/java.nio.charset=ALL-UNNAMED, --add-opens=java.base/java.net=ALL-UNNAMED, --add-opens=java.base/java.util.concurrent.atomic=ALL-UNNAMED, -XX:MaxMetaspaceSize=384m, -XX:+HeapDumpOnOutOfMemoryError, -Xms256m, -Xmx512m, -Dfile.encoding=UTF-8, -Duser.country=KR, -Duser.language=ko, -Duser.variant]
2025-05-28T14:31:21.971+0900 [INFO] [org.gradle.launcher.daemon.server.Daemon] start() called on daemon - DefaultDaemonContext[uid=26d7699e-a739-4f99-9681-7e9f3cea2b1b,javaHome=/Users/guddn/Library/Java/JavaVirtualMachines/ms-17.0.15/Contents/Home,javaVersion=17,daemonRegistryDir=/Users/guddn/Desktop/KB_FullStack/03_JAVA/daemon,pid=22658,idleTimeout=10800000,priority=NORMAL,applyInstrumentationAgent=true,nativeServicesMode=ENABLED,daemonOpts=--add-opens=java.base/java.util=ALL-UNNAMED,--add-opens=java.base/java.lang=ALL-UNNAMED,--add-opens=java.base/java.lang.invoke=ALL-UNNAMED,--add-opens=java.prefs/java.util.prefs=ALL-UNNAMED,--add-opens=java.base/java.nio.charset=ALL-UNNAMED,--add-opens=java.base/java.net=ALL-UNNAMED,--add-opens=java.base/java.util.concurrent.atomic=ALL-UNNAMED,-XX:MaxMetaspaceSize=384m,-XX:+HeapDumpOnOutOfMemoryError,-Xms256m,-Xmx512m,-Dfile.encoding=UTF-8,-Duser.country=KR,-Duser.language=ko,-Duser.variant]
2025-05-28T14:31:21.990+0900 [DEBUG] [org.gradle.internal.remote.internal.inet.InetAddresses] Adding IP addresses for network interface utun7
2025-05-28T14:31:21.990+0900 [DEBUG] [org.gradle.internal.remote.internal.inet.InetAddresses] Is this a loopback interface? false
2025-05-28T14:31:21.990+0900 [DEBUG] [org.gradle.internal.remote.internal.inet.InetAddresses] Adding remote address /fe80:0:0:0:49a5:a222:c0d3:6d87%utun7
2025-05-28T14:31:21.991+0900 [DEBUG] [org.gradle.internal.remote.internal.inet.InetAddresses] Adding IP addresses for network interface utun6
2025-05-28T14:31:21.991+0900 [DEBUG] [org.gradle.internal.remote.internal.inet.InetAddresses] Is this a loopback interface? false
2025-05-28T14:31:21.991+0900 [DEBUG] [org.gradle.internal.remote.internal.inet.InetAddresses] Adding remote address /fe80:0:0:0:9bc6:ed2c:eb0e:75cd%utun6
2025-05-28T14:31:21.991+0900 [DEBUG] [org.gradle.internal.remote.internal.inet.InetAddresses] Adding IP addresses for network interface utun5
2025-05-28T14:31:21.991+0900 [DEBUG] [org.gradle.internal.remote.internal.inet.InetAddresses] Is this a loopback interface? false
2025-05-28T14:31:21.991+0900 [DEBUG] [org.gradle.internal.remote.internal.inet.InetAddresses] Adding remote address /fe80:0:0:0:52f5:b140:5dd5:59cf%utun5
2025-05-28T14:31:21.991+0900 [DEBUG] [org.gradle.internal.remote.internal.inet.InetAddresses] Adding IP addresses for network interface utun4
2025-05-28T14:31:21.991+0900 [DEBUG] [org.gradle.internal.remote.internal.inet.InetAddresses] Is this a loopback interface? false
2025-05-28T14:31:21.992+0900 [DEBUG] [org.gradle.internal.remote.internal.inet.InetAddresses] Adding remote address /fe80:0:0:0:1e1:7e9e:c5b9:a2c1%utun4
2025-05-28T14:31:21.992+0900 [DEBUG] [org.gradle.internal.remote.internal.inet.InetAddresses] Adding IP addresses for network interface utun3
2025-05-28T14:31:21.992+0900 [DEBUG] [org.gradle.internal.remote.internal.inet.InetAddresses] Is this a loopback interface? false
2025-05-28T14:31:21.992+0900 [DEBUG] [org.gradle.internal.remote.internal.inet.InetAddresses] Adding remote address /fe80:0:0:0:ce81:b1c:bd2c:69e%utun3
2025-05-28T14:31:21.992+0900 [DEBUG] [org.gradle.internal.remote.internal.inet.InetAddresses] Adding IP addresses for network interface utun2
2025-05-28T14:31:21.992+0900 [DEBUG] [org.gradle.internal.remote.internal.inet.InetAddresses] Is this a loopback interface? false
2025-05-28T14:31:21.992+0900 [DEBUG] [org.gradle.internal.remote.internal.inet.InetAddresses] Adding remote address /fe80:0:0:0:1a08:4a46:8b92:afbe%utun2
2025-05-28T14:31:21.992+0900 [DEBUG] [org.gradle.internal.remote.internal.inet.InetAddresses] Adding IP addresses for network interface utun1
2025-05-28T14:31:21.992+0900 [DEBUG] [org.gradle.internal.remote.internal.inet.InetAddresses] Is this a loopback interface? false
2025-05-28T14:31:21.992+0900 [DEBUG] [org.gradle.internal.remote.internal.inet.InetAddresses] Adding remote address /fe80:0:0:0:5d75:d070:7b49:e093%utun1
2025-05-28T14:31:21.993+0900 [DEBUG] [org.gradle.internal.remote.internal.inet.InetAddresses] Adding IP addresses for network interface utun0
2025-05-28T14:31:21.993+0900 [DEBUG] [org.gradle.internal.remote.internal.inet.InetAddresses] Is this a loopback interface? false
2025-05-28T14:31:21.993+0900 [DEBUG] [org.gradle.internal.remote.internal.inet.InetAddresses] Adding remote address /fe80:0:0:0:b2c:5d3c:d65:f1c6%utun0
2025-05-28T14:31:21.993+0900 [DEBUG] [org.gradle.internal.remote.internal.inet.InetAddresses] Adding IP addresses for network interface llw0
2025-05-28T14:31:21.993+0900 [DEBUG] [org.gradle.internal.remote.internal.inet.InetAddresses] Is this a loopback interface? false
2025-05-28T14:31:21.993+0900 [DEBUG] [org.gradle.internal.remote.internal.inet.InetAddresses] Adding remote address /fe80:0:0:0:8e4:1aff:fe1c:116e%llw0
2025-05-28T14:31:21.993+0900 [DEBUG] [org.gradle.internal.remote.internal.inet.InetAddresses] Adding IP addresses for network interface awdl0
2025-05-28T14:31:21.993+0900 [DEBUG] [org.gradle.internal.remote.internal.inet.InetAddresses] Is this a loopback interface? false
2025-05-28T14:31:21.993+0900 [DEBUG] [org.gradle.internal.remote.internal.inet.InetAddresses] Adding remote address /fe80:0:0:0:8e4:1aff:fe1c:116e%awdl0
2025-05-28T14:31:21.993+0900 [DEBUG] [org.gradle.internal.remote.internal.inet.InetAddresses] Adding IP addresses for network interface en0
2025-05-28T14:31:21.994+0900 [DEBUG] [org.gradle.internal.remote.internal.inet.InetAddresses] Is this a loopback interface? false
2025-05-28T14:31:21.994+0900 [DEBUG] [org.gradle.internal.remote.internal.inet.InetAddresses] Adding remote address /fe80:0:0:0:434:4491:a25d:6e37%en0
2025-05-28T14:31:21.994+0900 [DEBUG] [org.gradle.internal.remote.internal.inet.InetAddresses] Adding remote address /192.168.50.128
2025-05-28T14:31:21.994+0900 [DEBUG] [org.gradle.internal.remote.internal.inet.InetAddresses] Adding IP addresses for network interface lo0
2025-05-28T14:31:21.994+0900 [DEBUG] [org.gradle.internal.remote.internal.inet.InetAddresses] Is this a loopback interface? true
2025-05-28T14:31:21.994+0900 [DEBUG] [org.gradle.internal.remote.internal.inet.InetAddresses] Ignoring remote address on loopback interface /fe80:0:0:0:0:0:0:1%lo0
2025-05-28T14:31:21.994+0900 [DEBUG] [org.gradle.internal.remote.internal.inet.InetAddresses] Adding loopback address /0:0:0:0:0:0:0:1%lo0
2025-05-28T14:31:21.994+0900 [DEBUG] [org.gradle.internal.remote.internal.inet.InetAddresses] Adding loopback address /127.0.0.1
2025-05-28T14:31:21.997+0900 [DEBUG] [org.gradle.internal.remote.internal.inet.TcpIncomingConnector] Listening on [04bf42d9-8aeb-465f-9a22-d9c5bf95eca4 port:49265, addresses:[localhost/127.0.0.1]].
2025-05-28T14:31:22.002+0900 [DEBUG] [org.gradle.launcher.daemon.server.Daemon] Daemon starting at: Wed May 28 14:31:21 KST 2025, with address: [04bf42d9-8aeb-465f-9a22-d9c5bf95eca4 port:49265, addresses:[localhost/127.0.0.1]]
2025-05-28T14:31:22.003+0900 [INFO] [org.gradle.launcher.daemon.server.DaemonRegistryUpdater] Advertising the daemon address to the clients: [04bf42d9-8aeb-465f-9a22-d9c5bf95eca4 port:49265, addresses:[localhost/127.0.0.1]]
2025-05-28T14:31:22.003+0900 [DEBUG] [org.gradle.launcher.daemon.server.DaemonRegistryUpdater] Advertised daemon context: DefaultDaemonContext[uid=26d7699e-a739-4f99-9681-7e9f3cea2b1b,javaHome=/Users/guddn/Library/Java/JavaVirtualMachines/ms-17.0.15/Contents/Home,javaVersion=17,daemonRegistryDir=/Users/guddn/Desktop/KB_FullStack/03_JAVA/daemon,pid=22658,idleTimeout=10800000,priority=NORMAL,applyInstrumentationAgent=true,nativeServicesMode=ENABLED,daemonOpts=--add-opens=java.base/java.util=ALL-UNNAMED,--add-opens=java.base/java.lang=ALL-UNNAMED,--add-opens=java.base/java.lang.invoke=ALL-UNNAMED,--add-opens=java.prefs/java.util.prefs=ALL-UNNAMED,--add-opens=java.base/java.nio.charset=ALL-UNNAMED,--add-opens=java.base/java.net=ALL-UNNAMED,--add-opens=java.base/java.util.concurrent.atomic=ALL-UNNAMED,-XX:MaxMetaspaceSize=384m,-XX:+HeapDumpOnOutOfMemoryError,-Xms256m,-Xmx512m,-Dfile.encoding=UTF-8,-Duser.country=KR,-Duser.language=ko,-Duser.variant]
2025-05-28T14:31:22.003+0900 [DEBUG] [org.gradle.launcher.daemon.registry.PersistentDaemonRegistry] Storing daemon address: [04bf42d9-8aeb-465f-9a22-d9c5bf95eca4 port:49265, addresses:[localhost/127.0.0.1]], context: DefaultDaemonContext[uid=26d7699e-a739-4f99-9681-7e9f3cea2b1b,javaHome=/Users/guddn/Library/Java/JavaVirtualMachines/ms-17.0.15/Contents/Home,javaVersion=17,daemonRegistryDir=/Users/guddn/Desktop/KB_FullStack/03_JAVA/daemon,pid=22658,idleTimeout=10800000,priority=NORMAL,applyInstrumentationAgent=true,nativeServicesMode=ENABLED,daemonOpts=--add-opens=java.base/java.util=ALL-UNNAMED,--add-opens=java.base/java.lang=ALL-UNNAMED,--add-opens=java.base/java.lang.invoke=ALL-UNNAMED,--add-opens=java.prefs/java.util.prefs=ALL-UNNAMED,--add-opens=java.base/java.nio.charset=ALL-UNNAMED,--add-opens=java.base/java.net=ALL-UNNAMED,--add-opens=java.base/java.util.concurrent.atomic=ALL-UNNAMED,-XX:MaxMetaspaceSize=384m,-XX:+HeapDumpOnOutOfMemoryError,-Xms256m,-Xmx512m,-Dfile.encoding=UTF-8,-Duser.country=KR,-Duser.language=ko,-Duser.variant]
2025-05-28T14:31:22.010+0900 [DEBUG] [org.gradle.cache.internal.DefaultFileLockManager] Waiting to acquire exclusive lock on daemon addresses registry.
2025-05-28T14:31:22.012+0900 [DEBUG] [org.gradle.cache.internal.DefaultFileLockManager] Lock acquired on daemon addresses registry.
2025-05-28T14:31:22.014+0900 [DEBUG] [org.gradle.cache.internal.DefaultFileLockManager] Releasing lock on daemon addresses registry.
2025-05-28T14:31:22.014+0900 [LIFECYCLE] [org.gradle.launcher.daemon.server.Daemon] Daemon server started.
2025-05-28T14:31:22.014+0900 [DEBUG] [org.gradle.launcher.daemon.bootstrap.DaemonStartupCommunication] Completed writing the daemon greeting. Closing streams...
2025-05-28T14:31:22.016+0900 [DEBUG] [org.gradle.launcher.daemon.server.Daemon] stopOnExpiration() called on daemon
2025-05-28T14:31:22.016+0900 [DEBUG] [org.gradle.launcher.daemon.server.Daemon] awaitExpiration() called on daemon
2025-05-28T14:31:22.017+0900 [DEBUG] [org.gradle.internal.remote.internal.inet.TcpIncomingConnector] Accepted connection from /127.0.0.1:49266 to /127.0.0.1:49265.
2025-05-28T14:31:22.017+0900 [DEBUG] [org.gradle.launcher.daemon.server.DaemonStateCoordinator] daemon is running. Sleeping until state changes.
2025-05-28T14:31:22.029+0900 [DEBUG] [org.gradle.launcher.daemon.server.SynchronizedDispatchConnection] thread 21: received class org.gradle.launcher.daemon.protocol.Build
2025-05-28T14:31:22.029+0900 [DEBUG] [org.gradle.launcher.daemon.server.DefaultDaemonConnection] thread 21: Received non-IO message from client: Build{id=e7394685-dd68-4983-b329-49b0999b2810, currentDir=/Users/guddn/Desktop/KB_FullStack/dynamic-web}
2025-05-28T14:31:22.029+0900 [INFO] [org.gradle.launcher.daemon.server.DefaultIncomingConnectionHandler] Received command: Build{id=e7394685-dd68-4983-b329-49b0999b2810, currentDir=/Users/guddn/Desktop/KB_FullStack/dynamic-web}.
2025-05-28T14:31:22.029+0900 [DEBUG] [org.gradle.launcher.daemon.server.DefaultIncomingConnectionHandler] Starting executing command: Build{id=e7394685-dd68-4983-b329-49b0999b2810, currentDir=/Users/guddn/Desktop/KB_FullStack/dynamic-web} with connection: socket connection from /127.0.0.1:49265 to /127.0.0.1:49266.
2025-05-28T14:31:22.030+0900 [DEBUG] [org.gradle.launcher.daemon.server.DaemonStateCoordinator] Command execution: started DaemonCommandExecution[command = Build{id=e7394685-dd68-4983-b329-49b0999b2810, currentDir=/Users/guddn/Desktop/KB_FullStack/dynamic-web}, connection = DefaultDaemonConnection: socket connection from /127.0.0.1:49265 to /127.0.0.1:49266] after 0.0 minutes of idle
2025-05-28T14:31:22.030+0900 [INFO] [org.gradle.launcher.daemon.server.DaemonRegistryUpdater] Marking the daemon as busy, address: [04bf42d9-8aeb-465f-9a22-d9c5bf95eca4 port:49265, addresses:[localhost/127.0.0.1]]
2025-05-28T14:31:22.030+0900 [DEBUG] [org.gradle.launcher.daemon.registry.PersistentDaemonRegistry] Marking busy by address: [04bf42d9-8aeb-465f-9a22-d9c5bf95eca4 port:49265, addresses:[localhost/127.0.0.1]]
2025-05-28T14:31:22.031+0900 [DEBUG] [org.gradle.cache.internal.DefaultFileLockManager] Waiting to acquire exclusive lock on daemon addresses registry.
2025-05-28T14:31:22.031+0900 [DEBUG] [org.gradle.cache.internal.DefaultFileLockManager] Lock acquired on daemon addresses registry.
2025-05-28T14:31:22.031+0900 [DEBUG] [org.gradle.cache.internal.DefaultFileLockManager] Releasing lock on daemon addresses registry.
2025-05-28T14:31:22.031+0900 [DEBUG] [org.gradle.launcher.daemon.server.DaemonStateCoordinator] resetting idle timer
2025-05-28T14:31:22.032+0900 [DEBUG] [org.gradle.launcher.daemon.server.DaemonStateCoordinator] daemon is running. Sleeping until state changes.
2025-05-28T14:31:22.032+0900 [INFO] [org.gradle.launcher.daemon.server.exec.StartBuildOrRespondWithBusy] Daemon is about to start building Build{id=e7394685-dd68-4983-b329-49b0999b2810, currentDir=/Users/guddn/Desktop/KB_FullStack/dynamic-web}. Dispatching build started information...
2025-05-28T14:31:22.032+0900 [DEBUG] [org.gradle.launcher.daemon.server.SynchronizedDispatchConnection] thread 23: dispatching org.gradle.launcher.daemon.protocol.BuildStarted@65665349
2025-05-28T14:31:22.032+0900 [DEBUG] [org.gradle.launcher.daemon.server.exec.EstablishBuildEnvironment] Configuring env variables: [PATH, JAVA_HOME, HOMEBREW_PREFIX, COMMAND_MODE, NVM_INC, LOGNAME, HOMEBREW_REPOSITORY, XPC_SERVICE_NAME, INFOPATH, __CFBundleIdentifier, NVM_CD_FLAGS, NVM_DIR, SHELL, PAGER, LSCOLORS, OLDPWD, HOMEBREW_CELLAR, USER, ZSH, TMPDIR, SSH_AUTH_SOCK, XPC_FLAGS, __CF_USER_TEXT_ENCODING, LESS, LC_CTYPE, LS_COLORS, NVM_BIN, HOME]
2025-05-28T14:31:22.034+0900 [DEBUG] [org.gradle.launcher.daemon.server.exec.LogToClient] About to start relaying all logs to the client via the connection.
2025-05-28T14:31:22.034+0900 [INFO] [org.gradle.launcher.daemon.server.exec.LogToClient] The client will now receive all logging from the daemon (pid: 22658). The daemon log file: /Users/guddn/Desktop/KB_FullStack/03_JAVA/daemon/8.8/daemon-22658.out.log
2025-05-28T14:31:22.034+0900 [INFO] [org.gradle.launcher.daemon.server.exec.LogAndCheckHealth] Starting build in new daemon [memory: 512 MiB]
2025-05-28T14:31:22.035+0900 [DEBUG] [org.gradle.launcher.daemon.server.exec.ExecuteBuild] The daemon has started executing the build.
2025-05-28T14:31:22.035+0900 [DEBUG] [org.gradle.launcher.daemon.server.exec.ExecuteBuild] Executing build with daemon context: DefaultDaemonContext[uid=26d7699e-a739-4f99-9681-7e9f3cea2b1b,javaHome=/Users/guddn/Library/Java/JavaVirtualMachines/ms-17.0.15/Contents/Home,javaVersion=17,daemonRegistryDir=/Users/guddn/Desktop/KB_FullStack/03_JAVA/daemon,pid=22658,idleTimeout=10800000,priority=NORMAL,applyInstrumentationAgent=true,nativeServicesMode=ENABLED,daemonOpts=--add-opens=java.base/java.util=ALL-UNNAMED,--add-opens=java.base/java.lang=ALL-UNNAMED,--add-opens=java.base/java.lang.invoke=ALL-UNNAMED,--add-opens=java.prefs/java.util.prefs=ALL-UNNAMED,--add-opens=java.base/java.nio.charset=ALL-UNNAMED,--add-opens=java.base/java.net=ALL-UNNAMED,--add-opens=java.base/java.util.concurrent.atomic=ALL-UNNAMED,-XX:MaxMetaspaceSize=384m,-XX:+HeapDumpOnOutOfMemoryError,-Xms256m,-Xmx512m,-Dfile.encoding=UTF-8,-Duser.country=KR,-Duser.language=ko,-Duser.variant]

Deprecated Gradle features were used in this build, making it incompatible with Gradle 9.0.

You can use '--warning-mode all' to show the individual deprecation warnings and determine if they come from your own scripts or plugins.

For more on this, please refer to https://docs.gradle.org/8.8/userguide/command_line_interface.html#sec:command_line_warnings in the Gradle documentation.

BUILD SUCCESSFUL in 2s
1 actionable task: 1 up-to-date
2025-05-28T14:31:23.826+0900 [DEBUG] [org.gradle.launcher.daemon.server.exec.ExecuteBuild] The daemon has finished executing the build.
2025-05-28T14:31:23.837+0900 [DEBUG] [org.gradle.launcher.daemon.server.DaemonStateCoordinator] daemon is running. Sleeping until state changes.
2025-05-28T14:31:23.837+0900 [DEBUG] [org.gradle.launcher.daemon.server.DaemonStateCoordinator] Command execution: finished waiting for DaemonCommandExecution[command = Build{id=e7394685-dd68-4983-b329-49b0999b2810, currentDir=/Users/guddn/Desktop/KB_FullStack/dynamic-web}, connection = DefaultDaemonConnection: socket connection from /127.0.0.1:49265 to /127.0.0.1:49266]. Result org.gradle.launcher.daemon.server.DaemonStateCoordinator@54347c4a with state Busy
2025-05-28T14:31:23.837+0900 [DEBUG] [org.gradle.launcher.daemon.server.DaemonStateCoordinator] Command execution: completed DaemonCommandExecution[command = Build{id=e7394685-dd68-4983-b329-49b0999b2810, currentDir=/Users/guddn/Desktop/KB_FullStack/dynamic-web}, connection = DefaultDaemonConnection: socket connection from /127.0.0.1:49265 to /127.0.0.1:49266]
2025-05-28T14:31:23.837+0900 [DEBUG] [org.gradle.launcher.daemon.server.DaemonStateCoordinator] resetting idle timer
2025-05-28T14:31:23.837+0900 [INFO] [org.gradle.launcher.daemon.server.DaemonRegistryUpdater] Marking the daemon as idle, address: [04bf42d9-8aeb-465f-9a22-d9c5bf95eca4 port:49265, addresses:[localhost/127.0.0.1]]
2025-05-28T14:31:23.838+0900 [DEBUG] [org.gradle.launcher.daemon.registry.PersistentDaemonRegistry] Marking busy by address: [04bf42d9-8aeb-465f-9a22-d9c5bf95eca4 port:49265, addresses:[localhost/127.0.0.1]]
2025-05-28T14:31:23.838+0900 [DEBUG] [org.gradle.cache.internal.DefaultFileLockManager] Waiting to acquire exclusive lock on daemon addresses registry.
2025-05-28T14:31:23.838+0900 [DEBUG] [org.gradle.cache.internal.DefaultFileLockManager] Lock acquired on daemon addresses registry.
2025-05-28T14:31:23.838+0900 [DEBUG] [org.gradle.cache.internal.DefaultFileLockManager] Releasing lock on daemon addresses registry.
2025-05-28T14:31:23.838+0900 [DEBUG] [org.gradle.launcher.daemon.server.DaemonStateCoordinator] daemon is running. Sleeping until state changes.
2025-05-28T14:31:23.838+0900 [DEBUG] [org.gradle.launcher.daemon.server.exec.ReturnResult] Daemon is dispatching the build result: Success[value=org.gradle.launcher.exec.BuildActionResult@67539c3]
2025-05-28T14:31:23.839+0900 [DEBUG] [org.gradle.launcher.daemon.server.SynchronizedDispatchConnection] thread 20: dispatching Success[value=org.gradle.launcher.exec.BuildActionResult@67539c3]
2025-05-28T14:31:23.839+0900 [DEBUG] [org.gradle.launcher.daemon.server.SynchronizedDispatchConnection] thread 21: received class org.gradle.launcher.daemon.protocol.CloseInput
2025-05-28T14:31:23.839+0900 [DEBUG] [org.gradle.launcher.daemon.server.DefaultDaemonConnection] thread 21: Received IO message from client: org.gradle.launcher.daemon.protocol.CloseInput@38751d93
2025-05-28T14:31:23.839+0900 [DEBUG] [org.gradle.launcher.daemon.server.SynchronizedDispatchConnection] thread 21: received class org.gradle.launcher.daemon.protocol.Finished
2025-05-28T14:31:23.839+0900 [DEBUG] [org.gradle.launcher.daemon.server.exec.CleanUpVirtualFileSystemAfterBuild] Cleaning virtual file system after build finished
2025-05-28T14:31:23.839+0900 [DEBUG] [org.gradle.launcher.daemon.server.DefaultDaemonConnection] thread 21: Received non-IO message from client: org.gradle.launcher.daemon.protocol.Finished@2ac51598
2025-05-28T14:31:23.840+0900 [DEBUG] [org.gradle.launcher.daemon.server.DefaultIncomingConnectionHandler] Finishing executing command: Build{id=e7394685-dd68-4983-b329-49b0999b2810, currentDir=/Users/guddn/Desktop/KB_FullStack/dynamic-web}
2025-05-28T14:31:23.840+0900 [DEBUG] [org.gradle.launcher.daemon.server.DefaultIncomingConnectionHandler] Received finished message: org.gradle.launcher.daemon.protocol.Finished@2ac51598
2025-05-28T14:31:23.840+0900 [DEBUG] [org.gradle.launcher.daemon.server.SynchronizedDispatchConnection] thread 20: stopping connection
2025-05-28T14:31:23.840+0900 [DEBUG] [org.gradle.internal.remote.internal.inet.SocketConnection] Discarding EOFException: java.io.EOFException
2025-05-28T14:31:23.840+0900 [DEBUG] [org.gradle.launcher.daemon.server.SynchronizedDispatchConnection] thread 21: received null
2025-05-28T14:31:23.840+0900 [DEBUG] [org.gradle.launcher.daemon.server.DefaultDaemonConnection] thread 21: Received end-of-input from client.
2025-05-28T14:31:23.842+0900 [DEBUG] [org.gradle.launcher.daemon.server.SynchronizedDispatchConnection] thread 20: stopping connection
2025-05-28T14:31:23.854+0900 [DEBUG] [org.gradle.internal.remote.internal.inet.TcpIncomingConnector] Accepted connection from /127.0.0.1:49267 to /127.0.0.1:49265.
2025-05-28T14:31:23.855+0900 [DEBUG] [org.gradle.launcher.daemon.server.SynchronizedDispatchConnection] thread 71: received class org.gradle.launcher.daemon.protocol.Build
2025-05-28T14:31:23.856+0900 [DEBUG] [org.gradle.launcher.daemon.server.DefaultDaemonConnection] thread 71: Received non-IO message from client: Build{id=cc55d895-a1fd-468a-852d-6cbb603c7f2a, currentDir=/Users/guddn/Desktop/KB_FullStack/dynamic-web}
2025-05-28T14:31:23.856+0900 [INFO] [org.gradle.launcher.daemon.server.DefaultIncomingConnectionHandler] Received command: Build{id=cc55d895-a1fd-468a-852d-6cbb603c7f2a, currentDir=/Users/guddn/Desktop/KB_FullStack/dynamic-web}.
2025-05-28T14:31:23.856+0900 [DEBUG] [org.gradle.launcher.daemon.server.DefaultIncomingConnectionHandler] Starting executing command: Build{id=cc55d895-a1fd-468a-852d-6cbb603c7f2a, currentDir=/Users/guddn/Desktop/KB_FullStack/dynamic-web} with connection: socket connection from /127.0.0.1:49265 to /127.0.0.1:49267.
2025-05-28T14:31:23.857+0900 [DEBUG] [org.gradle.launcher.daemon.server.DaemonStateCoordinator] Command execution: started DaemonCommandExecution[command = Build{id=cc55d895-a1fd-468a-852d-6cbb603c7f2a, currentDir=/Users/guddn/Desktop/KB_FullStack/dynamic-web}, connection = DefaultDaemonConnection: socket connection from /127.0.0.1:49265 to /127.0.0.1:49267] after 0.0 minutes of idle
2025-05-28T14:31:23.857+0900 [INFO] [org.gradle.launcher.daemon.server.DaemonRegistryUpdater] Marking the daemon as busy, address: [04bf42d9-8aeb-465f-9a22-d9c5bf95eca4 port:49265, addresses:[localhost/127.0.0.1]]
2025-05-28T14:31:23.857+0900 [DEBUG] [org.gradle.launcher.daemon.registry.PersistentDaemonRegistry] Marking busy by address: [04bf42d9-8aeb-465f-9a22-d9c5bf95eca4 port:49265, addresses:[localhost/127.0.0.1]]
2025-05-28T14:31:23.857+0900 [DEBUG] [org.gradle.cache.internal.DefaultFileLockManager] Waiting to acquire exclusive lock on daemon addresses registry.
2025-05-28T14:31:23.857+0900 [DEBUG] [org.gradle.cache.internal.DefaultFileLockManager] Lock acquired on daemon addresses registry.
2025-05-28T14:31:23.857+0900 [DEBUG] [org.gradle.cache.internal.DefaultFileLockManager] Releasing lock on daemon addresses registry.
2025-05-28T14:31:23.858+0900 [DEBUG] [org.gradle.launcher.daemon.server.DaemonStateCoordinator] resetting idle timer
2025-05-28T14:31:23.858+0900 [DEBUG] [org.gradle.launcher.daemon.server.DaemonStateCoordinator] daemon is running. Sleeping until state changes.
2025-05-28T14:31:23.858+0900 [INFO] [org.gradle.launcher.daemon.server.exec.StartBuildOrRespondWithBusy] Daemon is about to start building Build{id=cc55d895-a1fd-468a-852d-6cbb603c7f2a, currentDir=/Users/guddn/Desktop/KB_FullStack/dynamic-web}. Dispatching build started information...
2025-05-28T14:31:23.858+0900 [DEBUG] [org.gradle.launcher.daemon.server.SynchronizedDispatchConnection] thread 23: dispatching org.gradle.launcher.daemon.protocol.BuildStarted@4c6b5495
2025-05-28T14:31:23.858+0900 [DEBUG] [org.gradle.launcher.daemon.server.exec.EstablishBuildEnvironment] Configuring env variables: [PATH, JAVA_HOME, HOMEBREW_PREFIX, COMMAND_MODE, NVM_INC, LOGNAME, HOMEBREW_REPOSITORY, XPC_SERVICE_NAME, INFOPATH, __CFBundleIdentifier, NVM_CD_FLAGS, NVM_DIR, SHELL, PAGER, LSCOLORS, OLDPWD, HOMEBREW_CELLAR, USER, ZSH, TMPDIR, SSH_AUTH_SOCK, XPC_FLAGS, __CF_USER_TEXT_ENCODING, LESS, LC_CTYPE, LS_COLORS, NVM_BIN, HOME]
2025-05-28T14:31:23.859+0900 [DEBUG] [org.gradle.launcher.daemon.server.exec.LogToClient] About to start relaying all logs to the client via the connection.
2025-05-28T14:31:23.859+0900 [INFO] [org.gradle.launcher.daemon.server.exec.LogToClient] The client will now receive all logging from the daemon (pid: 22658). The daemon log file: /Users/guddn/Desktop/KB_FullStack/03_JAVA/daemon/8.8/daemon-22658.out.log
2025-05-28T14:31:23.861+0900 [INFO] [org.gradle.launcher.daemon.server.exec.LogAndCheckHealth] Starting 2nd build in daemon [uptime: 1.917 secs, performance: 99%, GC rate: 0.00/s, heap usage: 0% of 512 MiB, non-heap usage: 9% of 384 MiB]
2025-05-28T14:31:23.861+0900 [DEBUG] [org.gradle.launcher.daemon.server.exec.ExecuteBuild] The daemon has started executing the build.
2025-05-28T14:31:23.862+0900 [DEBUG] [org.gradle.launcher.daemon.server.exec.ExecuteBuild] Executing build with daemon context: DefaultDaemonContext[uid=26d7699e-a739-4f99-9681-7e9f3cea2b1b,javaHome=/Users/guddn/Library/Java/JavaVirtualMachines/ms-17.0.15/Contents/Home,javaVersion=17,daemonRegistryDir=/Users/guddn/Desktop/KB_FullStack/03_JAVA/daemon,pid=22658,idleTimeout=10800000,priority=NORMAL,applyInstrumentationAgent=true,nativeServicesMode=ENABLED,daemonOpts=--add-opens=java.base/java.util=ALL-UNNAMED,--add-opens=java.base/java.lang=ALL-UNNAMED,--add-opens=java.base/java.lang.invoke=ALL-UNNAMED,--add-opens=java.prefs/java.util.prefs=ALL-UNNAMED,--add-opens=java.base/java.nio.charset=ALL-UNNAMED,--add-opens=java.base/java.net=ALL-UNNAMED,--add-opens=java.base/java.util.concurrent.atomic=ALL-UNNAMED,-XX:MaxMetaspaceSize=384m,-XX:+HeapDumpOnOutOfMemoryError,-Xms256m,-Xmx512m,-Dfile.encoding=UTF-8,-Duser.country=KR,-Duser.language=ko,-Duser.variant]

Deprecated Gradle features were used in this build, making it incompatible with Gradle 9.0.

You can use '--warning-mode all' to show the individual deprecation warnings and determine if they come from your own scripts or plugins.

For more on this, please refer to https://docs.gradle.org/8.8/userguide/command_line_interface.html#sec:command_line_warnings in the Gradle documentation.

BUILD SUCCESSFUL in 127ms
2 actionable tasks: 2 up-to-date
2025-05-28T14:31:23.990+0900 [DEBUG] [org.gradle.launcher.daemon.server.exec.ExecuteBuild] The daemon has finished executing the build.
2025-05-28T14:31:23.996+0900 [DEBUG] [org.gradle.launcher.daemon.server.DaemonStateCoordinator] daemon is running. Sleeping until state changes.
2025-05-28T14:31:23.996+0900 [DEBUG] [org.gradle.launcher.daemon.server.DaemonStateCoordinator] Command execution: finished waiting for DaemonCommandExecution[command = Build{id=cc55d895-a1fd-468a-852d-6cbb603c7f2a, currentDir=/Users/guddn/Desktop/KB_FullStack/dynamic-web}, connection = DefaultDaemonConnection: socket connection from /127.0.0.1:49265 to /127.0.0.1:49267]. Result org.gradle.launcher.daemon.server.DaemonStateCoordinator@54347c4a with state Busy
2025-05-28T14:31:23.996+0900 [DEBUG] [org.gradle.launcher.daemon.server.DaemonStateCoordinator] Command execution: completed DaemonCommandExecution[command = Build{id=cc55d895-a1fd-468a-852d-6cbb603c7f2a, currentDir=/Users/guddn/Desktop/KB_FullStack/dynamic-web}, connection = DefaultDaemonConnection: socket connection from /127.0.0.1:49265 to /127.0.0.1:49267]
2025-05-28T14:31:23.996+0900 [DEBUG] [org.gradle.launcher.daemon.server.DaemonStateCoordinator] resetting idle timer
2025-05-28T14:31:23.996+0900 [INFO] [org.gradle.launcher.daemon.server.DaemonRegistryUpdater] Marking the daemon as idle, address: [04bf42d9-8aeb-465f-9a22-d9c5bf95eca4 port:49265, addresses:[localhost/127.0.0.1]]
2025-05-28T14:31:23.996+0900 [DEBUG] [org.gradle.launcher.daemon.registry.PersistentDaemonRegistry] Marking busy by address: [04bf42d9-8aeb-465f-9a22-d9c5bf95eca4 port:49265, addresses:[localhost/127.0.0.1]]
2025-05-28T14:31:23.996+0900 [DEBUG] [org.gradle.cache.internal.DefaultFileLockManager] Waiting to acquire exclusive lock on daemon addresses registry.
2025-05-28T14:31:23.996+0900 [DEBUG] [org.gradle.cache.internal.DefaultFileLockManager] Lock acquired on daemon addresses registry.
2025-05-28T14:31:23.996+0900 [DEBUG] [org.gradle.cache.internal.DefaultFileLockManager] Releasing lock on daemon addresses registry.
2025-05-28T14:31:23.997+0900 [DEBUG] [org.gradle.launcher.daemon.server.exec.ReturnResult] Daemon is dispatching the build result: Success[value=org.gradle.launcher.exec.BuildActionResult@68e39840]
2025-05-28T14:31:23.997+0900 [DEBUG] [org.gradle.launcher.daemon.server.DaemonStateCoordinator] daemon is running. Sleeping until state changes.
2025-05-28T14:31:23.997+0900 [DEBUG] [org.gradle.launcher.daemon.server.SynchronizedDispatchConnection] thread 20: dispatching Success[value=org.gradle.launcher.exec.BuildActionResult@68e39840]
2025-05-28T14:31:23.997+0900 [DEBUG] [org.gradle.launcher.daemon.server.exec.CleanUpVirtualFileSystemAfterBuild] Cleaning virtual file system after build finished
2025-05-28T14:31:23.997+0900 [DEBUG] [org.gradle.launcher.daemon.server.DefaultIncomingConnectionHandler] Finishing executing command: Build{id=cc55d895-a1fd-468a-852d-6cbb603c7f2a, currentDir=/Users/guddn/Desktop/KB_FullStack/dynamic-web}
2025-05-28T14:31:23.997+0900 [DEBUG] [org.gradle.launcher.daemon.server.SynchronizedDispatchConnection] thread 71: received class org.gradle.launcher.daemon.protocol.CloseInput
2025-05-28T14:31:23.997+0900 [DEBUG] [org.gradle.launcher.daemon.server.DefaultDaemonConnection] thread 71: Received IO message from client: org.gradle.launcher.daemon.protocol.CloseInput@3158544b
2025-05-28T14:31:23.997+0900 [DEBUG] [org.gradle.launcher.daemon.server.SynchronizedDispatchConnection] thread 71: received class org.gradle.launcher.daemon.protocol.Finished
2025-05-28T14:31:23.997+0900 [DEBUG] [org.gradle.launcher.daemon.server.DefaultDaemonConnection] thread 71: Received non-IO message from client: org.gradle.launcher.daemon.protocol.Finished@3f9fbc10
2025-05-28T14:31:23.997+0900 [DEBUG] [org.gradle.launcher.daemon.server.DefaultIncomingConnectionHandler] Received finished message: org.gradle.launcher.daemon.protocol.Finished@3f9fbc10
2025-05-28T14:31:23.997+0900 [DEBUG] [org.gradle.launcher.daemon.server.SynchronizedDispatchConnection] thread 20: stopping connection
2025-05-28T14:31:23.997+0900 [DEBUG] [org.gradle.internal.remote.internal.inet.SocketConnection] Discarding EOFException: java.io.EOFException
2025-05-28T14:31:23.998+0900 [DEBUG] [org.gradle.launcher.daemon.server.SynchronizedDispatchConnection] thread 71: received null
2025-05-28T14:31:23.998+0900 [DEBUG] [org.gradle.launcher.daemon.server.DefaultDaemonConnection] thread 71: Received end-of-input from client.
2025-05-28T14:31:23.998+0900 [DEBUG] [org.gradle.launcher.daemon.server.SynchronizedDispatchConnection] thread 20: stopping connection
2025-05-28T14:31:32.019+0900 [DEBUG] [org.gradle.cache.internal.DefaultFileLockManager] Waiting to acquire shared lock on daemon addresses registry.
2025-05-28T14:31:32.019+0900 [DEBUG] [org.gradle.cache.internal.DefaultFileLockManager] Lock acquired on daemon addresses registry.
2025-05-28T14:31:32.019+0900 [DEBUG] [org.gradle.cache.internal.DefaultFileLockManager] Releasing lock on daemon addresses registry.
2025-05-28T14:31:32.020+0900 [DEBUG] [org.gradle.cache.internal.DefaultFileLockManager] Waiting to acquire shared lock on daemon addresses registry.
2025-05-28T14:31:32.020+0900 [DEBUG] [org.gradle.cache.internal.DefaultFileLockManager] Lock acquired on daemon addresses registry.
2025-05-28T14:31:32.020+0900 [DEBUG] [org.gradle.cache.internal.DefaultFileLockManager] Releasing lock on daemon addresses registry.
2025-05-28T14:31:42.022+0900 [DEBUG] [org.gradle.cache.internal.DefaultFileLockManager] Waiting to acquire shared lock on daemon addresses registry.
2025-05-28T14:31:42.022+0900 [DEBUG] [org.gradle.cache.internal.DefaultFileLockManager] Lock acquired on daemon addresses registry.
2025-05-28T14:31:42.022+0900 [DEBUG] [org.gradle.cache.internal.DefaultFileLockManager] Releasing lock on daemon addresses registry.
2025-05-28T14:31:42.022+0900 [DEBUG] [org.gradle.cache.internal.DefaultFileLockManager] Waiting to acquire shared lock on daemon addresses registry.
2025-05-28T14:31:42.022+0900 [DEBUG] [org.gradle.cache.internal.DefaultFileLockManager] Lock acquired on daemon addresses registry.
2025-05-28T14:31:42.023+0900 [DEBUG] [org.gradle.cache.internal.DefaultFileLockManager] Releasing lock on daemon addresses registry.
2025-05-28T14:31:42.023+0900 [DEBUG] [org.gradle.cache.internal.DefaultFileLockManager] Waiting to acquire shared lock on daemon addresses registry.
2025-05-28T14:31:42.023+0900 [DEBUG] [org.gradle.cache.internal.DefaultFileLockManager] Lock acquired on daemon addresses registry.
2025-05-28T14:31:42.023+0900 [DEBUG] [org.gradle.cache.internal.DefaultFileLockManager] Releasing lock on daemon addresses registry.
2025-05-28T14:31:52.022+0900 [DEBUG] [org.gradle.cache.internal.DefaultFileLockManager] Waiting to acquire shared lock on daemon addresses registry.
2025-05-28T14:31:52.022+0900 [DEBUG] [org.gradle.cache.internal.DefaultFileLockManager] Lock acquired on daemon addresses registry.
2025-05-28T14:31:52.023+0900 [DEBUG] [org.gradle.cache.internal.DefaultFileLockManager] Releasing lock on daemon addresses registry.
2025-05-28T14:31:52.023+0900 [DEBUG] [org.gradle.cache.internal.DefaultFileLockManager] Waiting to acquire shared lock on daemon addresses registry.
2025-05-28T14:31:52.023+0900 [DEBUG] [org.gradle.cache.internal.DefaultFileLockManager] Lock acquired on daemon addresses registry.
2025-05-28T14:31:52.024+0900 [DEBUG] [org.gradle.cache.internal.DefaultFileLockManager] Releasing lock on daemon addresses registry.
2025-05-28T14:31:52.024+0900 [DEBUG] [org.gradle.cache.internal.DefaultFileLockManager] Waiting to acquire shared lock on daemon addresses registry.
2025-05-28T14:31:52.024+0900 [DEBUG] [org.gradle.cache.internal.DefaultFileLockManager] Lock acquired on daemon addresses registry.
2025-05-28T14:31:52.024+0900 [DEBUG] [org.gradle.cache.internal.DefaultFileLockManager] Releasing lock on daemon addresses registry.
2025-05-28T14:31:53.143+0900 [DEBUG] [org.gradle.internal.remote.internal.inet.TcpIncomingConnector] Accepted connection from /127.0.0.1:49286 to /127.0.0.1:49265.
2025-05-28T14:31:53.148+0900 [DEBUG] [org.gradle.launcher.daemon.server.SynchronizedDispatchConnection] thread 100: received class org.gradle.launcher.daemon.protocol.StopWhenIdle
2025-05-28T14:31:53.148+0900 [DEBUG] [org.gradle.launcher.daemon.server.DefaultDaemonConnection] thread 100: Received non-IO message from client: StopWhenIdle[id=8dd05282-87a0-44f7-83a3-7e8585262017]
2025-05-28T14:31:53.148+0900 [INFO] [org.gradle.launcher.daemon.server.DefaultIncomingConnectionHandler] Received command: StopWhenIdle[id=8dd05282-87a0-44f7-83a3-7e8585262017].
2025-05-28T14:31:53.148+0900 [DEBUG] [org.gradle.launcher.daemon.server.DefaultIncomingConnectionHandler] Starting executing command: StopWhenIdle[id=8dd05282-87a0-44f7-83a3-7e8585262017] with connection: socket connection from /127.0.0.1:49265 to /127.0.0.1:49286.
2025-05-28T14:31:53.148+0900 [DEBUG] [org.gradle.launcher.daemon.server.DaemonRegistryUpdater] Storing daemon stop event: stop command received
2025-05-28T14:31:53.148+0900 [DEBUG] [org.gradle.launcher.daemon.registry.PersistentDaemonRegistry] Storing daemon stop event with timestamp 1748410313149
2025-05-28T14:31:53.149+0900 [DEBUG] [org.gradle.cache.internal.DefaultFileLockManager] Waiting to acquire exclusive lock on daemon addresses registry.
2025-05-28T14:31:53.149+0900 [DEBUG] [org.gradle.cache.internal.DefaultFileLockManager] Lock acquired on daemon addresses registry.
2025-05-28T14:31:53.149+0900 [DEBUG] [org.gradle.cache.internal.DefaultFileLockManager] Releasing lock on daemon addresses registry.
2025-05-28T14:31:53.149+0900 [LIFECYCLE] [org.gradle.launcher.daemon.server.DaemonStateCoordinator] Daemon will be stopped at the end of the build stop command received
2025-05-28T14:31:53.149+0900 [DEBUG] [org.gradle.launcher.daemon.server.DaemonStateCoordinator] Marking daemon stopped due to stop command received. The daemon is running a build: false
2025-05-28T14:31:53.149+0900 [DEBUG] [org.gradle.launcher.daemon.server.SynchronizedDispatchConnection] thread 20: dispatching Success[value=null]
2025-05-28T14:31:53.149+0900 [DEBUG] [org.gradle.launcher.daemon.server.DaemonStateCoordinator] daemon has stopped.
2025-05-28T14:31:53.149+0900 [DEBUG] [org.gradle.launcher.daemon.server.DefaultIncomingConnectionHandler] Finishing executing command: StopWhenIdle[id=8dd05282-87a0-44f7-83a3-7e8585262017]
2025-05-28T14:31:53.150+0900 [DEBUG] [org.gradle.launcher.daemon.server.Daemon] stop() called on daemon
2025-05-28T14:31:53.150+0900 [DEBUG] [org.gradle.launcher.daemon.server.SynchronizedDispatchConnection] thread 100: received class org.gradle.launcher.daemon.protocol.Finished
2025-05-28T14:31:53.150+0900 [DEBUG] [org.gradle.internal.remote.internal.inet.TcpIncomingConnector] Accepted connection from /127.0.0.1:49287 to /127.0.0.1:49265.
2025-05-28T14:31:53.150+0900 [INFO] [org.gradle.launcher.daemon.server.Daemon] Stop requested. Daemon is removing its presence from the registry...
2025-05-28T14:31:53.150+0900 [DEBUG] [org.gradle.cache.internal.locklistener.DefaultFileLockContentionHandler] Gradle process at port 56838 confirmed unlock request for lock with id -6847875290681016713.
2025-05-28T14:31:53.150+0900 [DEBUG] [org.gradle.launcher.daemon.server.DefaultDaemonConnection] thread 100: Received non-IO message from client: org.gradle.launcher.daemon.protocol.Finished@45caa58
2025-05-28T14:31:53.150+0900 [DEBUG] [org.gradle.cache.internal.locklistener.DefaultFileLockContentionHandler] Gradle process at port 56838 confirmed unlock request for lock with id -6847875290681016713.
2025-05-28T14:31:53.151+0900 [DEBUG] [org.gradle.launcher.daemon.server.DaemonRegistryUpdater] Removing our presence to clients, eg. removing this address from the registry: [04bf42d9-8aeb-465f-9a22-d9c5bf95eca4 port:49265, addresses:[localhost/127.0.0.1]]
2025-05-28T14:31:53.151+0900 [DEBUG] [org.gradle.internal.remote.internal.inet.SocketConnection] Discarding EOFException: java.io.EOFException
2025-05-28T14:31:53.150+0900 [DEBUG] [org.gradle.launcher.daemon.server.DefaultIncomingConnectionHandler] Received finished message: org.gradle.launcher.daemon.protocol.Finished@45caa58
2025-05-28T14:31:53.151+0900 [DEBUG] [org.gradle.launcher.daemon.server.SynchronizedDispatchConnection] thread 100: received null
2025-05-28T14:31:53.151+0900 [DEBUG] [org.gradle.launcher.daemon.registry.PersistentDaemonRegistry] Removing daemon address: [04bf42d9-8aeb-465f-9a22-d9c5bf95eca4 port:49265, addresses:[localhost/127.0.0.1]]
2025-05-28T14:31:53.151+0900 [DEBUG] [org.gradle.launcher.daemon.server.DefaultDaemonConnection] thread 100: Received end-of-input from client.
2025-05-28T14:31:53.151+0900 [DEBUG] [org.gradle.launcher.daemon.server.SynchronizedDispatchConnection] thread 20: stopping connection
2025-05-28T14:31:53.151+0900 [DEBUG] [org.gradle.launcher.daemon.server.SynchronizedDispatchConnection] thread 20: stopping connection
2025-05-28T14:31:53.151+0900 [DEBUG] [org.gradle.cache.internal.DefaultFileLockManager] Waiting to acquire exclusive lock on daemon addresses registry.
2025-05-28T14:31:53.151+0900 [DEBUG] [org.gradle.cache.internal.DefaultFileLockManager] Lock acquired on daemon addresses registry.
2025-05-28T14:31:53.151+0900 [DEBUG] [org.gradle.launcher.daemon.server.SynchronizedDispatchConnection] thread 102: received class org.gradle.launcher.daemon.protocol.ReportStatus
2025-05-28T14:31:53.151+0900 [DEBUG] [org.gradle.launcher.daemon.server.DefaultDaemonConnection] thread 102: Received non-IO message from client: ReportStatus[id=313ba5b6-7ea0-466f-ae40-e6aab2ec5c4e]
2025-05-28T14:31:53.151+0900 [DEBUG] [org.gradle.cache.internal.DefaultFileLockManager] Releasing lock on daemon addresses registry.
2025-05-28T14:31:53.151+0900 [INFO] [org.gradle.launcher.daemon.server.DefaultIncomingConnectionHandler] Received command: ReportStatus[id=313ba5b6-7ea0-466f-ae40-e6aab2ec5c4e].
2025-05-28T14:31:53.152+0900 [DEBUG] [org.gradle.launcher.daemon.server.DaemonRegistryUpdater] Address removed from registry.
2025-05-28T14:31:53.152+0900 [DEBUG] [org.gradle.launcher.daemon.server.DefaultIncomingConnectionHandler] Starting executing command: ReportStatus[id=313ba5b6-7ea0-466f-ae40-e6aab2ec5c4e] with connection: socket connection from /127.0.0.1:49265 to /127.0.0.1:49287.
2025-05-28T14:31:53.152+0900 [DEBUG] [org.gradle.launcher.daemon.server.SynchronizedDispatchConnection] thread 101: dispatching Success[value=org.gradle.launcher.daemon.protocol.Status@5eaeff6b]
2025-05-28T14:31:53.153+0900 [DEBUG] [org.gradle.launcher.daemon.server.DefaultIncomingConnectionHandler] Finishing executing command: ReportStatus[id=313ba5b6-7ea0-466f-ae40-e6aab2ec5c4e]
2025-05-28T14:31:53.153+0900 [DEBUG] [org.gradle.launcher.daemon.server.SynchronizedDispatchConnection] thread 102: received class org.gradle.launcher.daemon.protocol.Finished
2025-05-28T14:31:53.153+0900 [DEBUG] [org.gradle.launcher.daemon.server.DefaultDaemonConnection] thread 102: Received non-IO message from client: org.gradle.launcher.daemon.protocol.Finished@2b46917c
2025-05-28T14:31:53.154+0900 [DEBUG] [org.gradle.launcher.daemon.server.DefaultIncomingConnectionHandler] Received finished message: org.gradle.launcher.daemon.protocol.Finished@2b46917c
2025-05-28T14:31:53.154+0900 [DEBUG] [org.gradle.launcher.daemon.server.SynchronizedDispatchConnection] thread 101: stopping connection
2025-05-28T14:31:53.154+0900 [DEBUG] [org.gradle.internal.remote.internal.inet.SocketConnection] Discarding EOFException: java.io.EOFException
2025-05-28T14:31:53.154+0900 [DEBUG] [org.gradle.launcher.daemon.server.SynchronizedDispatchConnection] thread 102: received null
2025-05-28T14:31:53.154+0900 [DEBUG] [org.gradle.launcher.daemon.server.DefaultDaemonConnection] thread 102: Received end-of-input from client.
2025-05-28T14:31:53.155+0900 [DEBUG] [org.gradle.launcher.daemon.server.SynchronizedDispatchConnection] thread 101: stopping connection
2025-05-28T14:31:53.156+0900 [DEBUG] [org.gradle.cache.internal.LockOnDemandCrossProcessCacheAccess] Releasing file lock for jars (/Users/guddn/Desktop/KB_FullStack/03_JAVA/caches/jars-9)
2025-05-28T14:31:53.156+0900 [DEBUG] [org.gradle.cache.internal.DefaultFileLockManager] Releasing lock on jars (/Users/guddn/Desktop/KB_FullStack/03_JAVA/caches/jars-9).
2025-05-28T14:31:53.156+0900 [DEBUG] [org.gradle.cache.internal.DefaultPersistentDirectoryStore] jars (/Users/guddn/Desktop/KB_FullStack/03_JAVA/caches/jars-9) has last been fully cleaned up 3 hours ago
2025-05-28T14:31:53.157+0900 [DEBUG] [org.gradle.cache.internal.LockOnDemandCrossProcessCacheAccess] Releasing file lock for file content cache (/Users/guddn/Desktop/KB_FullStack/03_JAVA/caches/8.8/fileContent)
2025-05-28T14:31:53.157+0900 [DEBUG] [org.gradle.cache.internal.DefaultFileLockManager] Releasing lock on file content cache (/Users/guddn/Desktop/KB_FullStack/03_JAVA/caches/8.8/fileContent).
2025-05-28T14:31:53.157+0900 [DEBUG] [org.gradle.internal.watch.vfs.impl.WatchingVirtualFileSystem] Closing VFS, dropping state
2025-05-28T14:31:53.158+0900 [DEBUG] [org.gradle.cache.internal.DefaultCacheCoordinator] Cache Generated Gradle JARs cache (/Users/guddn/Desktop/KB_FullStack/03_JAVA/caches/8.8/generated-gradle-jars) was closed 0 times.
2025-05-28T14:31:53.158+0900 [DEBUG] [org.gradle.internal.watch.registry.impl.DefaultFileWatcherRegistry] Finished listening to file system change events
2025-05-28T14:31:53.158+0900 [DEBUG] [org.gradle.cache.internal.LockOnDemandCrossProcessCacheAccess] Releasing file lock for artifact cache (/Users/guddn/Desktop/KB_FullStack/03_JAVA/caches/modules-2)
2025-05-28T14:31:53.158+0900 [DEBUG] [org.gradle.cache.internal.btree.BTreePersistentIndexedCache] Closing cache module-artifact.bin (/Users/guddn/Desktop/KB_FullStack/03_JAVA/caches/modules-2/metadata-2.106/module-artifact.bin)
2025-05-28T14:31:53.158+0900 [DEBUG] [org.gradle.cache.internal.btree.BTreePersistentIndexedCache] Closing cache module-metadata.bin (/Users/guddn/Desktop/KB_FullStack/03_JAVA/caches/modules-2/metadata-2.106/module-metadata.bin)
2025-05-28T14:31:53.158+0900 [DEBUG] [org.gradle.cache.internal.DefaultFileLockManager] Releasing lock on artifact cache (/Users/guddn/Desktop/KB_FullStack/03_JAVA/caches/modules-2).
2025-05-28T14:31:53.158+0900 [DEBUG] [org.gradle.cache.internal.DefaultPersistentDirectoryStore] artifact cache (/Users/guddn/Desktop/KB_FullStack/03_JAVA/caches/modules-2) has last been fully cleaned up 3 hours ago
2025-05-28T14:31:53.159+0900 [DEBUG] [org.gradle.cache.internal.DefaultPersistentDirectoryStore] groovy-dsl (/Users/guddn/Desktop/KB_FullStack/03_JAVA/caches/8.8/groovy-dsl) has last been fully cleaned up 3 hours ago
2025-05-28T14:31:53.159+0900 [DEBUG] [org.gradle.cache.internal.DefaultCacheCoordinator] Cache groovy-dsl (/Users/guddn/Desktop/KB_FullStack/03_JAVA/caches/8.8/groovy-dsl) was closed 0 times.
2025-05-28T14:31:53.159+0900 [DEBUG] [org.gradle.cache.internal.DefaultPersistentDirectoryStore] Artifact transforms cache (/Users/guddn/Desktop/KB_FullStack/03_JAVA/caches/8.8/transforms) has last been fully cleaned up 3 hours ago
2025-05-28T14:31:53.159+0900 [DEBUG] [org.gradle.cache.internal.DefaultCacheCoordinator] Cache Artifact transforms cache (/Users/guddn/Desktop/KB_FullStack/03_JAVA/caches/8.8/transforms) was closed 0 times.
2025-05-28T14:31:53.159+0900 [DEBUG] [org.gradle.cache.internal.LockOnDemandCrossProcessCacheAccess] Releasing file lock for journal cache (/Users/guddn/Desktop/KB_FullStack/03_JAVA/caches/journal-1)
2025-05-28T14:31:53.159+0900 [DEBUG] [org.gradle.cache.internal.btree.BTreePersistentIndexedCache] Closing cache file-access.bin (/Users/guddn/Desktop/KB_FullStack/03_JAVA/caches/journal-1/file-access.bin)
2025-05-28T14:31:53.160+0900 [DEBUG] [org.gradle.cache.internal.DefaultFileLockManager] Releasing lock on journal cache (/Users/guddn/Desktop/KB_FullStack/03_JAVA/caches/journal-1).
2025-05-28T14:31:53.160+0900 [DEBUG] [org.gradle.cache.internal.LockOnDemandCrossProcessCacheAccess] Releasing file lock for file hash cache (/Users/guddn/Desktop/KB_FullStack/03_JAVA/caches/8.8/fileHashes)
2025-05-28T14:31:53.160+0900 [DEBUG] [org.gradle.cache.internal.btree.BTreePersistentIndexedCache] Closing cache fileHashes.bin (/Users/guddn/Desktop/KB_FullStack/03_JAVA/caches/8.8/fileHashes/fileHashes.bin)
2025-05-28T14:31:53.160+0900 [DEBUG] [org.gradle.cache.internal.btree.BTreePersistentIndexedCache] Closing cache resourceHashesCache.bin (/Users/guddn/Desktop/KB_FullStack/03_JAVA/caches/8.8/fileHashes/resourceHashesCache.bin)
2025-05-28T14:31:53.160+0900 [DEBUG] [org.gradle.cache.internal.DefaultFileLockManager] Releasing lock on file hash cache (/Users/guddn/Desktop/KB_FullStack/03_JAVA/caches/8.8/fileHashes).
2025-05-28T14:31:53.161+0900 [DEBUG] [org.gradle.internal.operations.DefaultBuildOperationRunner] Build operation 'Deleting unused version-specific caches in /Users/guddn/Desktop/KB_FullStack/03_JAVA/caches' started
2025-05-28T14:31:53.161+0900 [DEBUG] [org.gradle.internal.operations.DefaultBuildOperationRunner] Completing Build operation 'Deleting unused version-specific caches in /Users/guddn/Desktop/KB_FullStack/03_JAVA/caches'
2025-05-28T14:31:53.161+0900 [DEBUG] [org.gradle.internal.operations.DefaultBuildOperationRunner] Build operation 'Deleting unused version-specific caches in /Users/guddn/Desktop/KB_FullStack/03_JAVA/caches' completed
Daemon vm is shutting down... The daemon has exited normally or was terminated in response to a user interrupt.
2025-05-28T14:31:53.162+0900 [DEBUG] [org.gradle.launcher.daemon.registry.PersistentDaemonRegistry] Removing daemon address: [04bf42d9-8aeb-465f-9a22-d9c5bf95eca4 port:49265, addresses:[localhost/127.0.0.1]]
2025-05-28T14:31:53.162+0900 [DEBUG] [org.gradle.cache.internal.DefaultFileLockManager] Waiting to acquire exclusive lock on daemon addresses registry.
2025-05-28T14:31:53.162+0900 [DEBUG] [org.gradle.cache.internal.DefaultFileLockManager] Lock acquired on daemon addresses registry.
2025-05-28T14:31:53.162+0900 [DEBUG] [org.gradle.cache.internal.DefaultFileLockManager] Releasing lock on daemon addresses registry.
