2025-06-10T14:32:11.230+0900 [DEBUG] [org.gradle.launcher.daemon.bootstrap.DaemonMain] Assuming the daemon was started with following jvm opts: [--add-opens=java.base/java.util=ALL-UNNAMED, --add-opens=java.base/java.lang=ALL-UNNAMED, --add-opens=java.base/java.lang.invoke=ALL-UNNAMED, --add-opens=java.prefs/java.util.prefs=ALL-UNNAMED, --add-opens=java.base/java.nio.charset=ALL-UNNAMED, --add-opens=java.base/java.net=ALL-UNNAMED, --add-opens=java.base/java.util.concurrent.atomic=ALL-UNNAMED, -XX:MaxMetaspaceSize=384m, -XX:+HeapDumpOnOutOfMemoryError, -Xms256m, -Xmx512m, -Dfile.encoding=UTF-8, -Duser.country=KR, -Duser.language=ko, -Duser.variant]
2025-06-10T14:32:11.284+0900 [INFO] [org.gradle.launcher.daemon.server.Daemon] start() called on daemon - DefaultDaemonContext[uid=56e0fb49-ec24-48bc-9bbf-3f04f2918d4b,javaHome=/Users/guddn/Library/Java/JavaVirtualMachines/ms-17.0.15/Contents/Home,javaVersion=17,daemonRegistryDir=/Users/guddn/Desktop/KB_FullStack/03_JAVA/daemon,pid=75748,idleTimeout=10800000,priority=NORMAL,applyInstrumentationAgent=true,nativeServicesMode=ENABLED,daemonOpts=--add-opens=java.base/java.util=ALL-UNNAMED,--add-opens=java.base/java.lang=ALL-UNNAMED,--add-opens=java.base/java.lang.invoke=ALL-UNNAMED,--add-opens=java.prefs/java.util.prefs=ALL-UNNAMED,--add-opens=java.base/java.nio.charset=ALL-UNNAMED,--add-opens=java.base/java.net=ALL-UNNAMED,--add-opens=java.base/java.util.concurrent.atomic=ALL-UNNAMED,-XX:MaxMetaspaceSize=384m,-XX:+HeapDumpOnOutOfMemoryError,-Xms256m,-Xmx512m,-Dfile.encoding=UTF-8,-Duser.country=KR,-Duser.language=ko,-Duser.variant]
2025-06-10T14:32:11.304+0900 [DEBUG] [org.gradle.internal.remote.internal.inet.InetAddresses] Adding IP addresses for network interface utun5
2025-06-10T14:32:11.304+0900 [DEBUG] [org.gradle.internal.remote.internal.inet.InetAddresses] Is this a loopback interface? false
2025-06-10T14:32:11.304+0900 [DEBUG] [org.gradle.internal.remote.internal.inet.InetAddresses] Adding remote address /fe80:0:0:0:d4c0:cf86:415e:b149%utun5
2025-06-10T14:32:11.304+0900 [DEBUG] [org.gradle.internal.remote.internal.inet.InetAddresses] Adding IP addresses for network interface utun4
2025-06-10T14:32:11.304+0900 [DEBUG] [org.gradle.internal.remote.internal.inet.InetAddresses] Is this a loopback interface? false
2025-06-10T14:32:11.305+0900 [DEBUG] [org.gradle.internal.remote.internal.inet.InetAddresses] Adding remote address /fe80:0:0:0:6e4d:375e:23e4:e64%utun4
2025-06-10T14:32:11.305+0900 [DEBUG] [org.gradle.internal.remote.internal.inet.InetAddresses] Adding IP addresses for network interface utun3
2025-06-10T14:32:11.305+0900 [DEBUG] [org.gradle.internal.remote.internal.inet.InetAddresses] Is this a loopback interface? false
2025-06-10T14:32:11.305+0900 [DEBUG] [org.gradle.internal.remote.internal.inet.InetAddresses] Adding remote address /fe80:0:0:0:ce81:b1c:bd2c:69e%utun3
2025-06-10T14:32:11.305+0900 [DEBUG] [org.gradle.internal.remote.internal.inet.InetAddresses] Adding IP addresses for network interface utun2
2025-06-10T14:32:11.305+0900 [DEBUG] [org.gradle.internal.remote.internal.inet.InetAddresses] Is this a loopback interface? false
2025-06-10T14:32:11.305+0900 [DEBUG] [org.gradle.internal.remote.internal.inet.InetAddresses] Adding remote address /fe80:0:0:0:e2dd:fe8a:1d01:e350%utun2
2025-06-10T14:32:11.305+0900 [DEBUG] [org.gradle.internal.remote.internal.inet.InetAddresses] Adding IP addresses for network interface utun1
2025-06-10T14:32:11.305+0900 [DEBUG] [org.gradle.internal.remote.internal.inet.InetAddresses] Is this a loopback interface? false
2025-06-10T14:32:11.306+0900 [DEBUG] [org.gradle.internal.remote.internal.inet.InetAddresses] Adding remote address /fe80:0:0:0:920b:5c29:faf2:cb88%utun1
2025-06-10T14:32:11.306+0900 [DEBUG] [org.gradle.internal.remote.internal.inet.InetAddresses] Adding IP addresses for network interface utun0
2025-06-10T14:32:11.306+0900 [DEBUG] [org.gradle.internal.remote.internal.inet.InetAddresses] Is this a loopback interface? false
2025-06-10T14:32:11.306+0900 [DEBUG] [org.gradle.internal.remote.internal.inet.InetAddresses] Adding remote address /fe80:0:0:0:c9ef:cbaf:859a:48f1%utun0
2025-06-10T14:32:11.306+0900 [DEBUG] [org.gradle.internal.remote.internal.inet.InetAddresses] Adding IP addresses for network interface llw0
2025-06-10T14:32:11.306+0900 [DEBUG] [org.gradle.internal.remote.internal.inet.InetAddresses] Is this a loopback interface? false
2025-06-10T14:32:11.306+0900 [DEBUG] [org.gradle.internal.remote.internal.inet.InetAddresses] Adding remote address /fe80:0:0:0:8071:8dff:fe43:9e5c%llw0
2025-06-10T14:32:11.306+0900 [DEBUG] [org.gradle.internal.remote.internal.inet.InetAddresses] Adding IP addresses for network interface awdl0
2025-06-10T14:32:11.306+0900 [DEBUG] [org.gradle.internal.remote.internal.inet.InetAddresses] Is this a loopback interface? false
2025-06-10T14:32:11.306+0900 [DEBUG] [org.gradle.internal.remote.internal.inet.InetAddresses] Adding remote address /fe80:0:0:0:8071:8dff:fe43:9e5c%awdl0
2025-06-10T14:32:11.307+0900 [DEBUG] [org.gradle.internal.remote.internal.inet.InetAddresses] Adding IP addresses for network interface en0
2025-06-10T14:32:11.307+0900 [DEBUG] [org.gradle.internal.remote.internal.inet.InetAddresses] Is this a loopback interface? false
2025-06-10T14:32:11.307+0900 [DEBUG] [org.gradle.internal.remote.internal.inet.InetAddresses] Adding remote address /fe80:0:0:0:c1e:b4a3:337d:765%en0
2025-06-10T14:32:11.307+0900 [DEBUG] [org.gradle.internal.remote.internal.inet.InetAddresses] Adding remote address /192.168.50.79
2025-06-10T14:32:11.307+0900 [DEBUG] [org.gradle.internal.remote.internal.inet.InetAddresses] Adding IP addresses for network interface lo0
2025-06-10T14:32:11.307+0900 [DEBUG] [org.gradle.internal.remote.internal.inet.InetAddresses] Is this a loopback interface? true
2025-06-10T14:32:11.307+0900 [DEBUG] [org.gradle.internal.remote.internal.inet.InetAddresses] Ignoring remote address on loopback interface /fe80:0:0:0:0:0:0:1%lo0
2025-06-10T14:32:11.307+0900 [DEBUG] [org.gradle.internal.remote.internal.inet.InetAddresses] Adding loopback address /0:0:0:0:0:0:0:1%lo0
2025-06-10T14:32:11.307+0900 [DEBUG] [org.gradle.internal.remote.internal.inet.InetAddresses] Adding loopback address /127.0.0.1
2025-06-10T14:32:11.310+0900 [DEBUG] [org.gradle.internal.remote.internal.inet.TcpIncomingConnector] Listening on [c529d8b8-b5b3-4ef5-8105-b930083de974 port:58749, addresses:[localhost/127.0.0.1]].
2025-06-10T14:32:11.315+0900 [DEBUG] [org.gradle.launcher.daemon.server.Daemon] Daemon starting at: Tue Jun 10 14:32:11 KST 2025, with address: [c529d8b8-b5b3-4ef5-8105-b930083de974 port:58749, addresses:[localhost/127.0.0.1]]
2025-06-10T14:32:11.315+0900 [INFO] [org.gradle.launcher.daemon.server.DaemonRegistryUpdater] Advertising the daemon address to the clients: [c529d8b8-b5b3-4ef5-8105-b930083de974 port:58749, addresses:[localhost/127.0.0.1]]
2025-06-10T14:32:11.315+0900 [DEBUG] [org.gradle.launcher.daemon.server.DaemonRegistryUpdater] Advertised daemon context: DefaultDaemonContext[uid=56e0fb49-ec24-48bc-9bbf-3f04f2918d4b,javaHome=/Users/guddn/Library/Java/JavaVirtualMachines/ms-17.0.15/Contents/Home,javaVersion=17,daemonRegistryDir=/Users/guddn/Desktop/KB_FullStack/03_JAVA/daemon,pid=75748,idleTimeout=10800000,priority=NORMAL,applyInstrumentationAgent=true,nativeServicesMode=ENABLED,daemonOpts=--add-opens=java.base/java.util=ALL-UNNAMED,--add-opens=java.base/java.lang=ALL-UNNAMED,--add-opens=java.base/java.lang.invoke=ALL-UNNAMED,--add-opens=java.prefs/java.util.prefs=ALL-UNNAMED,--add-opens=java.base/java.nio.charset=ALL-UNNAMED,--add-opens=java.base/java.net=ALL-UNNAMED,--add-opens=java.base/java.util.concurrent.atomic=ALL-UNNAMED,-XX:MaxMetaspaceSize=384m,-XX:+HeapDumpOnOutOfMemoryError,-Xms256m,-Xmx512m,-Dfile.encoding=UTF-8,-Duser.country=KR,-Duser.language=ko,-Duser.variant]
2025-06-10T14:32:11.316+0900 [DEBUG] [org.gradle.launcher.daemon.registry.PersistentDaemonRegistry] Storing daemon address: [c529d8b8-b5b3-4ef5-8105-b930083de974 port:58749, addresses:[localhost/127.0.0.1]], context: DefaultDaemonContext[uid=56e0fb49-ec24-48bc-9bbf-3f04f2918d4b,javaHome=/Users/guddn/Library/Java/JavaVirtualMachines/ms-17.0.15/Contents/Home,javaVersion=17,daemonRegistryDir=/Users/guddn/Desktop/KB_FullStack/03_JAVA/daemon,pid=75748,idleTimeout=10800000,priority=NORMAL,applyInstrumentationAgent=true,nativeServicesMode=ENABLED,daemonOpts=--add-opens=java.base/java.util=ALL-UNNAMED,--add-opens=java.base/java.lang=ALL-UNNAMED,--add-opens=java.base/java.lang.invoke=ALL-UNNAMED,--add-opens=java.prefs/java.util.prefs=ALL-UNNAMED,--add-opens=java.base/java.nio.charset=ALL-UNNAMED,--add-opens=java.base/java.net=ALL-UNNAMED,--add-opens=java.base/java.util.concurrent.atomic=ALL-UNNAMED,-XX:MaxMetaspaceSize=384m,-XX:+HeapDumpOnOutOfMemoryError,-Xms256m,-Xmx512m,-Dfile.encoding=UTF-8,-Duser.country=KR,-Duser.language=ko,-Duser.variant]
2025-06-10T14:32:11.323+0900 [DEBUG] [org.gradle.cache.internal.DefaultFileLockManager] Waiting to acquire exclusive lock on daemon addresses registry.
2025-06-10T14:32:11.324+0900 [DEBUG] [org.gradle.cache.internal.DefaultFileLockManager] Lock acquired on daemon addresses registry.
2025-06-10T14:32:11.326+0900 [DEBUG] [org.gradle.cache.internal.DefaultFileLockManager] Releasing lock on daemon addresses registry.
2025-06-10T14:32:11.326+0900 [LIFECYCLE] [org.gradle.launcher.daemon.server.Daemon] Daemon server started.
2025-06-10T14:32:11.327+0900 [DEBUG] [org.gradle.launcher.daemon.bootstrap.DaemonStartupCommunication] Completed writing the daemon greeting. Closing streams...
2025-06-10T14:32:11.328+0900 [DEBUG] [org.gradle.launcher.daemon.server.Daemon] stopOnExpiration() called on daemon
2025-06-10T14:32:11.329+0900 [DEBUG] [org.gradle.launcher.daemon.server.Daemon] awaitExpiration() called on daemon
2025-06-10T14:32:11.329+0900 [DEBUG] [org.gradle.launcher.daemon.server.DaemonStateCoordinator] daemon is running. Sleeping until state changes.
2025-06-10T14:32:11.329+0900 [DEBUG] [org.gradle.internal.remote.internal.inet.TcpIncomingConnector] Accepted connection from /127.0.0.1:58750 to /127.0.0.1:58749.
2025-06-10T14:32:11.342+0900 [DEBUG] [org.gradle.launcher.daemon.server.SynchronizedDispatchConnection] thread 21: received class org.gradle.launcher.daemon.protocol.Build
2025-06-10T14:32:11.342+0900 [DEBUG] [org.gradle.launcher.daemon.server.DefaultDaemonConnection] thread 21: Received non-IO message from client: Build{id=bd93315b-6744-46df-9ea9-76d9748755d8, currentDir=/Users/guddn/Desktop/KB_FullStack/08_spring/SpringLegacy}
2025-06-10T14:32:11.342+0900 [INFO] [org.gradle.launcher.daemon.server.DefaultIncomingConnectionHandler] Received command: Build{id=bd93315b-6744-46df-9ea9-76d9748755d8, currentDir=/Users/guddn/Desktop/KB_FullStack/08_spring/SpringLegacy}.
2025-06-10T14:32:11.342+0900 [DEBUG] [org.gradle.launcher.daemon.server.DefaultIncomingConnectionHandler] Starting executing command: Build{id=bd93315b-6744-46df-9ea9-76d9748755d8, currentDir=/Users/guddn/Desktop/KB_FullStack/08_spring/SpringLegacy} with connection: socket connection from /127.0.0.1:58749 to /127.0.0.1:58750.
2025-06-10T14:32:11.343+0900 [DEBUG] [org.gradle.launcher.daemon.server.DaemonStateCoordinator] Command execution: started DaemonCommandExecution[command = Build{id=bd93315b-6744-46df-9ea9-76d9748755d8, currentDir=/Users/guddn/Desktop/KB_FullStack/08_spring/SpringLegacy}, connection = DefaultDaemonConnection: socket connection from /127.0.0.1:58749 to /127.0.0.1:58750] after 0.0 minutes of idle
2025-06-10T14:32:11.343+0900 [INFO] [org.gradle.launcher.daemon.server.DaemonRegistryUpdater] Marking the daemon as busy, address: [c529d8b8-b5b3-4ef5-8105-b930083de974 port:58749, addresses:[localhost/127.0.0.1]]
2025-06-10T14:32:11.343+0900 [DEBUG] [org.gradle.launcher.daemon.registry.PersistentDaemonRegistry] Marking busy by address: [c529d8b8-b5b3-4ef5-8105-b930083de974 port:58749, addresses:[localhost/127.0.0.1]]
2025-06-10T14:32:11.344+0900 [DEBUG] [org.gradle.cache.internal.DefaultFileLockManager] Waiting to acquire exclusive lock on daemon addresses registry.
2025-06-10T14:32:11.344+0900 [DEBUG] [org.gradle.cache.internal.DefaultFileLockManager] Lock acquired on daemon addresses registry.
2025-06-10T14:32:11.344+0900 [DEBUG] [org.gradle.cache.internal.DefaultFileLockManager] Releasing lock on daemon addresses registry.
2025-06-10T14:32:11.344+0900 [DEBUG] [org.gradle.launcher.daemon.server.DaemonStateCoordinator] resetting idle timer
2025-06-10T14:32:11.344+0900 [DEBUG] [org.gradle.launcher.daemon.server.DaemonStateCoordinator] daemon is running. Sleeping until state changes.
2025-06-10T14:32:11.344+0900 [INFO] [org.gradle.launcher.daemon.server.exec.StartBuildOrRespondWithBusy] Daemon is about to start building Build{id=bd93315b-6744-46df-9ea9-76d9748755d8, currentDir=/Users/guddn/Desktop/KB_FullStack/08_spring/SpringLegacy}. Dispatching build started information...
2025-06-10T14:32:11.345+0900 [DEBUG] [org.gradle.launcher.daemon.server.SynchronizedDispatchConnection] thread 23: dispatching org.gradle.launcher.daemon.protocol.BuildStarted@410ecc4c
2025-06-10T14:32:11.345+0900 [DEBUG] [org.gradle.launcher.daemon.server.exec.EstablishBuildEnvironment] Configuring env variables: [PATH, JAVA_HOME, HOMEBREW_PREFIX, COMMAND_MODE, NVM_INC, TTY, LOGNAME, HOMEBREW_REPOSITORY, XPC_SERVICE_NAME, INFOPATH, __CFBundleIdentifier, NVM_CD_FLAGS, SHELL_PID, NVM_DIR, SHELL, PAGER, LSCOLORS, OLDPWD, HOMEBREW_CELLAR, USER, ZSH, TMPDIR, SSH_AUTH_SOCK, XPC_FLAGS, Q_SET_PARENT_CHECK, __CF_USER_TEXT_ENCODING, LESS, LC_CTYPE, LS_COLORS, NVM_BIN, HOME]
2025-06-10T14:32:11.347+0900 [DEBUG] [org.gradle.launcher.daemon.server.exec.LogToClient] About to start relaying all logs to the client via the connection.
2025-06-10T14:32:11.347+0900 [INFO] [org.gradle.launcher.daemon.server.exec.LogToClient] The client will now receive all logging from the daemon (pid: 75748). The daemon log file: /Users/guddn/Desktop/KB_FullStack/03_JAVA/daemon/8.8/daemon-75748.out.log
2025-06-10T14:32:11.348+0900 [INFO] [org.gradle.launcher.daemon.server.exec.LogAndCheckHealth] Starting build in new daemon [memory: 512 MiB]
2025-06-10T14:32:11.348+0900 [DEBUG] [org.gradle.launcher.daemon.server.exec.ExecuteBuild] The daemon has started executing the build.
2025-06-10T14:32:11.348+0900 [DEBUG] [org.gradle.launcher.daemon.server.exec.ExecuteBuild] Executing build with daemon context: DefaultDaemonContext[uid=56e0fb49-ec24-48bc-9bbf-3f04f2918d4b,javaHome=/Users/guddn/Library/Java/JavaVirtualMachines/ms-17.0.15/Contents/Home,javaVersion=17,daemonRegistryDir=/Users/guddn/Desktop/KB_FullStack/03_JAVA/daemon,pid=75748,idleTimeout=10800000,priority=NORMAL,applyInstrumentationAgent=true,nativeServicesMode=ENABLED,daemonOpts=--add-opens=java.base/java.util=ALL-UNNAMED,--add-opens=java.base/java.lang=ALL-UNNAMED,--add-opens=java.base/java.lang.invoke=ALL-UNNAMED,--add-opens=java.prefs/java.util.prefs=ALL-UNNAMED,--add-opens=java.base/java.nio.charset=ALL-UNNAMED,--add-opens=java.base/java.net=ALL-UNNAMED,--add-opens=java.base/java.util.concurrent.atomic=ALL-UNNAMED,-XX:MaxMetaspaceSize=384m,-XX:+HeapDumpOnOutOfMemoryError,-Xms256m,-Xmx512m,-Dfile.encoding=UTF-8,-Duser.country=KR,-Duser.language=ko,-Duser.variant]

Deprecated Gradle features were used in this build, making it incompatible with Gradle 9.0.

You can use '--warning-mode all' to show the individual deprecation warnings and determine if they come from your own scripts or plugins.

For more on this, please refer to https://docs.gradle.org/8.8/userguide/command_line_interface.html#sec:command_line_warnings in the Gradle documentation.

BUILD SUCCESSFUL in 2s
2 actionable tasks: 2 up-to-date
2025-06-10T14:32:13.065+0900 [DEBUG] [org.gradle.launcher.daemon.server.exec.ExecuteBuild] The daemon has finished executing the build.
2025-06-10T14:32:13.075+0900 [DEBUG] [org.gradle.launcher.daemon.server.DaemonStateCoordinator] daemon is running. Sleeping until state changes.
2025-06-10T14:32:13.076+0900 [DEBUG] [org.gradle.launcher.daemon.server.DaemonStateCoordinator] Command execution: finished waiting for DaemonCommandExecution[command = Build{id=bd93315b-6744-46df-9ea9-76d9748755d8, currentDir=/Users/guddn/Desktop/KB_FullStack/08_spring/SpringLegacy}, connection = DefaultDaemonConnection: socket connection from /127.0.0.1:58749 to /127.0.0.1:58750]. Result org.gradle.launcher.daemon.server.DaemonStateCoordinator@22cd0b97 with state Busy
2025-06-10T14:32:13.076+0900 [DEBUG] [org.gradle.launcher.daemon.server.DaemonStateCoordinator] Command execution: completed DaemonCommandExecution[command = Build{id=bd93315b-6744-46df-9ea9-76d9748755d8, currentDir=/Users/guddn/Desktop/KB_FullStack/08_spring/SpringLegacy}, connection = DefaultDaemonConnection: socket connection from /127.0.0.1:58749 to /127.0.0.1:58750]
2025-06-10T14:32:13.076+0900 [DEBUG] [org.gradle.launcher.daemon.server.DaemonStateCoordinator] resetting idle timer
2025-06-10T14:32:13.076+0900 [INFO] [org.gradle.launcher.daemon.server.DaemonRegistryUpdater] Marking the daemon as idle, address: [c529d8b8-b5b3-4ef5-8105-b930083de974 port:58749, addresses:[localhost/127.0.0.1]]
2025-06-10T14:32:13.076+0900 [DEBUG] [org.gradle.launcher.daemon.registry.PersistentDaemonRegistry] Marking busy by address: [c529d8b8-b5b3-4ef5-8105-b930083de974 port:58749, addresses:[localhost/127.0.0.1]]
2025-06-10T14:32:13.076+0900 [DEBUG] [org.gradle.cache.internal.DefaultFileLockManager] Waiting to acquire exclusive lock on daemon addresses registry.
2025-06-10T14:32:13.076+0900 [DEBUG] [org.gradle.cache.internal.DefaultFileLockManager] Lock acquired on daemon addresses registry.
2025-06-10T14:32:13.078+0900 [DEBUG] [org.gradle.cache.internal.DefaultFileLockManager] Releasing lock on daemon addresses registry.
2025-06-10T14:32:13.078+0900 [DEBUG] [org.gradle.launcher.daemon.server.DaemonStateCoordinator] daemon is running. Sleeping until state changes.
2025-06-10T14:32:13.078+0900 [DEBUG] [org.gradle.launcher.daemon.server.exec.ReturnResult] Daemon is dispatching the build result: Success[value=org.gradle.launcher.exec.BuildActionResult@6574f9d9]
2025-06-10T14:32:13.078+0900 [DEBUG] [org.gradle.launcher.daemon.server.SynchronizedDispatchConnection] thread 20: dispatching Success[value=org.gradle.launcher.exec.BuildActionResult@6574f9d9]
2025-06-10T14:32:13.079+0900 [DEBUG] [org.gradle.launcher.daemon.server.SynchronizedDispatchConnection] thread 21: received class org.gradle.launcher.daemon.protocol.CloseInput
2025-06-10T14:32:13.079+0900 [DEBUG] [org.gradle.launcher.daemon.server.DefaultDaemonConnection] thread 21: Received IO message from client: org.gradle.launcher.daemon.protocol.CloseInput@7042b8dc
2025-06-10T14:32:13.079+0900 [DEBUG] [org.gradle.launcher.daemon.server.SynchronizedDispatchConnection] thread 21: received class org.gradle.launcher.daemon.protocol.Finished
2025-06-10T14:32:13.079+0900 [DEBUG] [org.gradle.launcher.daemon.server.DefaultDaemonConnection] thread 21: Received non-IO message from client: org.gradle.launcher.daemon.protocol.Finished@6b8ae4b6
2025-06-10T14:32:13.079+0900 [DEBUG] [org.gradle.internal.remote.internal.inet.SocketConnection] Discarding EOFException: java.io.EOFException
2025-06-10T14:32:13.079+0900 [DEBUG] [org.gradle.launcher.daemon.server.SynchronizedDispatchConnection] thread 21: received null
2025-06-10T14:32:13.079+0900 [DEBUG] [org.gradle.launcher.daemon.server.DefaultDaemonConnection] thread 21: Received end-of-input from client.
2025-06-10T14:32:13.079+0900 [DEBUG] [org.gradle.launcher.daemon.server.exec.CleanUpVirtualFileSystemAfterBuild] Cleaning virtual file system after build finished
2025-06-10T14:32:13.079+0900 [DEBUG] [org.gradle.launcher.daemon.server.DefaultIncomingConnectionHandler] Finishing executing command: Build{id=bd93315b-6744-46df-9ea9-76d9748755d8, currentDir=/Users/guddn/Desktop/KB_FullStack/08_spring/SpringLegacy}
2025-06-10T14:32:13.079+0900 [WARN] [org.gradle.launcher.daemon.server.DefaultIncomingConnectionHandler] Timed out waiting for finished message from client socket connection from /127.0.0.1:58749 to /127.0.0.1:58750. Discarding connection.
2025-06-10T14:32:13.080+0900 [DEBUG] [org.gradle.launcher.daemon.server.SynchronizedDispatchConnection] thread 20: stopping connection
2025-06-10T14:32:13.081+0900 [DEBUG] [org.gradle.launcher.daemon.server.SynchronizedDispatchConnection] thread 20: stopping connection
2025-06-10T14:32:13.106+0900 [DEBUG] [org.gradle.internal.remote.internal.inet.TcpIncomingConnector] Accepted connection from /127.0.0.1:58759 to /127.0.0.1:58749.
2025-06-10T14:32:13.107+0900 [DEBUG] [org.gradle.launcher.daemon.server.SynchronizedDispatchConnection] thread 77: received class org.gradle.launcher.daemon.protocol.Build
2025-06-10T14:32:13.107+0900 [DEBUG] [org.gradle.launcher.daemon.server.DefaultDaemonConnection] thread 77: Received non-IO message from client: Build{id=1a9601a0-fd0d-4f2a-9a2a-254a94365ec7, currentDir=/Users/guddn/Desktop/KB_FullStack/08_spring/SpringLegacy}
2025-06-10T14:32:13.107+0900 [INFO] [org.gradle.launcher.daemon.server.DefaultIncomingConnectionHandler] Received command: Build{id=1a9601a0-fd0d-4f2a-9a2a-254a94365ec7, currentDir=/Users/guddn/Desktop/KB_FullStack/08_spring/SpringLegacy}.
2025-06-10T14:32:13.107+0900 [DEBUG] [org.gradle.launcher.daemon.server.DefaultIncomingConnectionHandler] Starting executing command: Build{id=1a9601a0-fd0d-4f2a-9a2a-254a94365ec7, currentDir=/Users/guddn/Desktop/KB_FullStack/08_spring/SpringLegacy} with connection: socket connection from /127.0.0.1:58749 to /127.0.0.1:58759.
2025-06-10T14:32:13.107+0900 [DEBUG] [org.gradle.launcher.daemon.server.DaemonStateCoordinator] Command execution: started DaemonCommandExecution[command = Build{id=1a9601a0-fd0d-4f2a-9a2a-254a94365ec7, currentDir=/Users/guddn/Desktop/KB_FullStack/08_spring/SpringLegacy}, connection = DefaultDaemonConnection: socket connection from /127.0.0.1:58749 to /127.0.0.1:58759] after 0.0 minutes of idle
2025-06-10T14:32:13.107+0900 [INFO] [org.gradle.launcher.daemon.server.DaemonRegistryUpdater] Marking the daemon as busy, address: [c529d8b8-b5b3-4ef5-8105-b930083de974 port:58749, addresses:[localhost/127.0.0.1]]
2025-06-10T14:32:13.107+0900 [DEBUG] [org.gradle.launcher.daemon.registry.PersistentDaemonRegistry] Marking busy by address: [c529d8b8-b5b3-4ef5-8105-b930083de974 port:58749, addresses:[localhost/127.0.0.1]]
2025-06-10T14:32:13.108+0900 [DEBUG] [org.gradle.cache.internal.DefaultFileLockManager] Waiting to acquire exclusive lock on daemon addresses registry.
2025-06-10T14:32:13.108+0900 [DEBUG] [org.gradle.cache.internal.DefaultFileLockManager] Lock acquired on daemon addresses registry.
2025-06-10T14:32:13.108+0900 [DEBUG] [org.gradle.cache.internal.DefaultFileLockManager] Releasing lock on daemon addresses registry.
2025-06-10T14:32:13.108+0900 [DEBUG] [org.gradle.launcher.daemon.server.DaemonStateCoordinator] resetting idle timer
2025-06-10T14:32:13.108+0900 [DEBUG] [org.gradle.launcher.daemon.server.DaemonStateCoordinator] daemon is running. Sleeping until state changes.
2025-06-10T14:32:13.108+0900 [INFO] [org.gradle.launcher.daemon.server.exec.StartBuildOrRespondWithBusy] Daemon is about to start building Build{id=1a9601a0-fd0d-4f2a-9a2a-254a94365ec7, currentDir=/Users/guddn/Desktop/KB_FullStack/08_spring/SpringLegacy}. Dispatching build started information...
2025-06-10T14:32:13.108+0900 [DEBUG] [org.gradle.launcher.daemon.server.SynchronizedDispatchConnection] thread 23: dispatching org.gradle.launcher.daemon.protocol.BuildStarted@343bb854
2025-06-10T14:32:13.109+0900 [DEBUG] [org.gradle.launcher.daemon.server.exec.EstablishBuildEnvironment] Configuring env variables: [PATH, JAVA_HOME, HOMEBREW_PREFIX, COMMAND_MODE, NVM_INC, TTY, LOGNAME, HOMEBREW_REPOSITORY, XPC_SERVICE_NAME, INFOPATH, __CFBundleIdentifier, NVM_CD_FLAGS, SHELL_PID, NVM_DIR, SHELL, PAGER, LSCOLORS, OLDPWD, HOMEBREW_CELLAR, USER, ZSH, TMPDIR, SSH_AUTH_SOCK, XPC_FLAGS, Q_SET_PARENT_CHECK, __CF_USER_TEXT_ENCODING, LESS, LC_CTYPE, LS_COLORS, NVM_BIN, HOME]
2025-06-10T14:32:13.109+0900 [DEBUG] [org.gradle.launcher.daemon.server.exec.LogToClient] About to start relaying all logs to the client via the connection.
2025-06-10T14:32:13.109+0900 [INFO] [org.gradle.launcher.daemon.server.exec.LogToClient] The client will now receive all logging from the daemon (pid: 75748). The daemon log file: /Users/guddn/Desktop/KB_FullStack/03_JAVA/daemon/8.8/daemon-75748.out.log
2025-06-10T14:32:13.110+0900 [INFO] [org.gradle.launcher.daemon.server.exec.LogAndCheckHealth] Starting 2nd build in daemon [uptime: 1.852 secs, performance: 99%, GC rate: 0.00/s, heap usage: 5% of 512 MiB, non-heap usage: 9% of 384 MiB]
2025-06-10T14:32:13.110+0900 [DEBUG] [org.gradle.launcher.daemon.server.exec.ExecuteBuild] The daemon has started executing the build.
2025-06-10T14:32:13.110+0900 [DEBUG] [org.gradle.launcher.daemon.server.exec.ExecuteBuild] Executing build with daemon context: DefaultDaemonContext[uid=56e0fb49-ec24-48bc-9bbf-3f04f2918d4b,javaHome=/Users/guddn/Library/Java/JavaVirtualMachines/ms-17.0.15/Contents/Home,javaVersion=17,daemonRegistryDir=/Users/guddn/Desktop/KB_FullStack/03_JAVA/daemon,pid=75748,idleTimeout=10800000,priority=NORMAL,applyInstrumentationAgent=true,nativeServicesMode=ENABLED,daemonOpts=--add-opens=java.base/java.util=ALL-UNNAMED,--add-opens=java.base/java.lang=ALL-UNNAMED,--add-opens=java.base/java.lang.invoke=ALL-UNNAMED,--add-opens=java.prefs/java.util.prefs=ALL-UNNAMED,--add-opens=java.base/java.nio.charset=ALL-UNNAMED,--add-opens=java.base/java.net=ALL-UNNAMED,--add-opens=java.base/java.util.concurrent.atomic=ALL-UNNAMED,-XX:MaxMetaspaceSize=384m,-XX:+HeapDumpOnOutOfMemoryError,-Xms256m,-Xmx512m,-Dfile.encoding=UTF-8,-Duser.country=KR,-Duser.language=ko,-Duser.variant]

Deprecated Gradle features were used in this build, making it incompatible with Gradle 9.0.

You can use '--warning-mode all' to show the individual deprecation warnings and determine if they come from your own scripts or plugins.

For more on this, please refer to https://docs.gradle.org/8.8/userguide/command_line_interface.html#sec:command_line_warnings in the Gradle documentation.

BUILD SUCCESSFUL in 127ms
3 actionable tasks: 3 up-to-date
2025-06-10T14:32:13.243+0900 [DEBUG] [org.gradle.launcher.daemon.server.exec.ExecuteBuild] The daemon has finished executing the build.
2025-06-10T14:32:13.246+0900 [DEBUG] [org.gradle.launcher.daemon.server.DaemonStateCoordinator] daemon is running. Sleeping until state changes.
2025-06-10T14:32:13.246+0900 [DEBUG] [org.gradle.launcher.daemon.server.DaemonStateCoordinator] Command execution: finished waiting for DaemonCommandExecution[command = Build{id=1a9601a0-fd0d-4f2a-9a2a-254a94365ec7, currentDir=/Users/guddn/Desktop/KB_FullStack/08_spring/SpringLegacy}, connection = DefaultDaemonConnection: socket connection from /127.0.0.1:58749 to /127.0.0.1:58759]. Result org.gradle.launcher.daemon.server.DaemonStateCoordinator@22cd0b97 with state Busy
2025-06-10T14:32:13.247+0900 [DEBUG] [org.gradle.launcher.daemon.server.DaemonStateCoordinator] Command execution: completed DaemonCommandExecution[command = Build{id=1a9601a0-fd0d-4f2a-9a2a-254a94365ec7, currentDir=/Users/guddn/Desktop/KB_FullStack/08_spring/SpringLegacy}, connection = DefaultDaemonConnection: socket connection from /127.0.0.1:58749 to /127.0.0.1:58759]
2025-06-10T14:32:13.247+0900 [DEBUG] [org.gradle.launcher.daemon.server.DaemonStateCoordinator] resetting idle timer
2025-06-10T14:32:13.247+0900 [INFO] [org.gradle.launcher.daemon.server.DaemonRegistryUpdater] Marking the daemon as idle, address: [c529d8b8-b5b3-4ef5-8105-b930083de974 port:58749, addresses:[localhost/127.0.0.1]]
2025-06-10T14:32:13.247+0900 [DEBUG] [org.gradle.launcher.daemon.registry.PersistentDaemonRegistry] Marking busy by address: [c529d8b8-b5b3-4ef5-8105-b930083de974 port:58749, addresses:[localhost/127.0.0.1]]
2025-06-10T14:32:13.247+0900 [DEBUG] [org.gradle.cache.internal.DefaultFileLockManager] Waiting to acquire exclusive lock on daemon addresses registry.
2025-06-10T14:32:13.247+0900 [DEBUG] [org.gradle.cache.internal.DefaultFileLockManager] Lock acquired on daemon addresses registry.
2025-06-10T14:32:13.247+0900 [DEBUG] [org.gradle.cache.internal.DefaultFileLockManager] Releasing lock on daemon addresses registry.
2025-06-10T14:32:13.247+0900 [DEBUG] [org.gradle.launcher.daemon.server.exec.ReturnResult] Daemon is dispatching the build result: Success[value=org.gradle.launcher.exec.BuildActionResult@7cbb9f0b]
2025-06-10T14:32:13.247+0900 [DEBUG] [org.gradle.launcher.daemon.server.DaemonStateCoordinator] daemon is running. Sleeping until state changes.
2025-06-10T14:32:13.247+0900 [DEBUG] [org.gradle.launcher.daemon.server.SynchronizedDispatchConnection] thread 20: dispatching Success[value=org.gradle.launcher.exec.BuildActionResult@7cbb9f0b]
2025-06-10T14:32:13.248+0900 [DEBUG] [org.gradle.launcher.daemon.server.exec.CleanUpVirtualFileSystemAfterBuild] Cleaning virtual file system after build finished
2025-06-10T14:32:13.248+0900 [DEBUG] [org.gradle.launcher.daemon.server.DefaultIncomingConnectionHandler] Finishing executing command: Build{id=1a9601a0-fd0d-4f2a-9a2a-254a94365ec7, currentDir=/Users/guddn/Desktop/KB_FullStack/08_spring/SpringLegacy}
2025-06-10T14:32:13.248+0900 [DEBUG] [org.gradle.launcher.daemon.server.SynchronizedDispatchConnection] thread 77: received class org.gradle.launcher.daemon.protocol.CloseInput
2025-06-10T14:32:13.248+0900 [DEBUG] [org.gradle.launcher.daemon.server.DefaultDaemonConnection] thread 77: Received IO message from client: org.gradle.launcher.daemon.protocol.CloseInput@6c70a9b
2025-06-10T14:32:13.248+0900 [DEBUG] [org.gradle.launcher.daemon.server.SynchronizedDispatchConnection] thread 77: received class org.gradle.launcher.daemon.protocol.Finished
2025-06-10T14:32:13.248+0900 [DEBUG] [org.gradle.launcher.daemon.server.DefaultDaemonConnection] thread 77: Received non-IO message from client: org.gradle.launcher.daemon.protocol.Finished@800f433
2025-06-10T14:32:13.248+0900 [DEBUG] [org.gradle.internal.remote.internal.inet.SocketConnection] Discarding EOFException: java.io.EOFException
2025-06-10T14:32:13.248+0900 [DEBUG] [org.gradle.launcher.daemon.server.SynchronizedDispatchConnection] thread 77: received null
2025-06-10T14:32:13.248+0900 [DEBUG] [org.gradle.launcher.daemon.server.DefaultDaemonConnection] thread 77: Received end-of-input from client.
2025-06-10T14:32:13.248+0900 [DEBUG] [org.gradle.launcher.daemon.server.DefaultIncomingConnectionHandler] Received finished message: org.gradle.launcher.daemon.protocol.Finished@800f433
2025-06-10T14:32:13.249+0900 [DEBUG] [org.gradle.launcher.daemon.server.SynchronizedDispatchConnection] thread 20: stopping connection
2025-06-10T14:32:13.249+0900 [DEBUG] [org.gradle.launcher.daemon.server.SynchronizedDispatchConnection] thread 20: stopping connection
2025-06-10T14:32:21.330+0900 [DEBUG] [org.gradle.cache.internal.DefaultFileLockManager] Waiting to acquire shared lock on daemon addresses registry.
2025-06-10T14:32:21.331+0900 [DEBUG] [org.gradle.cache.internal.DefaultFileLockManager] Lock acquired on daemon addresses registry.
2025-06-10T14:32:21.331+0900 [DEBUG] [org.gradle.cache.internal.DefaultFileLockManager] Releasing lock on daemon addresses registry.
2025-06-10T14:32:21.332+0900 [DEBUG] [org.gradle.cache.internal.DefaultFileLockManager] Waiting to acquire shared lock on daemon addresses registry.
2025-06-10T14:32:21.332+0900 [DEBUG] [org.gradle.cache.internal.DefaultFileLockManager] Lock acquired on daemon addresses registry.
2025-06-10T14:32:21.332+0900 [DEBUG] [org.gradle.cache.internal.DefaultFileLockManager] Releasing lock on daemon addresses registry.
2025-06-10T14:32:31.336+0900 [DEBUG] [org.gradle.cache.internal.DefaultFileLockManager] Waiting to acquire shared lock on daemon addresses registry.
2025-06-10T14:32:31.338+0900 [DEBUG] [org.gradle.cache.internal.DefaultFileLockManager] Lock acquired on daemon addresses registry.
2025-06-10T14:32:31.339+0900 [DEBUG] [org.gradle.cache.internal.DefaultFileLockManager] Releasing lock on daemon addresses registry.
2025-06-10T14:32:31.341+0900 [DEBUG] [org.gradle.cache.internal.DefaultFileLockManager] Waiting to acquire shared lock on daemon addresses registry.
2025-06-10T14:32:31.341+0900 [DEBUG] [org.gradle.cache.internal.DefaultFileLockManager] Lock acquired on daemon addresses registry.
2025-06-10T14:32:31.341+0900 [DEBUG] [org.gradle.cache.internal.DefaultFileLockManager] Releasing lock on daemon addresses registry.
2025-06-10T14:32:31.342+0900 [DEBUG] [org.gradle.cache.internal.DefaultFileLockManager] Waiting to acquire shared lock on daemon addresses registry.
2025-06-10T14:32:31.342+0900 [DEBUG] [org.gradle.cache.internal.DefaultFileLockManager] Lock acquired on daemon addresses registry.
2025-06-10T14:32:31.342+0900 [DEBUG] [org.gradle.cache.internal.DefaultFileLockManager] Releasing lock on daemon addresses registry.
2025-06-10T14:32:41.336+0900 [DEBUG] [org.gradle.cache.internal.DefaultFileLockManager] Waiting to acquire shared lock on daemon addresses registry.
2025-06-10T14:32:41.337+0900 [DEBUG] [org.gradle.cache.internal.DefaultFileLockManager] Lock acquired on daemon addresses registry.
2025-06-10T14:32:41.338+0900 [DEBUG] [org.gradle.cache.internal.DefaultFileLockManager] Releasing lock on daemon addresses registry.
2025-06-10T14:32:41.339+0900 [DEBUG] [org.gradle.cache.internal.DefaultFileLockManager] Waiting to acquire shared lock on daemon addresses registry.
2025-06-10T14:32:41.339+0900 [DEBUG] [org.gradle.cache.internal.DefaultFileLockManager] Lock acquired on daemon addresses registry.
2025-06-10T14:32:41.340+0900 [DEBUG] [org.gradle.cache.internal.DefaultFileLockManager] Releasing lock on daemon addresses registry.
2025-06-10T14:32:41.340+0900 [DEBUG] [org.gradle.cache.internal.DefaultFileLockManager] Waiting to acquire shared lock on daemon addresses registry.
2025-06-10T14:32:41.340+0900 [DEBUG] [org.gradle.cache.internal.DefaultFileLockManager] Lock acquired on daemon addresses registry.
2025-06-10T14:32:41.340+0900 [DEBUG] [org.gradle.cache.internal.DefaultFileLockManager] Releasing lock on daemon addresses registry.
2025-06-10T14:32:51.334+0900 [DEBUG] [org.gradle.cache.internal.DefaultFileLockManager] Waiting to acquire shared lock on daemon addresses registry.
2025-06-10T14:32:51.336+0900 [DEBUG] [org.gradle.cache.internal.DefaultFileLockManager] Lock acquired on daemon addresses registry.
2025-06-10T14:32:51.337+0900 [DEBUG] [org.gradle.cache.internal.DefaultFileLockManager] Releasing lock on daemon addresses registry.
2025-06-10T14:32:51.338+0900 [DEBUG] [org.gradle.cache.internal.DefaultFileLockManager] Waiting to acquire shared lock on daemon addresses registry.
2025-06-10T14:32:51.338+0900 [DEBUG] [org.gradle.cache.internal.DefaultFileLockManager] Lock acquired on daemon addresses registry.
2025-06-10T14:32:51.338+0900 [DEBUG] [org.gradle.cache.internal.DefaultFileLockManager] Releasing lock on daemon addresses registry.
2025-06-10T14:32:51.339+0900 [DEBUG] [org.gradle.cache.internal.DefaultFileLockManager] Waiting to acquire shared lock on daemon addresses registry.
2025-06-10T14:32:51.339+0900 [DEBUG] [org.gradle.cache.internal.DefaultFileLockManager] Lock acquired on daemon addresses registry.
2025-06-10T14:32:51.339+0900 [DEBUG] [org.gradle.cache.internal.DefaultFileLockManager] Releasing lock on daemon addresses registry.
2025-06-10T14:33:01.334+0900 [DEBUG] [org.gradle.cache.internal.DefaultFileLockManager] Waiting to acquire shared lock on daemon addresses registry.
2025-06-10T14:33:01.336+0900 [DEBUG] [org.gradle.cache.internal.DefaultFileLockManager] Lock acquired on daemon addresses registry.
2025-06-10T14:33:01.336+0900 [DEBUG] [org.gradle.cache.internal.DefaultFileLockManager] Releasing lock on daemon addresses registry.
2025-06-10T14:33:01.337+0900 [DEBUG] [org.gradle.cache.internal.DefaultFileLockManager] Waiting to acquire shared lock on daemon addresses registry.
2025-06-10T14:33:01.338+0900 [DEBUG] [org.gradle.cache.internal.DefaultFileLockManager] Lock acquired on daemon addresses registry.
2025-06-10T14:33:01.338+0900 [DEBUG] [org.gradle.cache.internal.DefaultFileLockManager] Releasing lock on daemon addresses registry.
2025-06-10T14:33:01.338+0900 [DEBUG] [org.gradle.cache.internal.DefaultFileLockManager] Waiting to acquire shared lock on daemon addresses registry.
2025-06-10T14:33:01.339+0900 [DEBUG] [org.gradle.cache.internal.DefaultFileLockManager] Lock acquired on daemon addresses registry.
2025-06-10T14:33:01.339+0900 [DEBUG] [org.gradle.cache.internal.DefaultFileLockManager] Releasing lock on daemon addresses registry.
2025-06-10T14:33:11.333+0900 [DEBUG] [org.gradle.cache.internal.DefaultFileLockManager] Waiting to acquire shared lock on daemon addresses registry.
2025-06-10T14:33:11.334+0900 [DEBUG] [org.gradle.cache.internal.DefaultFileLockManager] Lock acquired on daemon addresses registry.
2025-06-10T14:33:11.335+0900 [DEBUG] [org.gradle.cache.internal.DefaultFileLockManager] Releasing lock on daemon addresses registry.
2025-06-10T14:33:11.335+0900 [DEBUG] [org.gradle.cache.internal.DefaultFileLockManager] Waiting to acquire shared lock on daemon addresses registry.
2025-06-10T14:33:11.335+0900 [DEBUG] [org.gradle.cache.internal.DefaultFileLockManager] Lock acquired on daemon addresses registry.
2025-06-10T14:33:11.335+0900 [DEBUG] [org.gradle.cache.internal.DefaultFileLockManager] Releasing lock on daemon addresses registry.
2025-06-10T14:33:11.335+0900 [DEBUG] [org.gradle.cache.internal.DefaultFileLockManager] Waiting to acquire shared lock on daemon addresses registry.
2025-06-10T14:33:11.335+0900 [DEBUG] [org.gradle.cache.internal.DefaultFileLockManager] Lock acquired on daemon addresses registry.
2025-06-10T14:33:11.335+0900 [DEBUG] [org.gradle.cache.internal.DefaultFileLockManager] Releasing lock on daemon addresses registry.
2025-06-10T14:33:21.336+0900 [DEBUG] [org.gradle.cache.internal.DefaultFileLockManager] Waiting to acquire shared lock on daemon addresses registry.
2025-06-10T14:33:21.337+0900 [DEBUG] [org.gradle.cache.internal.DefaultFileLockManager] Lock acquired on daemon addresses registry.
2025-06-10T14:33:21.338+0900 [DEBUG] [org.gradle.cache.internal.DefaultFileLockManager] Releasing lock on daemon addresses registry.
2025-06-10T14:33:21.339+0900 [DEBUG] [org.gradle.cache.internal.DefaultFileLockManager] Waiting to acquire shared lock on daemon addresses registry.
2025-06-10T14:33:21.339+0900 [DEBUG] [org.gradle.cache.internal.DefaultFileLockManager] Lock acquired on daemon addresses registry.
2025-06-10T14:33:21.340+0900 [DEBUG] [org.gradle.cache.internal.DefaultFileLockManager] Releasing lock on daemon addresses registry.
2025-06-10T14:33:21.340+0900 [DEBUG] [org.gradle.cache.internal.DefaultFileLockManager] Waiting to acquire shared lock on daemon addresses registry.
2025-06-10T14:33:21.340+0900 [DEBUG] [org.gradle.cache.internal.DefaultFileLockManager] Lock acquired on daemon addresses registry.
2025-06-10T14:33:21.341+0900 [DEBUG] [org.gradle.cache.internal.DefaultFileLockManager] Releasing lock on daemon addresses registry.
2025-06-10T14:33:31.331+0900 [DEBUG] [org.gradle.cache.internal.DefaultFileLockManager] Waiting to acquire shared lock on daemon addresses registry.
2025-06-10T14:33:31.333+0900 [DEBUG] [org.gradle.cache.internal.DefaultFileLockManager] Lock acquired on daemon addresses registry.
2025-06-10T14:33:31.333+0900 [DEBUG] [org.gradle.cache.internal.DefaultFileLockManager] Releasing lock on daemon addresses registry.
2025-06-10T14:33:31.334+0900 [DEBUG] [org.gradle.cache.internal.DefaultFileLockManager] Waiting to acquire shared lock on daemon addresses registry.
2025-06-10T14:33:31.334+0900 [DEBUG] [org.gradle.cache.internal.DefaultFileLockManager] Lock acquired on daemon addresses registry.
2025-06-10T14:33:31.335+0900 [DEBUG] [org.gradle.cache.internal.DefaultFileLockManager] Releasing lock on daemon addresses registry.
2025-06-10T14:33:31.335+0900 [DEBUG] [org.gradle.cache.internal.DefaultFileLockManager] Waiting to acquire shared lock on daemon addresses registry.
2025-06-10T14:33:31.335+0900 [DEBUG] [org.gradle.cache.internal.DefaultFileLockManager] Lock acquired on daemon addresses registry.
2025-06-10T14:33:31.335+0900 [DEBUG] [org.gradle.cache.internal.DefaultFileLockManager] Releasing lock on daemon addresses registry.
2025-06-10T14:33:34.503+0900 [DEBUG] [org.gradle.internal.remote.internal.inet.TcpIncomingConnector] Accepted connection from /127.0.0.1:59128 to /127.0.0.1:58749.
2025-06-10T14:33:34.511+0900 [DEBUG] [org.gradle.launcher.daemon.server.SynchronizedDispatchConnection] thread 113: received class org.gradle.launcher.daemon.protocol.StopWhenIdle
2025-06-10T14:33:34.511+0900 [DEBUG] [org.gradle.launcher.daemon.server.DefaultDaemonConnection] thread 113: Received non-IO message from client: StopWhenIdle[id=0f3af194-6875-4cb3-a767-80f14f511fee]
2025-06-10T14:33:34.511+0900 [INFO] [org.gradle.launcher.daemon.server.DefaultIncomingConnectionHandler] Received command: StopWhenIdle[id=0f3af194-6875-4cb3-a767-80f14f511fee].
2025-06-10T14:33:34.511+0900 [DEBUG] [org.gradle.launcher.daemon.server.DefaultIncomingConnectionHandler] Starting executing command: StopWhenIdle[id=0f3af194-6875-4cb3-a767-80f14f511fee] with connection: socket connection from /127.0.0.1:58749 to /127.0.0.1:59128.
2025-06-10T14:33:34.511+0900 [DEBUG] [org.gradle.launcher.daemon.server.DaemonRegistryUpdater] Storing daemon stop event: stop command received
2025-06-10T14:33:34.511+0900 [DEBUG] [org.gradle.launcher.daemon.registry.PersistentDaemonRegistry] Storing daemon stop event with timestamp 1749533614511
2025-06-10T14:33:34.511+0900 [DEBUG] [org.gradle.cache.internal.DefaultFileLockManager] Waiting to acquire exclusive lock on daemon addresses registry.
2025-06-10T14:33:34.512+0900 [DEBUG] [org.gradle.cache.internal.DefaultFileLockManager] Lock acquired on daemon addresses registry.
2025-06-10T14:33:34.512+0900 [DEBUG] [org.gradle.cache.internal.DefaultFileLockManager] Releasing lock on daemon addresses registry.
2025-06-10T14:33:34.512+0900 [LIFECYCLE] [org.gradle.launcher.daemon.server.DaemonStateCoordinator] Daemon will be stopped at the end of the build stop command received
2025-06-10T14:33:34.512+0900 [DEBUG] [org.gradle.launcher.daemon.server.DaemonStateCoordinator] Marking daemon stopped due to stop command received. The daemon is running a build: false
2025-06-10T14:33:34.512+0900 [DEBUG] [org.gradle.launcher.daemon.server.SynchronizedDispatchConnection] thread 112: dispatching Success[value=null]
2025-06-10T14:33:34.512+0900 [DEBUG] [org.gradle.launcher.daemon.server.DaemonStateCoordinator] daemon has stopped.
2025-06-10T14:33:34.512+0900 [DEBUG] [org.gradle.launcher.daemon.server.DefaultIncomingConnectionHandler] Finishing executing command: StopWhenIdle[id=0f3af194-6875-4cb3-a767-80f14f511fee]
2025-06-10T14:33:34.512+0900 [DEBUG] [org.gradle.launcher.daemon.server.Daemon] stop() called on daemon
2025-06-10T14:33:34.512+0900 [INFO] [org.gradle.launcher.daemon.server.Daemon] Stop requested. Daemon is removing its presence from the registry...
2025-06-10T14:33:34.512+0900 [DEBUG] [org.gradle.launcher.daemon.server.SynchronizedDispatchConnection] thread 113: received class org.gradle.launcher.daemon.protocol.Finished
2025-06-10T14:33:34.512+0900 [DEBUG] [org.gradle.launcher.daemon.server.DaemonRegistryUpdater] Removing our presence to clients, eg. removing this address from the registry: [c529d8b8-b5b3-4ef5-8105-b930083de974 port:58749, addresses:[localhost/127.0.0.1]]
2025-06-10T14:33:34.512+0900 [DEBUG] [org.gradle.launcher.daemon.server.DefaultDaemonConnection] thread 113: Received non-IO message from client: org.gradle.launcher.daemon.protocol.Finished@26be454e
2025-06-10T14:33:34.513+0900 [DEBUG] [org.gradle.launcher.daemon.registry.PersistentDaemonRegistry] Removing daemon address: [c529d8b8-b5b3-4ef5-8105-b930083de974 port:58749, addresses:[localhost/127.0.0.1]]
2025-06-10T14:33:34.513+0900 [DEBUG] [org.gradle.launcher.daemon.server.DefaultIncomingConnectionHandler] Received finished message: org.gradle.launcher.daemon.protocol.Finished@26be454e
2025-06-10T14:33:34.513+0900 [DEBUG] [org.gradle.internal.remote.internal.inet.SocketConnection] Discarding EOFException: java.io.EOFException
2025-06-10T14:33:34.513+0900 [DEBUG] [org.gradle.launcher.daemon.server.SynchronizedDispatchConnection] thread 113: received null
2025-06-10T14:33:34.513+0900 [DEBUG] [org.gradle.launcher.daemon.server.DefaultDaemonConnection] thread 113: Received end-of-input from client.
2025-06-10T14:33:34.513+0900 [DEBUG] [org.gradle.launcher.daemon.server.SynchronizedDispatchConnection] thread 112: stopping connection
2025-06-10T14:33:34.513+0900 [DEBUG] [org.gradle.cache.internal.DefaultFileLockManager] Waiting to acquire exclusive lock on daemon addresses registry.
2025-06-10T14:33:34.513+0900 [DEBUG] [org.gradle.cache.internal.DefaultFileLockManager] Lock acquired on daemon addresses registry.
2025-06-10T14:33:34.513+0900 [DEBUG] [org.gradle.launcher.daemon.server.SynchronizedDispatchConnection] thread 112: stopping connection
2025-06-10T14:33:34.513+0900 [DEBUG] [org.gradle.cache.internal.DefaultFileLockManager] Releasing lock on daemon addresses registry.
2025-06-10T14:33:34.513+0900 [DEBUG] [org.gradle.launcher.daemon.server.DaemonRegistryUpdater] Address removed from registry.
2025-06-10T14:33:34.515+0900 [DEBUG] [org.gradle.cache.internal.LockOnDemandCrossProcessCacheAccess] Releasing file lock for jars (/Users/guddn/Desktop/KB_FullStack/03_JAVA/caches/jars-9)
2025-06-10T14:33:34.515+0900 [DEBUG] [org.gradle.cache.internal.DefaultFileLockManager] Releasing lock on jars (/Users/guddn/Desktop/KB_FullStack/03_JAVA/caches/jars-9).
2025-06-10T14:33:34.516+0900 [DEBUG] [org.gradle.cache.internal.DefaultPersistentDirectoryStore] jars (/Users/guddn/Desktop/KB_FullStack/03_JAVA/caches/jars-9) has last been fully cleaned up 0 hours ago
2025-06-10T14:33:34.516+0900 [DEBUG] [org.gradle.cache.internal.LockOnDemandCrossProcessCacheAccess] Releasing file lock for file content cache (/Users/guddn/Desktop/KB_FullStack/03_JAVA/caches/8.8/fileContent)
2025-06-10T14:33:34.516+0900 [DEBUG] [org.gradle.cache.internal.DefaultFileLockManager] Releasing lock on file content cache (/Users/guddn/Desktop/KB_FullStack/03_JAVA/caches/8.8/fileContent).
2025-06-10T14:33:34.517+0900 [DEBUG] [org.gradle.internal.watch.vfs.impl.WatchingVirtualFileSystem] Closing VFS, dropping state
2025-06-10T14:33:34.518+0900 [DEBUG] [org.gradle.cache.internal.DefaultCacheCoordinator] Cache Generated Gradle JARs cache (/Users/guddn/Desktop/KB_FullStack/03_JAVA/caches/8.8/generated-gradle-jars) was closed 0 times.
2025-06-10T14:33:34.518+0900 [DEBUG] [org.gradle.internal.watch.registry.impl.DefaultFileWatcherRegistry] Finished listening to file system change events
2025-06-10T14:33:34.518+0900 [DEBUG] [org.gradle.cache.internal.LockOnDemandCrossProcessCacheAccess] Releasing file lock for artifact cache (/Users/guddn/Desktop/KB_FullStack/03_JAVA/caches/modules-2)
2025-06-10T14:33:34.518+0900 [DEBUG] [org.gradle.cache.internal.btree.BTreePersistentIndexedCache] Closing cache module-artifact.bin (/Users/guddn/Desktop/KB_FullStack/03_JAVA/caches/modules-2/metadata-2.106/module-artifact.bin)
2025-06-10T14:33:34.518+0900 [DEBUG] [org.gradle.cache.internal.btree.BTreePersistentIndexedCache] Closing cache module-metadata.bin (/Users/guddn/Desktop/KB_FullStack/03_JAVA/caches/modules-2/metadata-2.106/module-metadata.bin)
2025-06-10T14:33:34.519+0900 [DEBUG] [org.gradle.cache.internal.DefaultFileLockManager] Releasing lock on artifact cache (/Users/guddn/Desktop/KB_FullStack/03_JAVA/caches/modules-2).
2025-06-10T14:33:34.519+0900 [DEBUG] [org.gradle.cache.internal.DefaultPersistentDirectoryStore] artifact cache (/Users/guddn/Desktop/KB_FullStack/03_JAVA/caches/modules-2) has last been fully cleaned up 0 hours ago
2025-06-10T14:33:34.519+0900 [DEBUG] [org.gradle.cache.internal.DefaultPersistentDirectoryStore] groovy-dsl (/Users/guddn/Desktop/KB_FullStack/03_JAVA/caches/8.8/groovy-dsl) has last been fully cleaned up 0 hours ago
2025-06-10T14:33:34.519+0900 [DEBUG] [org.gradle.cache.internal.DefaultCacheCoordinator] Cache groovy-dsl (/Users/guddn/Desktop/KB_FullStack/03_JAVA/caches/8.8/groovy-dsl) was closed 0 times.
2025-06-10T14:33:34.519+0900 [DEBUG] [org.gradle.cache.internal.DefaultPersistentDirectoryStore] Artifact transforms cache (/Users/guddn/Desktop/KB_FullStack/03_JAVA/caches/8.8/transforms) has last been fully cleaned up 0 hours ago
2025-06-10T14:33:34.519+0900 [DEBUG] [org.gradle.cache.internal.DefaultCacheCoordinator] Cache Artifact transforms cache (/Users/guddn/Desktop/KB_FullStack/03_JAVA/caches/8.8/transforms) was closed 0 times.
2025-06-10T14:33:34.519+0900 [DEBUG] [org.gradle.cache.internal.LockOnDemandCrossProcessCacheAccess] Releasing file lock for journal cache (/Users/guddn/Desktop/KB_FullStack/03_JAVA/caches/journal-1)
2025-06-10T14:33:34.519+0900 [DEBUG] [org.gradle.cache.internal.btree.BTreePersistentIndexedCache] Closing cache file-access.bin (/Users/guddn/Desktop/KB_FullStack/03_JAVA/caches/journal-1/file-access.bin)
2025-06-10T14:33:34.519+0900 [DEBUG] [org.gradle.cache.internal.DefaultFileLockManager] Releasing lock on journal cache (/Users/guddn/Desktop/KB_FullStack/03_JAVA/caches/journal-1).
2025-06-10T14:33:34.520+0900 [DEBUG] [org.gradle.cache.internal.LockOnDemandCrossProcessCacheAccess] Releasing file lock for file hash cache (/Users/guddn/Desktop/KB_FullStack/03_JAVA/caches/8.8/fileHashes)
2025-06-10T14:33:34.520+0900 [DEBUG] [org.gradle.cache.internal.btree.BTreePersistentIndexedCache] Closing cache fileHashes.bin (/Users/guddn/Desktop/KB_FullStack/03_JAVA/caches/8.8/fileHashes/fileHashes.bin)
2025-06-10T14:33:34.520+0900 [DEBUG] [org.gradle.cache.internal.btree.BTreePersistentIndexedCache] Closing cache resourceHashesCache.bin (/Users/guddn/Desktop/KB_FullStack/03_JAVA/caches/8.8/fileHashes/resourceHashesCache.bin)
2025-06-10T14:33:34.520+0900 [DEBUG] [org.gradle.cache.internal.DefaultFileLockManager] Releasing lock on file hash cache (/Users/guddn/Desktop/KB_FullStack/03_JAVA/caches/8.8/fileHashes).
2025-06-10T14:33:34.520+0900 [DEBUG] [org.gradle.internal.operations.DefaultBuildOperationRunner] Build operation 'Deleting unused version-specific caches in /Users/guddn/Desktop/KB_FullStack/03_JAVA/caches' started
2025-06-10T14:33:34.521+0900 [DEBUG] [org.gradle.internal.operations.DefaultBuildOperationRunner] Completing Build operation 'Deleting unused version-specific caches in /Users/guddn/Desktop/KB_FullStack/03_JAVA/caches'
2025-06-10T14:33:34.521+0900 [DEBUG] [org.gradle.internal.operations.DefaultBuildOperationRunner] Build operation 'Deleting unused version-specific caches in /Users/guddn/Desktop/KB_FullStack/03_JAVA/caches' completed
Daemon vm is shutting down... The daemon has exited normally or was terminated in response to a user interrupt.
2025-06-10T14:33:34.521+0900 [DEBUG] [org.gradle.launcher.daemon.registry.PersistentDaemonRegistry] Removing daemon address: [c529d8b8-b5b3-4ef5-8105-b930083de974 port:58749, addresses:[localhost/127.0.0.1]]
2025-06-10T14:33:34.521+0900 [DEBUG] [org.gradle.cache.internal.DefaultFileLockManager] Waiting to acquire exclusive lock on daemon addresses registry.
2025-06-10T14:33:34.521+0900 [DEBUG] [org.gradle.cache.internal.DefaultFileLockManager] Lock acquired on daemon addresses registry.
2025-06-10T14:33:34.521+0900 [DEBUG] [org.gradle.cache.internal.DefaultFileLockManager] Releasing lock on daemon addresses registry.
