2025-05-27T09:43:15.069+0900 [DEBUG] [org.gradle.launcher.daemon.bootstrap.DaemonMain] Assuming the daemon was started with following jvm opts: [-XX:MaxMetaspaceSize=384m, -XX:+HeapDumpOnOutOfMemoryError, -Xms256m, -Xmx512m, -Dfile.encoding=UTF-8, -Duser.country=KR, -Duser.language=ko, -Duser.variant]
2025-05-27T09:43:15.181+0900 [DEBUG] [org.gradle.internal.remote.internal.inet.InetAddresses] Adding IP addresses for network interface utun7
2025-05-27T09:43:15.181+0900 [DEBUG] [org.gradle.internal.remote.internal.inet.InetAddresses] Is this a loopback interface? false
2025-05-27T09:43:15.182+0900 [DEBUG] [org.gradle.internal.remote.internal.inet.InetAddresses] Adding remote address /fe80:0:0:0:49a5:a222:c0d3:6d87%utun7
2025-05-27T09:43:15.182+0900 [DEBUG] [org.gradle.internal.remote.internal.inet.InetAddresses] Adding IP addresses for network interface utun6
2025-05-27T09:43:15.182+0900 [DEBUG] [org.gradle.internal.remote.internal.inet.InetAddresses] Is this a loopback interface? false
2025-05-27T09:43:15.183+0900 [DEBUG] [org.gradle.internal.remote.internal.inet.InetAddresses] Adding remote address /fe80:0:0:0:9bc6:ed2c:eb0e:75cd%utun6
2025-05-27T09:43:15.183+0900 [DEBUG] [org.gradle.internal.remote.internal.inet.InetAddresses] Adding IP addresses for network interface utun5
2025-05-27T09:43:15.184+0900 [DEBUG] [org.gradle.internal.remote.internal.inet.InetAddresses] Is this a loopback interface? false
2025-05-27T09:43:15.184+0900 [DEBUG] [org.gradle.internal.remote.internal.inet.InetAddresses] Adding remote address /fe80:0:0:0:52f5:b140:5dd5:59cf%utun5
2025-05-27T09:43:15.184+0900 [DEBUG] [org.gradle.internal.remote.internal.inet.InetAddresses] Adding IP addresses for network interface utun4
2025-05-27T09:43:15.184+0900 [DEBUG] [org.gradle.internal.remote.internal.inet.InetAddresses] Is this a loopback interface? false
2025-05-27T09:43:15.185+0900 [DEBUG] [org.gradle.internal.remote.internal.inet.InetAddresses] Adding remote address /fe80:0:0:0:1e1:7e9e:c5b9:a2c1%utun4
2025-05-27T09:43:15.185+0900 [DEBUG] [org.gradle.internal.remote.internal.inet.InetAddresses] Adding IP addresses for network interface utun3
2025-05-27T09:43:15.185+0900 [DEBUG] [org.gradle.internal.remote.internal.inet.InetAddresses] Is this a loopback interface? false
2025-05-27T09:43:15.185+0900 [DEBUG] [org.gradle.internal.remote.internal.inet.InetAddresses] Adding remote address /fe80:0:0:0:ce81:b1c:bd2c:69e%utun3
2025-05-27T09:43:15.185+0900 [DEBUG] [org.gradle.internal.remote.internal.inet.InetAddresses] Adding IP addresses for network interface utun2
2025-05-27T09:43:15.185+0900 [DEBUG] [org.gradle.internal.remote.internal.inet.InetAddresses] Is this a loopback interface? false
2025-05-27T09:43:15.186+0900 [DEBUG] [org.gradle.internal.remote.internal.inet.InetAddresses] Adding remote address /fe80:0:0:0:1a08:4a46:8b92:afbe%utun2
2025-05-27T09:43:15.186+0900 [DEBUG] [org.gradle.internal.remote.internal.inet.InetAddresses] Adding IP addresses for network interface utun1
2025-05-27T09:43:15.187+0900 [DEBUG] [org.gradle.internal.remote.internal.inet.InetAddresses] Is this a loopback interface? false
2025-05-27T09:43:15.187+0900 [DEBUG] [org.gradle.internal.remote.internal.inet.InetAddresses] Adding remote address /fe80:0:0:0:5d75:d070:7b49:e093%utun1
2025-05-27T09:43:15.187+0900 [DEBUG] [org.gradle.internal.remote.internal.inet.InetAddresses] Adding IP addresses for network interface utun0
2025-05-27T09:43:15.187+0900 [DEBUG] [org.gradle.internal.remote.internal.inet.InetAddresses] Is this a loopback interface? false
2025-05-27T09:43:15.187+0900 [DEBUG] [org.gradle.internal.remote.internal.inet.InetAddresses] Adding remote address /fe80:0:0:0:b2c:5d3c:d65:f1c6%utun0
2025-05-27T09:43:15.187+0900 [DEBUG] [org.gradle.internal.remote.internal.inet.InetAddresses] Adding IP addresses for network interface llw0
2025-05-27T09:43:15.187+0900 [DEBUG] [org.gradle.internal.remote.internal.inet.InetAddresses] Is this a loopback interface? false
2025-05-27T09:43:15.187+0900 [DEBUG] [org.gradle.internal.remote.internal.inet.InetAddresses] Adding remote address /fe80:0:0:0:ace2:5ff:fe18:d479%llw0
2025-05-27T09:43:15.187+0900 [DEBUG] [org.gradle.internal.remote.internal.inet.InetAddresses] Adding IP addresses for network interface awdl0
2025-05-27T09:43:15.187+0900 [DEBUG] [org.gradle.internal.remote.internal.inet.InetAddresses] Is this a loopback interface? false
2025-05-27T09:43:15.187+0900 [DEBUG] [org.gradle.internal.remote.internal.inet.InetAddresses] Adding remote address /fe80:0:0:0:ace2:5ff:fe18:d479%awdl0
2025-05-27T09:43:15.188+0900 [DEBUG] [org.gradle.internal.remote.internal.inet.InetAddresses] Adding IP addresses for network interface en0
2025-05-27T09:43:15.188+0900 [DEBUG] [org.gradle.internal.remote.internal.inet.InetAddresses] Is this a loopback interface? false
2025-05-27T09:43:15.188+0900 [DEBUG] [org.gradle.internal.remote.internal.inet.InetAddresses] Adding remote address /fe80:0:0:0:434:4491:a25d:6e37%en0
2025-05-27T09:43:15.188+0900 [DEBUG] [org.gradle.internal.remote.internal.inet.InetAddresses] Adding remote address /192.168.50.97
2025-05-27T09:43:15.188+0900 [DEBUG] [org.gradle.internal.remote.internal.inet.InetAddresses] Adding IP addresses for network interface lo0
2025-05-27T09:43:15.188+0900 [DEBUG] [org.gradle.internal.remote.internal.inet.InetAddresses] Is this a loopback interface? true
2025-05-27T09:43:15.188+0900 [DEBUG] [org.gradle.internal.remote.internal.inet.InetAddresses] Ignoring remote address on loopback interface /fe80:0:0:0:0:0:0:1%lo0
2025-05-27T09:43:15.188+0900 [DEBUG] [org.gradle.internal.remote.internal.inet.InetAddresses] Adding loopback address /0:0:0:0:0:0:0:1%lo0
2025-05-27T09:43:15.188+0900 [DEBUG] [org.gradle.internal.remote.internal.inet.InetAddresses] Adding loopback address /127.0.0.1
2025-05-27T09:43:15.219+0900 [INFO] [org.gradle.launcher.daemon.server.Daemon] start() called on daemon - DefaultDaemonContext[uid=fa2aa225-4e68-4265-8efb-63b0892b5b2c,javaHome=/Users/guddn/Library/Java/JavaVirtualMachines/ms-17.0.15/Contents/Home,javaVersion=17,javaVendor=Microsoft,daemonRegistryDir=/Users/guddn/Desktop/KB_FullStack/03_JAVA/daemon,pid=7564,idleTimeout=10800000,priority=NORMAL,applyInstrumentationAgent=true,nativeServicesMode=ENABLED,daemonOpts=-XX:MaxMetaspaceSize=384m,-XX:+HeapDumpOnOutOfMemoryError,-Xms256m,-Xmx512m,-Dfile.encoding=UTF-8,-Duser.country=KR,-Duser.language=ko,-Duser.variant]
2025-05-27T09:43:15.234+0900 [DEBUG] [org.gradle.internal.remote.internal.inet.TcpIncomingConnector] Listening on [1aca2ff7-42af-47b3-a483-1953b4517a35 port:49492, addresses:[localhost/127.0.0.1]].
2025-05-27T09:43:15.244+0900 [DEBUG] [org.gradle.launcher.daemon.server.Daemon] Daemon starting at: Tue May 27 09:43:15 KST 2025, with address: [1aca2ff7-42af-47b3-a483-1953b4517a35 port:49492, addresses:[localhost/127.0.0.1]]
2025-05-27T09:43:15.244+0900 [INFO] [org.gradle.launcher.daemon.server.DaemonRegistryUpdater] Advertising the daemon address to the clients: [1aca2ff7-42af-47b3-a483-1953b4517a35 port:49492, addresses:[localhost/127.0.0.1]]
2025-05-27T09:43:15.244+0900 [DEBUG] [org.gradle.launcher.daemon.server.DaemonRegistryUpdater] Advertised daemon context: DefaultDaemonContext[uid=fa2aa225-4e68-4265-8efb-63b0892b5b2c,javaHome=/Users/guddn/Library/Java/JavaVirtualMachines/ms-17.0.15/Contents/Home,javaVersion=17,javaVendor=Microsoft,daemonRegistryDir=/Users/guddn/Desktop/KB_FullStack/03_JAVA/daemon,pid=7564,idleTimeout=10800000,priority=NORMAL,applyInstrumentationAgent=true,nativeServicesMode=ENABLED,daemonOpts=-XX:MaxMetaspaceSize=384m,-XX:+HeapDumpOnOutOfMemoryError,-Xms256m,-Xmx512m,-Dfile.encoding=UTF-8,-Duser.country=KR,-Duser.language=ko,-Duser.variant]
2025-05-27T09:43:15.245+0900 [DEBUG] [org.gradle.launcher.daemon.registry.PersistentDaemonRegistry] Storing daemon address: [1aca2ff7-42af-47b3-a483-1953b4517a35 port:49492, addresses:[localhost/127.0.0.1]], context: DefaultDaemonContext[uid=fa2aa225-4e68-4265-8efb-63b0892b5b2c,javaHome=/Users/guddn/Library/Java/JavaVirtualMachines/ms-17.0.15/Contents/Home,javaVersion=17,javaVendor=Microsoft,daemonRegistryDir=/Users/guddn/Desktop/KB_FullStack/03_JAVA/daemon,pid=7564,idleTimeout=10800000,priority=NORMAL,applyInstrumentationAgent=true,nativeServicesMode=ENABLED,daemonOpts=-XX:MaxMetaspaceSize=384m,-XX:+HeapDumpOnOutOfMemoryError,-Xms256m,-Xmx512m,-Dfile.encoding=UTF-8,-Duser.country=KR,-Duser.language=ko,-Duser.variant]
2025-05-27T09:43:15.248+0900 [DEBUG] [org.gradle.cache.internal.DefaultFileLockManager] Waiting to acquire exclusive lock on daemon addresses registry.
2025-05-27T09:43:15.251+0900 [DEBUG] [org.gradle.cache.internal.DefaultFileLockManager] Lock acquired on daemon addresses registry.
2025-05-27T09:43:15.255+0900 [DEBUG] [org.gradle.cache.internal.DefaultFileLockManager] Releasing lock on daemon addresses registry.
2025-05-27T09:43:15.256+0900 [LIFECYCLE] [org.gradle.launcher.daemon.server.Daemon] Daemon server started.
2025-05-27T09:43:15.256+0900 [DEBUG] [org.gradle.launcher.daemon.bootstrap.DaemonStartupCommunication] Completed writing the daemon greeting. Closing streams...
2025-05-27T09:43:15.260+0900 [DEBUG] [org.gradle.launcher.daemon.server.Daemon] stopOnExpiration() called on daemon
2025-05-27T09:43:15.261+0900 [DEBUG] [org.gradle.launcher.daemon.server.Daemon] awaitExpiration() called on daemon
2025-05-27T09:43:15.261+0900 [DEBUG] [org.gradle.launcher.daemon.server.DaemonStateCoordinator] daemon is running. Sleeping until state changes.
2025-05-27T09:43:15.265+0900 [DEBUG] [org.gradle.internal.remote.internal.inet.TcpIncomingConnector] Accepted connection from /127.0.0.1:49493 to /127.0.0.1:49492.
2025-05-27T09:43:15.285+0900 [DEBUG] [org.gradle.launcher.daemon.server.SynchronizedDispatchConnection] thread 21: received class org.gradle.launcher.daemon.protocol.Build
2025-05-27T09:43:15.285+0900 [DEBUG] [org.gradle.launcher.daemon.server.DefaultDaemonConnection] thread 21: Received non-IO message from client: Build{id=9ecddc76-f154-4088-851e-ffbab764133d, currentDir=/Users/guddn/Desktop/KB_FullStack/04_DB/MongoDB}
2025-05-27T09:43:15.285+0900 [INFO] [org.gradle.launcher.daemon.server.DefaultIncomingConnectionHandler] Received command: Build{id=9ecddc76-f154-4088-851e-ffbab764133d, currentDir=/Users/guddn/Desktop/KB_FullStack/04_DB/MongoDB}.
2025-05-27T09:43:15.285+0900 [DEBUG] [org.gradle.launcher.daemon.server.DefaultIncomingConnectionHandler] Starting executing command: Build{id=9ecddc76-f154-4088-851e-ffbab764133d, currentDir=/Users/guddn/Desktop/KB_FullStack/04_DB/MongoDB} with connection: socket connection from /127.0.0.1:49492 to /127.0.0.1:49493.
2025-05-27T09:43:15.287+0900 [DEBUG] [org.gradle.launcher.daemon.server.DaemonStateCoordinator] Command execution: started DaemonCommandExecution[command = Build{id=9ecddc76-f154-4088-851e-ffbab764133d, currentDir=/Users/guddn/Desktop/KB_FullStack/04_DB/MongoDB}, connection = DefaultDaemonConnection: socket connection from /127.0.0.1:49492 to /127.0.0.1:49493] after 9.333333333333333E-4 minutes of idle
2025-05-27T09:43:15.287+0900 [INFO] [org.gradle.launcher.daemon.server.DaemonRegistryUpdater] Marking the daemon as busy, address: [1aca2ff7-42af-47b3-a483-1953b4517a35 port:49492, addresses:[localhost/127.0.0.1]]
2025-05-27T09:43:15.287+0900 [DEBUG] [org.gradle.launcher.daemon.registry.PersistentDaemonRegistry] Marking busy by address: [1aca2ff7-42af-47b3-a483-1953b4517a35 port:49492, addresses:[localhost/127.0.0.1]]
2025-05-27T09:43:15.287+0900 [DEBUG] [org.gradle.cache.internal.DefaultFileLockManager] Waiting to acquire exclusive lock on daemon addresses registry.
2025-05-27T09:43:15.288+0900 [DEBUG] [org.gradle.cache.internal.DefaultFileLockManager] Lock acquired on daemon addresses registry.
2025-05-27T09:43:15.288+0900 [DEBUG] [org.gradle.cache.internal.DefaultFileLockManager] Releasing lock on daemon addresses registry.
2025-05-27T09:43:15.289+0900 [DEBUG] [org.gradle.launcher.daemon.server.DaemonStateCoordinator] resetting idle timer
2025-05-27T09:43:15.289+0900 [DEBUG] [org.gradle.launcher.daemon.server.DaemonStateCoordinator] daemon is running. Sleeping until state changes.
2025-05-27T09:43:15.290+0900 [INFO] [org.gradle.launcher.daemon.server.exec.StartBuildOrRespondWithBusy] Daemon is about to start building Build{id=9ecddc76-f154-4088-851e-ffbab764133d, currentDir=/Users/guddn/Desktop/KB_FullStack/04_DB/MongoDB}. Dispatching build started information...
2025-05-27T09:43:15.290+0900 [DEBUG] [org.gradle.launcher.daemon.server.SynchronizedDispatchConnection] thread 23: dispatching org.gradle.launcher.daemon.protocol.BuildStarted@6572bea9
2025-05-27T09:43:15.291+0900 [DEBUG] [org.gradle.launcher.daemon.server.exec.EstablishBuildEnvironment] Configuring env variables: [PATH, JAVA_HOME, HOMEBREW_PREFIX, COMMAND_MODE, NVM_INC, LOGNAME, HOMEBREW_REPOSITORY, XPC_SERVICE_NAME, INFOPATH, __CFBundleIdentifier, NVM_CD_FLAGS, NVM_DIR, SHELL, PAGER, LSCOLORS, OLDPWD, HOMEBREW_CELLAR, USER, ZSH, TMPDIR, SSH_AUTH_SOCK, XPC_FLAGS, __CF_USER_TEXT_ENCODING, LESS, LC_CTYPE, LS_COLORS, NVM_BIN, HOME]
2025-05-27T09:43:15.294+0900 [DEBUG] [org.gradle.launcher.daemon.server.exec.LogToClient] About to start relaying all logs to the client via the connection.
2025-05-27T09:43:15.294+0900 [INFO] [org.gradle.launcher.daemon.server.exec.LogToClient] The client will now receive all logging from the daemon (pid: 7564). The daemon log file: /Users/guddn/Desktop/KB_FullStack/03_JAVA/daemon/8.13/daemon-7564.out.log
2025-05-27T09:43:15.296+0900 [INFO] [org.gradle.launcher.daemon.server.exec.LogAndCheckHealth] Starting build in new daemon [memory: 512 MiB]
2025-05-27T09:43:15.297+0900 [DEBUG] [org.gradle.launcher.daemon.server.exec.ExecuteBuild] The daemon has started executing the build.
2025-05-27T09:43:15.297+0900 [DEBUG] [org.gradle.launcher.daemon.server.exec.ExecuteBuild] Executing build with daemon context: DefaultDaemonContext[uid=fa2aa225-4e68-4265-8efb-63b0892b5b2c,javaHome=/Users/guddn/Library/Java/JavaVirtualMachines/ms-17.0.15/Contents/Home,javaVersion=17,javaVendor=Microsoft,daemonRegistryDir=/Users/guddn/Desktop/KB_FullStack/03_JAVA/daemon,pid=7564,idleTimeout=10800000,priority=NORMAL,applyInstrumentationAgent=true,nativeServicesMode=ENABLED,daemonOpts=-XX:MaxMetaspaceSize=384m,-XX:+HeapDumpOnOutOfMemoryError,-Xms256m,-Xmx512m,-Dfile.encoding=UTF-8,-Duser.country=KR,-Duser.language=ko,-Duser.variant]

Welcome to Gradle 8.13.

To run a build, run gradle <task> ...

To see a list of available tasks, run gradle tasks

To see more detail about a task, run gradle help --task <task>

To see a list of command-line options, run gradle --help

For more detail on using Gradle, see https://docs.gradle.org/8.13/userguide/command_line_interface.html

For troubleshooting, visit https://help.gradle.org

BUILD SUCCESSFUL in 3s
1 actionable task: 1 executed
2025-05-27T09:43:17.536+0900 [DEBUG] [org.gradle.launcher.daemon.server.exec.ExecuteBuild] The daemon has finished executing the build.
2025-05-27T09:43:17.543+0900 [DEBUG] [org.gradle.launcher.daemon.server.DaemonStateCoordinator] daemon is running. Sleeping until state changes.
2025-05-27T09:43:17.543+0900 [DEBUG] [org.gradle.launcher.daemon.server.DaemonStateCoordinator] Command execution: finished waiting for DaemonCommandExecution[command = Build{id=9ecddc76-f154-4088-851e-ffbab764133d, currentDir=/Users/guddn/Desktop/KB_FullStack/04_DB/MongoDB}, connection = DefaultDaemonConnection: socket connection from /127.0.0.1:49492 to /127.0.0.1:49493]. Result org.gradle.launcher.daemon.server.DaemonStateCoordinator@311684d1 with state Busy
2025-05-27T09:43:17.543+0900 [DEBUG] [org.gradle.launcher.daemon.server.DaemonStateCoordinator] Command execution: completed DaemonCommandExecution[command = Build{id=9ecddc76-f154-4088-851e-ffbab764133d, currentDir=/Users/guddn/Desktop/KB_FullStack/04_DB/MongoDB}, connection = DefaultDaemonConnection: socket connection from /127.0.0.1:49492 to /127.0.0.1:49493]
2025-05-27T09:43:17.544+0900 [DEBUG] [org.gradle.launcher.daemon.server.DaemonStateCoordinator] resetting idle timer
2025-05-27T09:43:17.544+0900 [INFO] [org.gradle.launcher.daemon.server.DaemonRegistryUpdater] Marking the daemon as idle, address: [1aca2ff7-42af-47b3-a483-1953b4517a35 port:49492, addresses:[localhost/127.0.0.1]]
2025-05-27T09:43:17.544+0900 [DEBUG] [org.gradle.launcher.daemon.registry.PersistentDaemonRegistry] Marking busy by address: [1aca2ff7-42af-47b3-a483-1953b4517a35 port:49492, addresses:[localhost/127.0.0.1]]
2025-05-27T09:43:17.544+0900 [DEBUG] [org.gradle.cache.internal.DefaultFileLockManager] Waiting to acquire exclusive lock on daemon addresses registry.
2025-05-27T09:43:17.544+0900 [DEBUG] [org.gradle.cache.internal.DefaultFileLockManager] Lock acquired on daemon addresses registry.
2025-05-27T09:43:17.545+0900 [DEBUG] [org.gradle.cache.internal.DefaultFileLockManager] Releasing lock on daemon addresses registry.
2025-05-27T09:43:17.545+0900 [DEBUG] [org.gradle.launcher.daemon.server.exec.ReturnResult] Daemon is dispatching the build result: Success[value=org.gradle.launcher.exec.BuildActionResult@7f73a96c]
2025-05-27T09:43:17.545+0900 [DEBUG] [org.gradle.launcher.daemon.server.SynchronizedDispatchConnection] thread 20: dispatching Success[value=org.gradle.launcher.exec.BuildActionResult@7f73a96c]
2025-05-27T09:43:17.547+0900 [DEBUG] [org.gradle.launcher.daemon.server.DaemonStateCoordinator] daemon is running. Sleeping until state changes.
2025-05-27T09:43:17.547+0900 [DEBUG] [org.gradle.launcher.daemon.server.exec.CleanUpVirtualFileSystemAfterBuild] Cleaning virtual file system after build finished
2025-05-27T09:43:17.549+0900 [DEBUG] [org.gradle.launcher.daemon.server.DefaultIncomingConnectionHandler] Finishing executing command: Build{id=9ecddc76-f154-4088-851e-ffbab764133d, currentDir=/Users/guddn/Desktop/KB_FullStack/04_DB/MongoDB}
2025-05-27T09:43:17.549+0900 [DEBUG] [org.gradle.launcher.daemon.server.SynchronizedDispatchConnection] thread 21: received class org.gradle.launcher.daemon.protocol.CloseInput
2025-05-27T09:43:17.549+0900 [DEBUG] [org.gradle.launcher.daemon.server.DefaultDaemonConnection] thread 21: Received IO message from client: org.gradle.launcher.daemon.protocol.CloseInput@19bbcc5f
2025-05-27T09:43:17.549+0900 [DEBUG] [org.gradle.launcher.daemon.server.SynchronizedDispatchConnection] thread 21: received class org.gradle.launcher.daemon.protocol.Finished
2025-05-27T09:43:17.549+0900 [DEBUG] [org.gradle.launcher.daemon.server.DefaultDaemonConnection] thread 21: Received non-IO message from client: org.gradle.launcher.daemon.protocol.Finished@5b5e7cc5
2025-05-27T09:43:17.549+0900 [DEBUG] [org.gradle.internal.remote.internal.inet.SocketConnection] Discarding EOFException: java.io.EOFException
2025-05-27T09:43:17.549+0900 [DEBUG] [org.gradle.launcher.daemon.server.SynchronizedDispatchConnection] thread 21: received null
2025-05-27T09:43:17.549+0900 [DEBUG] [org.gradle.launcher.daemon.server.DefaultDaemonConnection] thread 21: Received end-of-input from client.
2025-05-27T09:43:17.550+0900 [WARN] [org.gradle.launcher.daemon.server.DefaultIncomingConnectionHandler] Timed out waiting for finished message from client socket connection from /127.0.0.1:49492 to /127.0.0.1:49493. Discarding connection.
2025-05-27T09:43:17.550+0900 [DEBUG] [org.gradle.launcher.daemon.server.SynchronizedDispatchConnection] thread 20: stopping connection
2025-05-27T09:43:17.553+0900 [DEBUG] [org.gradle.launcher.daemon.server.SynchronizedDispatchConnection] thread 20: stopping connection
2025-05-27T09:43:25.269+0900 [DEBUG] [org.gradle.cache.internal.DefaultFileLockManager] Waiting to acquire shared lock on daemon addresses registry.
2025-05-27T09:43:25.270+0900 [DEBUG] [org.gradle.cache.internal.DefaultFileLockManager] Lock acquired on daemon addresses registry.
2025-05-27T09:43:25.271+0900 [DEBUG] [org.gradle.cache.internal.DefaultFileLockManager] Releasing lock on daemon addresses registry.
2025-05-27T09:43:25.274+0900 [DEBUG] [org.gradle.cache.internal.DefaultFileLockManager] Waiting to acquire shared lock on daemon addresses registry.
2025-05-27T09:43:25.274+0900 [DEBUG] [org.gradle.cache.internal.DefaultFileLockManager] Lock acquired on daemon addresses registry.
2025-05-27T09:43:25.275+0900 [DEBUG] [org.gradle.cache.internal.DefaultFileLockManager] Releasing lock on daemon addresses registry.
2025-05-27T09:43:35.264+0900 [DEBUG] [org.gradle.cache.internal.DefaultFileLockManager] Waiting to acquire shared lock on daemon addresses registry.
2025-05-27T09:43:35.266+0900 [DEBUG] [org.gradle.cache.internal.DefaultFileLockManager] Lock acquired on daemon addresses registry.
2025-05-27T09:43:35.266+0900 [DEBUG] [org.gradle.cache.internal.DefaultFileLockManager] Releasing lock on daemon addresses registry.
2025-05-27T09:43:35.267+0900 [DEBUG] [org.gradle.cache.internal.DefaultFileLockManager] Waiting to acquire shared lock on daemon addresses registry.
2025-05-27T09:43:35.267+0900 [DEBUG] [org.gradle.cache.internal.DefaultFileLockManager] Lock acquired on daemon addresses registry.
2025-05-27T09:43:35.268+0900 [DEBUG] [org.gradle.cache.internal.DefaultFileLockManager] Releasing lock on daemon addresses registry.
2025-05-27T09:43:35.268+0900 [DEBUG] [org.gradle.cache.internal.DefaultFileLockManager] Waiting to acquire shared lock on daemon addresses registry.
2025-05-27T09:43:35.268+0900 [DEBUG] [org.gradle.cache.internal.DefaultFileLockManager] Lock acquired on daemon addresses registry.
2025-05-27T09:43:35.269+0900 [DEBUG] [org.gradle.cache.internal.DefaultFileLockManager] Releasing lock on daemon addresses registry.
2025-05-27T09:43:45.264+0900 [DEBUG] [org.gradle.cache.internal.DefaultFileLockManager] Waiting to acquire shared lock on daemon addresses registry.
2025-05-27T09:43:45.264+0900 [DEBUG] [org.gradle.cache.internal.DefaultFileLockManager] Lock acquired on daemon addresses registry.
2025-05-27T09:43:45.265+0900 [DEBUG] [org.gradle.cache.internal.DefaultFileLockManager] Releasing lock on daemon addresses registry.
2025-05-27T09:43:45.266+0900 [DEBUG] [org.gradle.cache.internal.DefaultFileLockManager] Waiting to acquire shared lock on daemon addresses registry.
2025-05-27T09:43:45.266+0900 [DEBUG] [org.gradle.cache.internal.DefaultFileLockManager] Lock acquired on daemon addresses registry.
2025-05-27T09:43:45.266+0900 [DEBUG] [org.gradle.cache.internal.DefaultFileLockManager] Releasing lock on daemon addresses registry.
2025-05-27T09:43:45.267+0900 [DEBUG] [org.gradle.cache.internal.DefaultFileLockManager] Waiting to acquire shared lock on daemon addresses registry.
2025-05-27T09:43:45.267+0900 [DEBUG] [org.gradle.cache.internal.DefaultFileLockManager] Lock acquired on daemon addresses registry.
2025-05-27T09:43:45.267+0900 [DEBUG] [org.gradle.cache.internal.DefaultFileLockManager] Releasing lock on daemon addresses registry.
2025-05-27T09:43:55.267+0900 [DEBUG] [org.gradle.cache.internal.DefaultFileLockManager] Waiting to acquire shared lock on daemon addresses registry.
2025-05-27T09:43:55.267+0900 [DEBUG] [org.gradle.cache.internal.DefaultFileLockManager] Lock acquired on daemon addresses registry.
2025-05-27T09:43:55.268+0900 [DEBUG] [org.gradle.cache.internal.DefaultFileLockManager] Releasing lock on daemon addresses registry.
2025-05-27T09:43:55.268+0900 [DEBUG] [org.gradle.cache.internal.DefaultFileLockManager] Waiting to acquire shared lock on daemon addresses registry.
2025-05-27T09:43:55.269+0900 [DEBUG] [org.gradle.cache.internal.DefaultFileLockManager] Lock acquired on daemon addresses registry.
2025-05-27T09:43:55.269+0900 [DEBUG] [org.gradle.cache.internal.DefaultFileLockManager] Releasing lock on daemon addresses registry.
2025-05-27T09:43:55.270+0900 [DEBUG] [org.gradle.cache.internal.DefaultFileLockManager] Waiting to acquire shared lock on daemon addresses registry.
2025-05-27T09:43:55.271+0900 [DEBUG] [org.gradle.cache.internal.DefaultFileLockManager] Lock acquired on daemon addresses registry.
2025-05-27T09:43:55.271+0900 [DEBUG] [org.gradle.cache.internal.DefaultFileLockManager] Releasing lock on daemon addresses registry.
2025-05-27T09:44:05.263+0900 [DEBUG] [org.gradle.cache.internal.DefaultFileLockManager] Waiting to acquire shared lock on daemon addresses registry.
2025-05-27T09:44:05.264+0900 [DEBUG] [org.gradle.cache.internal.DefaultFileLockManager] Lock acquired on daemon addresses registry.
2025-05-27T09:44:05.264+0900 [DEBUG] [org.gradle.cache.internal.DefaultFileLockManager] Releasing lock on daemon addresses registry.
2025-05-27T09:44:05.264+0900 [DEBUG] [org.gradle.cache.internal.DefaultFileLockManager] Waiting to acquire shared lock on daemon addresses registry.
2025-05-27T09:44:05.265+0900 [DEBUG] [org.gradle.cache.internal.DefaultFileLockManager] Lock acquired on daemon addresses registry.
2025-05-27T09:44:05.265+0900 [DEBUG] [org.gradle.cache.internal.DefaultFileLockManager] Releasing lock on daemon addresses registry.
2025-05-27T09:44:05.265+0900 [DEBUG] [org.gradle.cache.internal.DefaultFileLockManager] Waiting to acquire shared lock on daemon addresses registry.
2025-05-27T09:44:05.266+0900 [DEBUG] [org.gradle.cache.internal.DefaultFileLockManager] Lock acquired on daemon addresses registry.
2025-05-27T09:44:05.266+0900 [DEBUG] [org.gradle.cache.internal.DefaultFileLockManager] Releasing lock on daemon addresses registry.
2025-05-27T09:44:15.266+0900 [DEBUG] [org.gradle.cache.internal.DefaultFileLockManager] Waiting to acquire shared lock on daemon addresses registry.
2025-05-27T09:44:15.267+0900 [DEBUG] [org.gradle.cache.internal.DefaultFileLockManager] Lock acquired on daemon addresses registry.
2025-05-27T09:44:15.267+0900 [DEBUG] [org.gradle.cache.internal.DefaultFileLockManager] Releasing lock on daemon addresses registry.
2025-05-27T09:44:15.268+0900 [DEBUG] [org.gradle.cache.internal.DefaultFileLockManager] Waiting to acquire shared lock on daemon addresses registry.
2025-05-27T09:44:15.268+0900 [DEBUG] [org.gradle.cache.internal.DefaultFileLockManager] Lock acquired on daemon addresses registry.
2025-05-27T09:44:15.269+0900 [DEBUG] [org.gradle.cache.internal.DefaultFileLockManager] Releasing lock on daemon addresses registry.
2025-05-27T09:44:15.270+0900 [DEBUG] [org.gradle.cache.internal.DefaultFileLockManager] Waiting to acquire shared lock on daemon addresses registry.
2025-05-27T09:44:15.270+0900 [DEBUG] [org.gradle.cache.internal.DefaultFileLockManager] Lock acquired on daemon addresses registry.
2025-05-27T09:44:15.270+0900 [DEBUG] [org.gradle.cache.internal.DefaultFileLockManager] Releasing lock on daemon addresses registry.
2025-05-27T09:44:25.265+0900 [DEBUG] [org.gradle.cache.internal.DefaultFileLockManager] Waiting to acquire shared lock on daemon addresses registry.
2025-05-27T09:44:25.265+0900 [DEBUG] [org.gradle.cache.internal.DefaultFileLockManager] Lock acquired on daemon addresses registry.
2025-05-27T09:44:25.266+0900 [DEBUG] [org.gradle.cache.internal.DefaultFileLockManager] Releasing lock on daemon addresses registry.
2025-05-27T09:44:25.266+0900 [DEBUG] [org.gradle.cache.internal.DefaultFileLockManager] Waiting to acquire shared lock on daemon addresses registry.
2025-05-27T09:44:25.266+0900 [DEBUG] [org.gradle.cache.internal.DefaultFileLockManager] Lock acquired on daemon addresses registry.
2025-05-27T09:44:25.267+0900 [DEBUG] [org.gradle.cache.internal.DefaultFileLockManager] Releasing lock on daemon addresses registry.
2025-05-27T09:44:25.267+0900 [DEBUG] [org.gradle.cache.internal.DefaultFileLockManager] Waiting to acquire shared lock on daemon addresses registry.
2025-05-27T09:44:25.267+0900 [DEBUG] [org.gradle.cache.internal.DefaultFileLockManager] Lock acquired on daemon addresses registry.
2025-05-27T09:44:25.268+0900 [DEBUG] [org.gradle.cache.internal.DefaultFileLockManager] Releasing lock on daemon addresses registry.
2025-05-27T09:44:35.263+0900 [DEBUG] [org.gradle.cache.internal.DefaultFileLockManager] Waiting to acquire shared lock on daemon addresses registry.
2025-05-27T09:44:35.263+0900 [DEBUG] [org.gradle.cache.internal.DefaultFileLockManager] Lock acquired on daemon addresses registry.
2025-05-27T09:44:35.264+0900 [DEBUG] [org.gradle.cache.internal.DefaultFileLockManager] Releasing lock on daemon addresses registry.
2025-05-27T09:44:35.264+0900 [DEBUG] [org.gradle.cache.internal.DefaultFileLockManager] Waiting to acquire shared lock on daemon addresses registry.
2025-05-27T09:44:35.264+0900 [DEBUG] [org.gradle.cache.internal.DefaultFileLockManager] Lock acquired on daemon addresses registry.
2025-05-27T09:44:35.264+0900 [DEBUG] [org.gradle.cache.internal.DefaultFileLockManager] Releasing lock on daemon addresses registry.
2025-05-27T09:44:35.264+0900 [DEBUG] [org.gradle.cache.internal.DefaultFileLockManager] Waiting to acquire shared lock on daemon addresses registry.
2025-05-27T09:44:35.264+0900 [DEBUG] [org.gradle.cache.internal.DefaultFileLockManager] Lock acquired on daemon addresses registry.
2025-05-27T09:44:35.264+0900 [DEBUG] [org.gradle.cache.internal.DefaultFileLockManager] Releasing lock on daemon addresses registry.
2025-05-27T09:44:45.261+0900 [DEBUG] [org.gradle.cache.internal.DefaultFileLockManager] Waiting to acquire shared lock on daemon addresses registry.
2025-05-27T09:44:45.261+0900 [DEBUG] [org.gradle.cache.internal.DefaultFileLockManager] Lock acquired on daemon addresses registry.
2025-05-27T09:44:45.262+0900 [DEBUG] [org.gradle.cache.internal.DefaultFileLockManager] Releasing lock on daemon addresses registry.
2025-05-27T09:44:45.262+0900 [DEBUG] [org.gradle.cache.internal.DefaultFileLockManager] Waiting to acquire shared lock on daemon addresses registry.
2025-05-27T09:44:45.262+0900 [DEBUG] [org.gradle.cache.internal.DefaultFileLockManager] Lock acquired on daemon addresses registry.
2025-05-27T09:44:45.262+0900 [DEBUG] [org.gradle.cache.internal.DefaultFileLockManager] Releasing lock on daemon addresses registry.
2025-05-27T09:44:45.262+0900 [DEBUG] [org.gradle.cache.internal.DefaultFileLockManager] Waiting to acquire shared lock on daemon addresses registry.
2025-05-27T09:44:45.262+0900 [DEBUG] [org.gradle.cache.internal.DefaultFileLockManager] Lock acquired on daemon addresses registry.
2025-05-27T09:44:45.262+0900 [DEBUG] [org.gradle.cache.internal.DefaultFileLockManager] Releasing lock on daemon addresses registry.
2025-05-27T09:44:55.263+0900 [DEBUG] [org.gradle.cache.internal.DefaultFileLockManager] Waiting to acquire shared lock on daemon addresses registry.
2025-05-27T09:44:55.264+0900 [DEBUG] [org.gradle.cache.internal.DefaultFileLockManager] Lock acquired on daemon addresses registry.
2025-05-27T09:44:55.265+0900 [DEBUG] [org.gradle.cache.internal.DefaultFileLockManager] Releasing lock on daemon addresses registry.
2025-05-27T09:44:55.265+0900 [DEBUG] [org.gradle.cache.internal.DefaultFileLockManager] Waiting to acquire shared lock on daemon addresses registry.
2025-05-27T09:44:55.265+0900 [DEBUG] [org.gradle.cache.internal.DefaultFileLockManager] Lock acquired on daemon addresses registry.
2025-05-27T09:44:55.266+0900 [DEBUG] [org.gradle.cache.internal.DefaultFileLockManager] Releasing lock on daemon addresses registry.
2025-05-27T09:44:55.266+0900 [DEBUG] [org.gradle.cache.internal.DefaultFileLockManager] Waiting to acquire shared lock on daemon addresses registry.
2025-05-27T09:44:55.266+0900 [DEBUG] [org.gradle.cache.internal.DefaultFileLockManager] Lock acquired on daemon addresses registry.
2025-05-27T09:44:55.266+0900 [DEBUG] [org.gradle.cache.internal.DefaultFileLockManager] Releasing lock on daemon addresses registry.
2025-05-27T09:45:05.265+0900 [DEBUG] [org.gradle.cache.internal.DefaultFileLockManager] Waiting to acquire shared lock on daemon addresses registry.
2025-05-27T09:45:05.266+0900 [DEBUG] [org.gradle.cache.internal.DefaultFileLockManager] Lock acquired on daemon addresses registry.
2025-05-27T09:45:05.267+0900 [DEBUG] [org.gradle.cache.internal.DefaultFileLockManager] Releasing lock on daemon addresses registry.
2025-05-27T09:45:05.267+0900 [DEBUG] [org.gradle.cache.internal.DefaultFileLockManager] Waiting to acquire shared lock on daemon addresses registry.
2025-05-27T09:45:05.268+0900 [DEBUG] [org.gradle.cache.internal.DefaultFileLockManager] Lock acquired on daemon addresses registry.
2025-05-27T09:45:05.268+0900 [DEBUG] [org.gradle.cache.internal.DefaultFileLockManager] Releasing lock on daemon addresses registry.
2025-05-27T09:45:05.269+0900 [DEBUG] [org.gradle.cache.internal.DefaultFileLockManager] Waiting to acquire shared lock on daemon addresses registry.
2025-05-27T09:45:05.269+0900 [DEBUG] [org.gradle.cache.internal.DefaultFileLockManager] Lock acquired on daemon addresses registry.
2025-05-27T09:45:05.270+0900 [DEBUG] [org.gradle.cache.internal.DefaultFileLockManager] Releasing lock on daemon addresses registry.
2025-05-27T09:45:15.261+0900 [DEBUG] [org.gradle.cache.internal.DefaultFileLockManager] Waiting to acquire shared lock on daemon addresses registry.
2025-05-27T09:45:15.261+0900 [DEBUG] [org.gradle.cache.internal.DefaultFileLockManager] Lock acquired on daemon addresses registry.
2025-05-27T09:45:15.262+0900 [DEBUG] [org.gradle.cache.internal.DefaultFileLockManager] Releasing lock on daemon addresses registry.
2025-05-27T09:45:15.262+0900 [DEBUG] [org.gradle.cache.internal.DefaultFileLockManager] Waiting to acquire shared lock on daemon addresses registry.
2025-05-27T09:45:15.263+0900 [DEBUG] [org.gradle.cache.internal.DefaultFileLockManager] Lock acquired on daemon addresses registry.
2025-05-27T09:45:15.263+0900 [DEBUG] [org.gradle.cache.internal.DefaultFileLockManager] Releasing lock on daemon addresses registry.
2025-05-27T09:45:15.264+0900 [DEBUG] [org.gradle.cache.internal.DefaultFileLockManager] Waiting to acquire shared lock on daemon addresses registry.
2025-05-27T09:45:15.264+0900 [DEBUG] [org.gradle.cache.internal.DefaultFileLockManager] Lock acquired on daemon addresses registry.
2025-05-27T09:45:15.264+0900 [DEBUG] [org.gradle.cache.internal.DefaultFileLockManager] Releasing lock on daemon addresses registry.
2025-05-27T09:45:25.265+0900 [DEBUG] [org.gradle.cache.internal.DefaultFileLockManager] Waiting to acquire shared lock on daemon addresses registry.
2025-05-27T09:45:25.265+0900 [DEBUG] [org.gradle.cache.internal.DefaultFileLockManager] Lock acquired on daemon addresses registry.
2025-05-27T09:45:25.266+0900 [DEBUG] [org.gradle.cache.internal.DefaultFileLockManager] Releasing lock on daemon addresses registry.
2025-05-27T09:45:25.266+0900 [DEBUG] [org.gradle.cache.internal.DefaultFileLockManager] Waiting to acquire shared lock on daemon addresses registry.
2025-05-27T09:45:25.267+0900 [DEBUG] [org.gradle.cache.internal.DefaultFileLockManager] Lock acquired on daemon addresses registry.
2025-05-27T09:45:25.267+0900 [DEBUG] [org.gradle.cache.internal.DefaultFileLockManager] Releasing lock on daemon addresses registry.
2025-05-27T09:45:25.268+0900 [DEBUG] [org.gradle.cache.internal.DefaultFileLockManager] Waiting to acquire shared lock on daemon addresses registry.
2025-05-27T09:45:25.268+0900 [DEBUG] [org.gradle.cache.internal.DefaultFileLockManager] Lock acquired on daemon addresses registry.
2025-05-27T09:45:25.268+0900 [DEBUG] [org.gradle.cache.internal.DefaultFileLockManager] Releasing lock on daemon addresses registry.
2025-05-27T09:45:35.264+0900 [DEBUG] [org.gradle.cache.internal.DefaultFileLockManager] Waiting to acquire shared lock on daemon addresses registry.
2025-05-27T09:45:35.264+0900 [DEBUG] [org.gradle.cache.internal.DefaultFileLockManager] Lock acquired on daemon addresses registry.
2025-05-27T09:45:35.264+0900 [DEBUG] [org.gradle.cache.internal.DefaultFileLockManager] Releasing lock on daemon addresses registry.
2025-05-27T09:45:35.265+0900 [DEBUG] [org.gradle.cache.internal.DefaultFileLockManager] Waiting to acquire shared lock on daemon addresses registry.
2025-05-27T09:45:35.265+0900 [DEBUG] [org.gradle.cache.internal.DefaultFileLockManager] Lock acquired on daemon addresses registry.
2025-05-27T09:45:35.265+0900 [DEBUG] [org.gradle.cache.internal.DefaultFileLockManager] Releasing lock on daemon addresses registry.
2025-05-27T09:45:35.265+0900 [DEBUG] [org.gradle.cache.internal.DefaultFileLockManager] Waiting to acquire shared lock on daemon addresses registry.
2025-05-27T09:45:35.265+0900 [DEBUG] [org.gradle.cache.internal.DefaultFileLockManager] Lock acquired on daemon addresses registry.
2025-05-27T09:45:35.265+0900 [DEBUG] [org.gradle.cache.internal.DefaultFileLockManager] Releasing lock on daemon addresses registry.
2025-05-27T09:45:45.265+0900 [DEBUG] [org.gradle.cache.internal.DefaultFileLockManager] Waiting to acquire shared lock on daemon addresses registry.
2025-05-27T09:45:45.265+0900 [DEBUG] [org.gradle.cache.internal.DefaultFileLockManager] Lock acquired on daemon addresses registry.
2025-05-27T09:45:45.265+0900 [DEBUG] [org.gradle.cache.internal.DefaultFileLockManager] Releasing lock on daemon addresses registry.
2025-05-27T09:45:45.266+0900 [DEBUG] [org.gradle.cache.internal.DefaultFileLockManager] Waiting to acquire shared lock on daemon addresses registry.
2025-05-27T09:45:45.266+0900 [DEBUG] [org.gradle.cache.internal.DefaultFileLockManager] Lock acquired on daemon addresses registry.
2025-05-27T09:45:45.267+0900 [DEBUG] [org.gradle.cache.internal.DefaultFileLockManager] Releasing lock on daemon addresses registry.
2025-05-27T09:45:45.267+0900 [DEBUG] [org.gradle.cache.internal.DefaultFileLockManager] Waiting to acquire shared lock on daemon addresses registry.
2025-05-27T09:45:45.267+0900 [DEBUG] [org.gradle.cache.internal.DefaultFileLockManager] Lock acquired on daemon addresses registry.
2025-05-27T09:45:45.267+0900 [DEBUG] [org.gradle.cache.internal.DefaultFileLockManager] Releasing lock on daemon addresses registry.
2025-05-27T09:45:45.700+0900 [DEBUG] [org.gradle.internal.remote.internal.inet.TcpIncomingConnector] Accepted connection from /127.0.0.1:49540 to /127.0.0.1:49492.
2025-05-27T09:45:45.701+0900 [DEBUG] [org.gradle.launcher.daemon.server.SynchronizedDispatchConnection] thread 71: received class org.gradle.launcher.daemon.protocol.Build
2025-05-27T09:45:45.701+0900 [DEBUG] [org.gradle.launcher.daemon.server.DefaultDaemonConnection] thread 71: Received non-IO message from client: Build{id=2d33983f-72e2-42bb-b05f-0759632709db, currentDir=/Users/guddn/Desktop/KB_FullStack/04_DB/MongoDB}
2025-05-27T09:45:45.701+0900 [INFO] [org.gradle.launcher.daemon.server.DefaultIncomingConnectionHandler] Received command: Build{id=2d33983f-72e2-42bb-b05f-0759632709db, currentDir=/Users/guddn/Desktop/KB_FullStack/04_DB/MongoDB}.
2025-05-27T09:45:45.701+0900 [DEBUG] [org.gradle.launcher.daemon.server.DefaultIncomingConnectionHandler] Starting executing command: Build{id=2d33983f-72e2-42bb-b05f-0759632709db, currentDir=/Users/guddn/Desktop/KB_FullStack/04_DB/MongoDB} with connection: socket connection from /127.0.0.1:49492 to /127.0.0.1:49540.
2025-05-27T09:45:45.701+0900 [DEBUG] [org.gradle.launcher.daemon.server.DaemonStateCoordinator] Command execution: started DaemonCommandExecution[command = Build{id=2d33983f-72e2-42bb-b05f-0759632709db, currentDir=/Users/guddn/Desktop/KB_FullStack/04_DB/MongoDB}, connection = DefaultDaemonConnection: socket connection from /127.0.0.1:49492 to /127.0.0.1:49540] after 2.4693166666666664 minutes of idle
2025-05-27T09:45:45.701+0900 [INFO] [org.gradle.launcher.daemon.server.DaemonRegistryUpdater] Marking the daemon as busy, address: [1aca2ff7-42af-47b3-a483-1953b4517a35 port:49492, addresses:[localhost/127.0.0.1]]
2025-05-27T09:45:45.701+0900 [DEBUG] [org.gradle.launcher.daemon.registry.PersistentDaemonRegistry] Marking busy by address: [1aca2ff7-42af-47b3-a483-1953b4517a35 port:49492, addresses:[localhost/127.0.0.1]]
2025-05-27T09:45:45.702+0900 [DEBUG] [org.gradle.cache.internal.DefaultFileLockManager] Waiting to acquire exclusive lock on daemon addresses registry.
2025-05-27T09:45:45.702+0900 [DEBUG] [org.gradle.cache.internal.DefaultFileLockManager] Lock acquired on daemon addresses registry.
2025-05-27T09:45:45.702+0900 [DEBUG] [org.gradle.cache.internal.DefaultFileLockManager] Releasing lock on daemon addresses registry.
2025-05-27T09:45:45.702+0900 [DEBUG] [org.gradle.launcher.daemon.server.DaemonStateCoordinator] resetting idle timer
2025-05-27T09:45:45.702+0900 [DEBUG] [org.gradle.launcher.daemon.server.DaemonStateCoordinator] daemon is running. Sleeping until state changes.
2025-05-27T09:45:45.703+0900 [INFO] [org.gradle.launcher.daemon.server.exec.StartBuildOrRespondWithBusy] Daemon is about to start building Build{id=2d33983f-72e2-42bb-b05f-0759632709db, currentDir=/Users/guddn/Desktop/KB_FullStack/04_DB/MongoDB}. Dispatching build started information...
2025-05-27T09:45:45.703+0900 [DEBUG] [org.gradle.launcher.daemon.server.SynchronizedDispatchConnection] thread 73: dispatching org.gradle.launcher.daemon.protocol.BuildStarted@2ce08296
2025-05-27T09:45:45.703+0900 [DEBUG] [org.gradle.launcher.daemon.server.exec.EstablishBuildEnvironment] Configuring env variables: [PATH, JAVA_HOME, HOMEBREW_PREFIX, COMMAND_MODE, NVM_INC, LOGNAME, HOMEBREW_REPOSITORY, XPC_SERVICE_NAME, INFOPATH, __CFBundleIdentifier, NVM_CD_FLAGS, NVM_DIR, SHELL, PAGER, LSCOLORS, OLDPWD, HOMEBREW_CELLAR, USER, ZSH, TMPDIR, SSH_AUTH_SOCK, XPC_FLAGS, __CF_USER_TEXT_ENCODING, LESS, LC_CTYPE, LS_COLORS, NVM_BIN, HOME]
2025-05-27T09:45:45.703+0900 [DEBUG] [org.gradle.launcher.daemon.server.DaemonStateCoordinator] daemon is running. Sleeping until state changes.
2025-05-27T09:45:45.703+0900 [DEBUG] [org.gradle.launcher.daemon.server.DaemonStateCoordinator] Command execution: finished waiting for DaemonCommandExecution[command = Build{id=2d33983f-72e2-42bb-b05f-0759632709db, currentDir=/Users/guddn/Desktop/KB_FullStack/04_DB/MongoDB}, connection = DefaultDaemonConnection: socket connection from /127.0.0.1:49492 to /127.0.0.1:49540]. Result net.rubygrapefruit.platform.NativeException: Could not set process working directory to '/Users/guddn/Desktop/KB_FullStack/04_DB/MongoDB': could not setcwd() (errno 2: No such file or directory) with state Busy
2025-05-27T09:45:45.703+0900 [DEBUG] [org.gradle.launcher.daemon.server.DaemonStateCoordinator] Command execution: completed DaemonCommandExecution[command = Build{id=2d33983f-72e2-42bb-b05f-0759632709db, currentDir=/Users/guddn/Desktop/KB_FullStack/04_DB/MongoDB}, connection = DefaultDaemonConnection: socket connection from /127.0.0.1:49492 to /127.0.0.1:49540]
2025-05-27T09:45:45.703+0900 [DEBUG] [org.gradle.launcher.daemon.server.DaemonStateCoordinator] resetting idle timer
2025-05-27T09:45:45.703+0900 [INFO] [org.gradle.launcher.daemon.server.DaemonRegistryUpdater] Marking the daemon as idle, address: [1aca2ff7-42af-47b3-a483-1953b4517a35 port:49492, addresses:[localhost/127.0.0.1]]
2025-05-27T09:45:45.703+0900 [DEBUG] [org.gradle.launcher.daemon.registry.PersistentDaemonRegistry] Marking busy by address: [1aca2ff7-42af-47b3-a483-1953b4517a35 port:49492, addresses:[localhost/127.0.0.1]]
2025-05-27T09:45:45.704+0900 [DEBUG] [org.gradle.cache.internal.DefaultFileLockManager] Waiting to acquire exclusive lock on daemon addresses registry.
2025-05-27T09:45:45.704+0900 [DEBUG] [org.gradle.cache.internal.DefaultFileLockManager] Lock acquired on daemon addresses registry.
2025-05-27T09:45:45.704+0900 [DEBUG] [org.gradle.cache.internal.DefaultFileLockManager] Releasing lock on daemon addresses registry.
2025-05-27T09:45:45.704+0900 [DEBUG] [org.gradle.launcher.daemon.server.DaemonStateCoordinator] daemon is running. Sleeping until state changes.
2025-05-27T09:45:45.704+0900 [DEBUG] [org.gradle.launcher.daemon.server.exec.CleanUpVirtualFileSystemAfterBuild] Cleaning virtual file system after build finished
2025-05-27T09:45:45.704+0900 [WARN] [org.gradle.launcher.daemon.server.DefaultIncomingConnectionHandler] Unable to execute command Build{id=2d33983f-72e2-42bb-b05f-0759632709db, currentDir=/Users/guddn/Desktop/KB_FullStack/04_DB/MongoDB} from socket connection from /127.0.0.1:49492 to /127.0.0.1:49540. Dispatching the failure to the daemon client
net.rubygrapefruit.platform.NativeException: Could not set process working directory to '/Users/guddn/Desktop/KB_FullStack/04_DB/MongoDB': could not setcwd() (errno 2: No such file or directory)
	at net.rubygrapefruit.platform.internal.DefaultProcess.setWorkingDirectory(DefaultProcess.java:52)
	at net.rubygrapefruit.platform.internal.WrapperProcess.setWorkingDirectory(WrapperProcess.java:66)
	at org.gradle.internal.nativeintegration.processenvironment.NativePlatformBackedProcessEnvironment.setNativeProcessDir(NativePlatformBackedProcessEnvironment.java:41)
	at org.gradle.internal.nativeintegration.processenvironment.AbstractProcessEnvironment.setProcessDir(AbstractProcessEnvironment.java:81)
	at org.gradle.internal.nativeintegration.processenvironment.AbstractProcessEnvironment.maybeSetProcessDir(AbstractProcessEnvironment.java:89)
	at org.gradle.launcher.daemon.server.exec.EstablishBuildEnvironment.doBuild(EstablishBuildEnvironment.java:78)
	at org.gradle.launcher.daemon.server.exec.BuildCommandOnly.execute(BuildCommandOnly.java:37)
	at org.gradle.launcher.daemon.server.api.DaemonCommandExecution.proceed(DaemonCommandExecution.java:104)
	at org.gradle.launcher.daemon.server.exec.StartBuildOrRespondWithBusy$1.run(StartBuildOrRespondWithBusy.java:52)
	at org.gradle.launcher.daemon.server.DaemonStateCoordinator.lambda$runCommand$0(DaemonStateCoordinator.java:321)
	at org.gradle.internal.concurrent.ExecutorPolicy$CatchAndRecordFailures.onExecute(ExecutorPolicy.java:64)
	at org.gradle.internal.concurrent.AbstractManagedExecutor$1.run(AbstractManagedExecutor.java:48)
	at java.base/java.util.concurrent.ThreadPoolExecutor.runWorker(ThreadPoolExecutor.java:1136)
	at java.base/java.util.concurrent.ThreadPoolExecutor$Worker.run(ThreadPoolExecutor.java:635)
	at java.base/java.lang.Thread.run(Thread.java:840)
2025-05-27T09:45:45.705+0900 [DEBUG] [org.gradle.launcher.daemon.server.SynchronizedDispatchConnection] thread 70: dispatching Failure[value=net.rubygrapefruit.platform.NativeException: Could not set process working directory to '/Users/guddn/Desktop/KB_FullStack/04_DB/MongoDB': could not setcwd() (errno 2: No such file or directory)]
2025-05-27T09:45:45.709+0900 [DEBUG] [org.gradle.launcher.daemon.server.DefaultIncomingConnectionHandler] Finishing executing command: Build{id=2d33983f-72e2-42bb-b05f-0759632709db, currentDir=/Users/guddn/Desktop/KB_FullStack/04_DB/MongoDB}
2025-05-27T09:45:45.715+0900 [DEBUG] [org.gradle.launcher.daemon.server.SynchronizedDispatchConnection] thread 71: received class org.gradle.launcher.daemon.protocol.CloseInput
2025-05-27T09:45:45.715+0900 [DEBUG] [org.gradle.launcher.daemon.server.DefaultDaemonConnection] thread 71: Received IO message from client: org.gradle.launcher.daemon.protocol.CloseInput@1a36801
2025-05-27T09:45:45.715+0900 [DEBUG] [org.gradle.launcher.daemon.server.SynchronizedDispatchConnection] thread 71: received class org.gradle.launcher.daemon.protocol.Finished
2025-05-27T09:45:45.715+0900 [DEBUG] [org.gradle.launcher.daemon.server.DefaultDaemonConnection] thread 71: Received non-IO message from client: org.gradle.launcher.daemon.protocol.Finished@f649645
2025-05-27T09:45:45.715+0900 [DEBUG] [org.gradle.launcher.daemon.server.DefaultIncomingConnectionHandler] Received finished message: org.gradle.launcher.daemon.protocol.Finished@f649645
2025-05-27T09:45:45.715+0900 [DEBUG] [org.gradle.internal.remote.internal.inet.SocketConnection] Discarding EOFException: java.io.EOFException
2025-05-27T09:45:45.715+0900 [DEBUG] [org.gradle.launcher.daemon.server.SynchronizedDispatchConnection] thread 70: stopping connection
2025-05-27T09:45:45.715+0900 [DEBUG] [org.gradle.launcher.daemon.server.SynchronizedDispatchConnection] thread 71: received null
2025-05-27T09:45:45.716+0900 [DEBUG] [org.gradle.launcher.daemon.server.DefaultDaemonConnection] thread 71: Received end-of-input from client.
2025-05-27T09:45:45.716+0900 [DEBUG] [org.gradle.launcher.daemon.server.SynchronizedDispatchConnection] thread 70: stopping connection
2025-05-27T09:45:46.132+0900 [DEBUG] [org.gradle.internal.remote.internal.inet.TcpIncomingConnector] Accepted connection from /127.0.0.1:49542 to /127.0.0.1:49492.
2025-05-27T09:45:46.136+0900 [DEBUG] [org.gradle.launcher.daemon.server.SynchronizedDispatchConnection] thread 75: received class org.gradle.launcher.daemon.protocol.StopWhenIdle
2025-05-27T09:45:46.136+0900 [DEBUG] [org.gradle.launcher.daemon.server.DefaultDaemonConnection] thread 75: Received non-IO message from client: StopWhenIdle[id=a51eeb29-f2d7-4008-8dff-f85d88c81979]
2025-05-27T09:45:46.136+0900 [INFO] [org.gradle.launcher.daemon.server.DefaultIncomingConnectionHandler] Received command: StopWhenIdle[id=a51eeb29-f2d7-4008-8dff-f85d88c81979].
2025-05-27T09:45:46.136+0900 [DEBUG] [org.gradle.launcher.daemon.server.DefaultIncomingConnectionHandler] Starting executing command: StopWhenIdle[id=a51eeb29-f2d7-4008-8dff-f85d88c81979] with connection: socket connection from /127.0.0.1:49492 to /127.0.0.1:49542.
2025-05-27T09:45:46.136+0900 [DEBUG] [org.gradle.launcher.daemon.server.DaemonRegistryUpdater] Storing daemon stop event: stop command received
2025-05-27T09:45:46.136+0900 [DEBUG] [org.gradle.launcher.daemon.registry.PersistentDaemonRegistry] Storing daemon stop event with timestamp 1748306746137
2025-05-27T09:45:46.137+0900 [DEBUG] [org.gradle.cache.internal.DefaultFileLockManager] Waiting to acquire exclusive lock on daemon addresses registry.
2025-05-27T09:45:46.137+0900 [DEBUG] [org.gradle.cache.internal.DefaultFileLockManager] Lock acquired on daemon addresses registry.
2025-05-27T09:45:46.137+0900 [DEBUG] [org.gradle.cache.internal.DefaultFileLockManager] Releasing lock on daemon addresses registry.
2025-05-27T09:45:46.137+0900 [LIFECYCLE] [org.gradle.launcher.daemon.server.DaemonStateCoordinator] Daemon will be stopped at the end of the build stop command received
2025-05-27T09:45:46.137+0900 [DEBUG] [org.gradle.launcher.daemon.server.DaemonStateCoordinator] Marking daemon stopped due to stop command received. The daemon is not running a build
2025-05-27T09:45:46.137+0900 [DEBUG] [org.gradle.launcher.daemon.server.SynchronizedDispatchConnection] thread 70: dispatching Success[value=null]
2025-05-27T09:45:46.137+0900 [DEBUG] [org.gradle.launcher.daemon.server.DaemonStateCoordinator] daemon has stopped.
2025-05-27T09:45:46.138+0900 [DEBUG] [org.gradle.launcher.daemon.server.DefaultIncomingConnectionHandler] Finishing executing command: StopWhenIdle[id=a51eeb29-f2d7-4008-8dff-f85d88c81979]
2025-05-27T09:45:46.138+0900 [DEBUG] [org.gradle.launcher.daemon.server.SynchronizedDispatchConnection] thread 75: received class org.gradle.launcher.daemon.protocol.Finished
2025-05-27T09:45:46.138+0900 [DEBUG] [org.gradle.launcher.daemon.server.Daemon] stop() called on daemon
2025-05-27T09:45:46.138+0900 [DEBUG] [org.gradle.launcher.daemon.server.DefaultDaemonConnection] thread 75: Received non-IO message from client: org.gradle.launcher.daemon.protocol.Finished@72a92294
2025-05-27T09:45:46.138+0900 [INFO] [org.gradle.launcher.daemon.server.Daemon] Stop requested. Daemon is removing its presence from the registry...
2025-05-27T09:45:46.138+0900 [DEBUG] [org.gradle.internal.remote.internal.inet.SocketConnection] Discarding EOFException: java.io.EOFException
2025-05-27T09:45:46.138+0900 [DEBUG] [org.gradle.launcher.daemon.server.DefaultIncomingConnectionHandler] Received finished message: org.gradle.launcher.daemon.protocol.Finished@72a92294
2025-05-27T09:45:46.138+0900 [DEBUG] [org.gradle.launcher.daemon.server.SynchronizedDispatchConnection] thread 70: stopping connection
2025-05-27T09:45:46.138+0900 [DEBUG] [org.gradle.launcher.daemon.server.SynchronizedDispatchConnection] thread 75: received null
2025-05-27T09:45:46.138+0900 [DEBUG] [org.gradle.launcher.daemon.server.DaemonRegistryUpdater] Removing our presence to clients, eg. removing this address from the registry: [1aca2ff7-42af-47b3-a483-1953b4517a35 port:49492, addresses:[localhost/127.0.0.1]]
2025-05-27T09:45:46.138+0900 [DEBUG] [org.gradle.launcher.daemon.server.DefaultDaemonConnection] thread 75: Received end-of-input from client.
2025-05-27T09:45:46.138+0900 [DEBUG] [org.gradle.launcher.daemon.registry.PersistentDaemonRegistry] Removing daemon address: [1aca2ff7-42af-47b3-a483-1953b4517a35 port:49492, addresses:[localhost/127.0.0.1]]
2025-05-27T09:45:46.139+0900 [DEBUG] [org.gradle.launcher.daemon.server.SynchronizedDispatchConnection] thread 70: stopping connection
2025-05-27T09:45:46.139+0900 [DEBUG] [org.gradle.cache.internal.DefaultFileLockManager] Waiting to acquire exclusive lock on daemon addresses registry.
2025-05-27T09:45:46.139+0900 [DEBUG] [org.gradle.cache.internal.DefaultFileLockManager] Lock acquired on daemon addresses registry.
2025-05-27T09:45:46.139+0900 [DEBUG] [org.gradle.cache.internal.DefaultFileLockManager] Releasing lock on daemon addresses registry.
2025-05-27T09:45:46.139+0900 [DEBUG] [org.gradle.launcher.daemon.server.DaemonRegistryUpdater] Address removed from registry.
2025-05-27T09:45:46.141+0900 [DEBUG] [org.gradle.cache.internal.LockOnDemandCrossProcessCacheAccess] Releasing file lock for jars (/Users/guddn/Desktop/KB_FullStack/03_JAVA/caches/jars-9)
2025-05-27T09:45:46.141+0900 [DEBUG] [org.gradle.cache.internal.DefaultFileLockManager] Releasing lock on jars (/Users/guddn/Desktop/KB_FullStack/03_JAVA/caches/jars-9).
2025-05-27T09:45:46.141+0900 [DEBUG] [org.gradle.cache.internal.DefaultCacheCleanupExecutor] jars (/Users/guddn/Desktop/KB_FullStack/03_JAVA/caches/jars-9) has last been fully cleaned up 137 hours ago
2025-05-27T09:45:46.141+0900 [DEBUG] [org.gradle.internal.operations.DefaultBuildOperationRunner] Build operation 'Clean up jars (/Users/guddn/Desktop/KB_FullStack/03_JAVA/caches/jars-9)' started
2025-05-27T09:45:46.144+0900 [INFO] [org.gradle.cache.internal.AbstractCacheCleanup] jars (/Users/guddn/Desktop/KB_FullStack/03_JAVA/caches/jars-9) cleanup deleted 0 files/directories.
2025-05-27T09:45:46.144+0900 [INFO] [org.gradle.cache.internal.LeastRecentlyUsedCacheCleanup] jars (/Users/guddn/Desktop/KB_FullStack/03_JAVA/caches/jars-9) removing files not accessed on or after Tue May 20 09:45:46 KST 2025.
2025-05-27T09:45:46.146+0900 [INFO] [org.gradle.cache.internal.AbstractCacheCleanup] jars (/Users/guddn/Desktop/KB_FullStack/03_JAVA/caches/jars-9) cleanup deleted 0 files/directories.
2025-05-27T09:45:46.146+0900 [DEBUG] [org.gradle.internal.operations.DefaultBuildOperationRunner] Completing Build operation 'Clean up jars (/Users/guddn/Desktop/KB_FullStack/03_JAVA/caches/jars-9)'
2025-05-27T09:45:46.146+0900 [DEBUG] [org.gradle.internal.operations.DefaultBuildOperationRunner] Build operation 'Clean up jars (/Users/guddn/Desktop/KB_FullStack/03_JAVA/caches/jars-9)' completed
2025-05-27T09:45:46.147+0900 [INFO] [org.gradle.cache.internal.DefaultCacheCleanupExecutor] jars (/Users/guddn/Desktop/KB_FullStack/03_JAVA/caches/jars-9) cleaned up in 0.005 secs.
2025-05-27T09:45:46.147+0900 [DEBUG] [org.gradle.cache.internal.LockOnDemandCrossProcessCacheAccess] Releasing file lock for file content cache (/Users/guddn/Desktop/KB_FullStack/03_JAVA/caches/8.13/fileContent)
2025-05-27T09:45:46.147+0900 [DEBUG] [org.gradle.cache.internal.DefaultFileLockManager] Releasing lock on file content cache (/Users/guddn/Desktop/KB_FullStack/03_JAVA/caches/8.13/fileContent).
2025-05-27T09:45:46.148+0900 [DEBUG] [org.gradle.internal.watch.vfs.impl.WatchingVirtualFileSystem] Closing VFS, dropping state
2025-05-27T09:45:46.149+0900 [DEBUG] [org.gradle.internal.watch.registry.impl.DefaultFileWatcherRegistry] Finished listening to file system change events
2025-05-27T09:45:46.149+0900 [DEBUG] [org.gradle.cache.internal.DefaultCacheCoordinator] Cache Generated Gradle JARs cache (/Users/guddn/Desktop/KB_FullStack/03_JAVA/caches/8.13/generated-gradle-jars) was closed 0 times.
2025-05-27T09:45:46.149+0900 [DEBUG] [org.gradle.cache.internal.LockOnDemandCrossProcessCacheAccess] Releasing file lock for artifact cache (/Users/guddn/Desktop/KB_FullStack/03_JAVA/caches/modules-2)
2025-05-27T09:45:46.149+0900 [DEBUG] [org.gradle.cache.internal.DefaultFileLockManager] Releasing lock on artifact cache (/Users/guddn/Desktop/KB_FullStack/03_JAVA/caches/modules-2).
2025-05-27T09:45:46.149+0900 [DEBUG] [org.gradle.cache.internal.DefaultCacheCleanupExecutor] artifact cache (/Users/guddn/Desktop/KB_FullStack/03_JAVA/caches/modules-2) has last been fully cleaned up 137 hours ago
2025-05-27T09:45:46.149+0900 [DEBUG] [org.gradle.internal.operations.DefaultBuildOperationRunner] Build operation 'Clean up artifact cache (/Users/guddn/Desktop/KB_FullStack/03_JAVA/caches/modules-2)' started
2025-05-27T09:45:46.150+0900 [INFO] [org.gradle.cache.internal.AbstractCacheCleanup] artifact cache (/Users/guddn/Desktop/KB_FullStack/03_JAVA/caches/modules-2) cleanup deleted 0 files/directories.
2025-05-27T09:45:46.150+0900 [INFO] [org.gradle.cache.internal.AbstractCacheCleanup] artifact cache (/Users/guddn/Desktop/KB_FullStack/03_JAVA/caches/modules-2) [subdir: /Users/guddn/Desktop/KB_FullStack/03_JAVA/caches/modules-2/resources-2.1] cleanup deleted 0 files/directories.
2025-05-27T09:45:46.150+0900 [INFO] [org.gradle.cache.internal.LeastRecentlyUsedCacheCleanup] artifact cache (/Users/guddn/Desktop/KB_FullStack/03_JAVA/caches/modules-2) [subdir: /Users/guddn/Desktop/KB_FullStack/03_JAVA/caches/modules-2/resources-2.1] removing files not accessed on or after Sun Apr 27 09:45:46 KST 2025.
2025-05-27T09:45:46.151+0900 [INFO] [org.gradle.cache.internal.AbstractCacheCleanup] artifact cache (/Users/guddn/Desktop/KB_FullStack/03_JAVA/caches/modules-2) [subdir: /Users/guddn/Desktop/KB_FullStack/03_JAVA/caches/modules-2/resources-2.1] cleanup deleted 0 files/directories.
2025-05-27T09:45:46.151+0900 [INFO] [org.gradle.cache.internal.AbstractCacheCleanup] artifact cache (/Users/guddn/Desktop/KB_FullStack/03_JAVA/caches/modules-2) [subdir: /Users/guddn/Desktop/KB_FullStack/03_JAVA/caches/modules-2/files-2.1] cleanup deleted 0 files/directories.
2025-05-27T09:45:46.151+0900 [INFO] [org.gradle.cache.internal.LeastRecentlyUsedCacheCleanup] artifact cache (/Users/guddn/Desktop/KB_FullStack/03_JAVA/caches/modules-2) [subdir: /Users/guddn/Desktop/KB_FullStack/03_JAVA/caches/modules-2/files-2.1] removing files not accessed on or after Sun Apr 27 09:45:46 KST 2025.
2025-05-27T09:45:46.154+0900 [INFO] [org.gradle.cache.internal.AbstractCacheCleanup] artifact cache (/Users/guddn/Desktop/KB_FullStack/03_JAVA/caches/modules-2) [subdir: /Users/guddn/Desktop/KB_FullStack/03_JAVA/caches/modules-2/files-2.1] cleanup deleted 0 files/directories.
2025-05-27T09:45:46.154+0900 [INFO] [org.gradle.cache.internal.AbstractCacheCleanup] artifact cache (/Users/guddn/Desktop/KB_FullStack/03_JAVA/caches/modules-2) [subdir: /Users/guddn/Desktop/KB_FullStack/03_JAVA/caches/modules-2/metadata-2.107] cleanup deleted 0 files/directories.
2025-05-27T09:45:46.155+0900 [INFO] [org.gradle.cache.internal.AbstractCacheCleanup] artifact cache (/Users/guddn/Desktop/KB_FullStack/03_JAVA/caches/modules-2) cleanup deleted 0 files/directories.
2025-05-27T09:45:46.155+0900 [DEBUG] [org.gradle.internal.operations.DefaultBuildOperationRunner] Completing Build operation 'Clean up artifact cache (/Users/guddn/Desktop/KB_FullStack/03_JAVA/caches/modules-2)'
2025-05-27T09:45:46.155+0900 [DEBUG] [org.gradle.internal.operations.DefaultBuildOperationRunner] Build operation 'Clean up artifact cache (/Users/guddn/Desktop/KB_FullStack/03_JAVA/caches/modules-2)' completed
2025-05-27T09:45:46.155+0900 [INFO] [org.gradle.cache.internal.DefaultCacheCleanupExecutor] artifact cache (/Users/guddn/Desktop/KB_FullStack/03_JAVA/caches/modules-2) cleaned up in 0.005 secs.
2025-05-27T09:45:46.155+0900 [DEBUG] [org.gradle.cache.internal.DefaultCacheCleanupExecutor] groovy-dsl (/Users/guddn/Desktop/KB_FullStack/03_JAVA/caches/8.13/groovy-dsl) has last been fully cleaned up 137 hours ago
2025-05-27T09:45:46.155+0900 [DEBUG] [org.gradle.internal.operations.DefaultBuildOperationRunner] Build operation 'Clean up groovy-dsl (/Users/guddn/Desktop/KB_FullStack/03_JAVA/caches/8.13/groovy-dsl)' started
2025-05-27T09:45:46.155+0900 [INFO] [org.gradle.cache.internal.LeastRecentlyUsedCacheCleanup] groovy-dsl (/Users/guddn/Desktop/KB_FullStack/03_JAVA/caches/8.13/groovy-dsl) removing files not accessed on or after Tue May 20 09:45:46 KST 2025.
2025-05-27T09:45:46.156+0900 [INFO] [org.gradle.cache.internal.AbstractCacheCleanup] groovy-dsl (/Users/guddn/Desktop/KB_FullStack/03_JAVA/caches/8.13/groovy-dsl) cleanup deleted 0 files/directories.
2025-05-27T09:45:46.156+0900 [DEBUG] [org.gradle.internal.operations.DefaultBuildOperationRunner] Completing Build operation 'Clean up groovy-dsl (/Users/guddn/Desktop/KB_FullStack/03_JAVA/caches/8.13/groovy-dsl)'
2025-05-27T09:45:46.156+0900 [DEBUG] [org.gradle.internal.operations.DefaultBuildOperationRunner] Build operation 'Clean up groovy-dsl (/Users/guddn/Desktop/KB_FullStack/03_JAVA/caches/8.13/groovy-dsl)' completed
2025-05-27T09:45:46.156+0900 [INFO] [org.gradle.cache.internal.DefaultCacheCleanupExecutor] groovy-dsl (/Users/guddn/Desktop/KB_FullStack/03_JAVA/caches/8.13/groovy-dsl) cleaned up in 0.0 secs.
2025-05-27T09:45:46.156+0900 [DEBUG] [org.gradle.cache.internal.DefaultCacheCoordinator] Cache groovy-dsl (/Users/guddn/Desktop/KB_FullStack/03_JAVA/caches/8.13/groovy-dsl) was closed 0 times.
2025-05-27T09:45:46.156+0900 [DEBUG] [org.gradle.cache.internal.DefaultCacheCleanupExecutor] Artifact transforms cache (/Users/guddn/Desktop/KB_FullStack/03_JAVA/caches/8.13/transforms) has last been fully cleaned up 137 hours ago
2025-05-27T09:45:46.156+0900 [DEBUG] [org.gradle.internal.operations.DefaultBuildOperationRunner] Build operation 'Clean up Artifact transforms cache (/Users/guddn/Desktop/KB_FullStack/03_JAVA/caches/8.13/transforms)' started
2025-05-27T09:45:46.156+0900 [INFO] [org.gradle.cache.internal.LeastRecentlyUsedCacheCleanup] Artifact transforms cache (/Users/guddn/Desktop/KB_FullStack/03_JAVA/caches/8.13/transforms) removing files not accessed on or after Tue May 20 09:45:46 KST 2025.
2025-05-27T09:45:46.156+0900 [INFO] [org.gradle.cache.internal.AbstractCacheCleanup] Artifact transforms cache (/Users/guddn/Desktop/KB_FullStack/03_JAVA/caches/8.13/transforms) cleanup deleted 0 files/directories.
2025-05-27T09:45:46.156+0900 [DEBUG] [org.gradle.internal.operations.DefaultBuildOperationRunner] Completing Build operation 'Clean up Artifact transforms cache (/Users/guddn/Desktop/KB_FullStack/03_JAVA/caches/8.13/transforms)'
2025-05-27T09:45:46.156+0900 [DEBUG] [org.gradle.internal.operations.DefaultBuildOperationRunner] Build operation 'Clean up Artifact transforms cache (/Users/guddn/Desktop/KB_FullStack/03_JAVA/caches/8.13/transforms)' completed
2025-05-27T09:45:46.156+0900 [INFO] [org.gradle.cache.internal.DefaultCacheCleanupExecutor] Artifact transforms cache (/Users/guddn/Desktop/KB_FullStack/03_JAVA/caches/8.13/transforms) cleaned up in 0.0 secs.
2025-05-27T09:45:46.157+0900 [DEBUG] [org.gradle.cache.internal.DefaultCacheCoordinator] Cache Artifact transforms cache (/Users/guddn/Desktop/KB_FullStack/03_JAVA/caches/8.13/transforms) was closed 0 times.
2025-05-27T09:45:46.157+0900 [DEBUG] [org.gradle.cache.internal.LockOnDemandCrossProcessCacheAccess] Releasing file lock for journal cache (/Users/guddn/Desktop/KB_FullStack/03_JAVA/caches/journal-1)
2025-05-27T09:45:46.157+0900 [DEBUG] [org.gradle.cache.internal.btree.BTreePersistentIndexedCache] Closing cache file-access.bin (/Users/guddn/Desktop/KB_FullStack/03_JAVA/caches/journal-1/file-access.bin)
2025-05-27T09:45:46.157+0900 [DEBUG] [org.gradle.cache.internal.DefaultFileLockManager] Releasing lock on journal cache (/Users/guddn/Desktop/KB_FullStack/03_JAVA/caches/journal-1).
2025-05-27T09:45:46.158+0900 [DEBUG] [org.gradle.cache.internal.LockOnDemandCrossProcessCacheAccess] Releasing file lock for file hash cache (/Users/guddn/Desktop/KB_FullStack/03_JAVA/caches/8.13/fileHashes)
2025-05-27T09:45:46.158+0900 [DEBUG] [org.gradle.cache.internal.btree.BTreePersistentIndexedCache] Closing cache fileHashes.bin (/Users/guddn/Desktop/KB_FullStack/03_JAVA/caches/8.13/fileHashes/fileHashes.bin)
2025-05-27T09:45:46.158+0900 [DEBUG] [org.gradle.cache.internal.btree.BTreePersistentIndexedCache] Closing cache resourceHashesCache.bin (/Users/guddn/Desktop/KB_FullStack/03_JAVA/caches/8.13/fileHashes/resourceHashesCache.bin)
2025-05-27T09:45:46.158+0900 [DEBUG] [org.gradle.cache.internal.DefaultFileLockManager] Releasing lock on file hash cache (/Users/guddn/Desktop/KB_FullStack/03_JAVA/caches/8.13/fileHashes).
2025-05-27T09:45:46.159+0900 [DEBUG] [org.gradle.internal.operations.DefaultBuildOperationRunner] Build operation 'Deleting unused version-specific caches in /Users/guddn/Desktop/KB_FullStack/03_JAVA/caches' started
2025-05-27T09:45:46.160+0900 [DEBUG] [org.gradle.cache.internal.VersionSpecificCacheCleanupAction] Processed version-specific caches at /Users/guddn/Desktop/KB_FullStack/03_JAVA/caches for cleanup in 0.001 secs
2025-05-27T09:45:46.161+0900 [DEBUG] [org.gradle.internal.operations.DefaultBuildOperationRunner] Completing Build operation 'Deleting unused version-specific caches in /Users/guddn/Desktop/KB_FullStack/03_JAVA/caches'
2025-05-27T09:45:46.161+0900 [DEBUG] [org.gradle.internal.operations.DefaultBuildOperationRunner] Build operation 'Deleting unused version-specific caches in /Users/guddn/Desktop/KB_FullStack/03_JAVA/caches' completed
2025-05-27T09:45:46.161+0900 [DEBUG] [org.gradle.internal.operations.DefaultBuildOperationRunner] Build operation 'Deleting unused Gradle distributions in /Users/guddn/Desktop/KB_FullStack/03_JAVA/wrapper/dists' started
2025-05-27T09:45:46.162+0900 [DEBUG] [org.gradle.internal.operations.DefaultBuildOperationRunner] Completing Build operation 'Deleting unused Gradle distributions in /Users/guddn/Desktop/KB_FullStack/03_JAVA/wrapper/dists'
2025-05-27T09:45:46.162+0900 [DEBUG] [org.gradle.internal.operations.DefaultBuildOperationRunner] Build operation 'Deleting unused Gradle distributions in /Users/guddn/Desktop/KB_FullStack/03_JAVA/wrapper/dists' completed
2025-05-27T09:45:46.162+0900 [DEBUG] [org.gradle.launcher.daemon.server.Daemon] stop() called on daemon
2025-05-27T09:45:46.162+0900 [INFO] [org.gradle.launcher.daemon.server.Daemon] Stop requested. Daemon is removing its presence from the registry...
2025-05-27T09:45:46.162+0900 [DEBUG] [org.gradle.launcher.daemon.server.DaemonRegistryUpdater] Removing our presence to clients, eg. removing this address from the registry: [1aca2ff7-42af-47b3-a483-1953b4517a35 port:49492, addresses:[localhost/127.0.0.1]]
2025-05-27T09:45:46.162+0900 [DEBUG] [org.gradle.launcher.daemon.registry.PersistentDaemonRegistry] Removing daemon address: [1aca2ff7-42af-47b3-a483-1953b4517a35 port:49492, addresses:[localhost/127.0.0.1]]
2025-05-27T09:45:46.162+0900 [DEBUG] [org.gradle.cache.internal.DefaultFileLockManager] Waiting to acquire exclusive lock on daemon addresses registry.
2025-05-27T09:45:46.162+0900 [DEBUG] [org.gradle.cache.internal.DefaultFileLockManager] Lock acquired on daemon addresses registry.
2025-05-27T09:45:46.163+0900 [DEBUG] [org.gradle.cache.internal.DefaultFileLockManager] Releasing lock on daemon addresses registry.
2025-05-27T09:45:46.163+0900 [DEBUG] [org.gradle.launcher.daemon.server.DaemonRegistryUpdater] Address removed from registry.
2025-05-27T09:45:46.163+0900 [DEBUG] [org.gradle.cache.internal.locklistener.DefaultFileLockContentionHandler] File lock listener thread completed.
Daemon vm is shutting down... The daemon has exited normally or was terminated in response to a user interrupt.
2025-05-27T09:45:46.164+0900 [DEBUG] [org.gradle.launcher.daemon.registry.PersistentDaemonRegistry] Removing daemon address: [1aca2ff7-42af-47b3-a483-1953b4517a35 port:49492, addresses:[localhost/127.0.0.1]]
2025-05-27T09:45:46.164+0900 [DEBUG] [org.gradle.launcher.daemon.server.Daemon] VM shutdown hook was unable to remove the daemon address from the registry. It will be cleaned up later.
java.lang.IllegalStateException: Cannot start managing file contention because this handler has been closed.
	at org.gradle.cache.internal.locklistener.DefaultFileLockContentionHandler.assertNotStopped(DefaultFileLockContentionHandler.java:248)
	at org.gradle.cache.internal.locklistener.DefaultFileLockContentionHandler.reservePort(DefaultFileLockContentionHandler.java:286)
	at org.gradle.cache.internal.DefaultFileLockManager.lock(DefaultFileLockManager.java:124)
	at org.gradle.cache.internal.DefaultFileLockManager.lock(DefaultFileLockManager.java:106)
	at org.gradle.cache.internal.DefaultFileLockManager.lock(DefaultFileLockManager.java:101)
	at org.gradle.cache.internal.OnDemandFileAccess.updateFile(OnDemandFileAccess.java:51)
	at org.gradle.cache.internal.FileBackedObjectHolder.update(FileBackedObjectHolder.java:77)
	at org.gradle.cache.internal.FileIntegrityViolationSuppressingObjectHolderDecorator.lambda$update$0(FileIntegrityViolationSuppressingObjectHolderDecorator.java:48)
	at org.gradle.cache.internal.FileIntegrityViolationSuppressingObjectHolderDecorator.doUpdate(FileIntegrityViolationSuppressingObjectHolderDecorator.java:58)
	at org.gradle.cache.internal.FileIntegrityViolationSuppressingObjectHolderDecorator.update(FileIntegrityViolationSuppressingObjectHolderDecorator.java:48)
	at org.gradle.launcher.daemon.registry.PersistentDaemonRegistry.remove(PersistentDaemonRegistry.java:133)
	at org.gradle.launcher.daemon.server.Daemon$1.run(Daemon.java:133)
	at java.base/java.lang.Thread.run(Thread.java:840)
